[2021-10-21T11:07:25.865] [INFO] db - sql Executing (default): DROP TABLE IF EXISTS `lc_user`;
[2021-10-21T11:07:26.762] [INFO] db - sql Executing (default): DROP TABLE IF EXISTS `lc_user`;
[2021-10-21T11:07:26.996] [INFO] db - sql Executing (default): CREATE TABLE IF NOT EXISTS `lc_user` (`id` INTEGER NOT NULL auto_increment , `username` VARCHAR(255) NOT NULL UNIQUE COMMENT '用户名', `password` CHAR(64) NOT NULL COMMENT '用户密码', `is_admin` TINYINT(1) NOT NULL DEFAULT 0 COMMENT '是否为管理员（0：不是管理员(默认) ， 1：是管理员）', `created_at` DATETIME NOT NULL, `updated_at` DATETIME NOT NULL, `deleted_at` DATETIME, PRIMARY KEY (`id`)) ENGINE=InnoDB;
[2021-10-21T11:07:27.882] [INFO] db - sql Executing (default): SHOW INDEX FROM `lc_user`
[2021-10-21T15:40:33.884] [INFO] db - sql Executing (default): DROP TABLE IF EXISTS `lc_user`;
[2021-10-21T15:40:34.803] [INFO] db - sql Executing (default): DROP TABLE IF EXISTS `lc_user`;
[2021-10-21T15:40:34.875] [INFO] db - sql Executing (default): CREATE TABLE IF NOT EXISTS `lc_user` (`id` INTEGER NOT NULL auto_increment , `username` VARCHAR(255) NOT NULL UNIQUE COMMENT '用户名', `password` CHAR(64) NOT NULL COMMENT '用户密码', `is_admin` TINYINT(1) NOT NULL DEFAULT 0 COMMENT '是否为管理员（0：不是管理员(默认) ， 1：是管理员）', `created_at` DATETIME NOT NULL, `updated_at` DATETIME NOT NULL, `deleted_at` DATETIME, PRIMARY KEY (`id`)) ENGINE=InnoDB;
[2021-10-21T15:40:35.642] [INFO] db - sql Executing (default): SHOW INDEX FROM `lc_user`
[2021-10-21T15:41:06.686] [INFO] db - sql Executing (default): DROP TABLE IF EXISTS `lc_user`;
[2021-10-21T15:41:07.196] [INFO] db - sql Executing (default): CREATE TABLE IF NOT EXISTS `lc_user` (`id` INTEGER NOT NULL auto_increment , `username` VARCHAR(255) NOT NULL UNIQUE COMMENT '用户名', `password` CHAR(64) NOT NULL COMMENT '用户密码', `is_admin` TINYINT(1) NOT NULL DEFAULT 0 COMMENT '是否为管理员（0：不是管理员(默认) ， 1：是管理员）', `created_at` DATETIME NOT NULL, `updated_at` DATETIME NOT NULL, `deleted_at` DATETIME, PRIMARY KEY (`id`)) ENGINE=InnoDB;
[2021-10-21T15:41:07.938] [INFO] db - sql Executing (default): SHOW INDEX FROM `lc_user`
[2021-10-21T15:43:46.450] [INFO] db - sql Executing (default): DROP TABLE IF EXISTS `lc_user`;
[2021-10-21T15:43:46.870] [INFO] db - sql Executing (default): CREATE TABLE IF NOT EXISTS `lc_user` (`id` INTEGER NOT NULL auto_increment , `username` VARCHAR(255) NOT NULL UNIQUE COMMENT '用户名', `password` CHAR(64) NOT NULL COMMENT '用户密码', `is_admin` TINYINT(1) NOT NULL DEFAULT 0 COMMENT '是否为管理员（0：不是管理员(默认) ， 1：是管理员）', `created_at` DATETIME NOT NULL, `updated_at` DATETIME NOT NULL, `deleted_at` DATETIME, PRIMARY KEY (`id`)) ENGINE=InnoDB;
[2021-10-21T15:43:47.952] [INFO] db - sql Executing (default): SHOW INDEX FROM `lc_user`
[2021-10-21T15:43:59.071] [INFO] db - sql Executing (default): DROP TABLE IF EXISTS `lc_user`;
[2021-10-21T15:43:59.359] [INFO] db - sql Executing (default): CREATE TABLE IF NOT EXISTS `lc_user` (`id` INTEGER NOT NULL auto_increment , `username` VARCHAR(255) NOT NULL UNIQUE COMMENT '用户名', `password` CHAR(64) NOT NULL COMMENT '用户密码', `is_admin` TINYINT(1) NOT NULL DEFAULT 0 COMMENT '是否为管理员（0：不是管理员(默认) ， 1：是管理员）', `created_at` DATETIME NOT NULL, `updated_at` DATETIME NOT NULL, `deleted_at` DATETIME, PRIMARY KEY (`id`)) ENGINE=InnoDB;
[2021-10-21T15:44:00.950] [INFO] db - sql Executing (default): SHOW INDEX FROM `lc_user`
[2021-10-21T15:44:20.675] [INFO] db - sql Executing (default): DROP TABLE IF EXISTS `lc_user`;
[2021-10-21T15:44:20.969] [INFO] db - sql Executing (default): CREATE TABLE IF NOT EXISTS `lc_user` (`id` INTEGER NOT NULL auto_increment , `username` VARCHAR(255) NOT NULL UNIQUE COMMENT '用户名', `password` CHAR(64) NOT NULL COMMENT '用户密码', `is_admin` TINYINT(1) NOT NULL DEFAULT 0 COMMENT '是否为管理员（0：不是管理员(默认) ， 1：是管理员）', `created_at` DATETIME NOT NULL, `updated_at` DATETIME NOT NULL, `deleted_at` DATETIME, PRIMARY KEY (`id`)) ENGINE=InnoDB;
[2021-10-21T15:44:22.305] [INFO] db - sql Executing (default): SHOW INDEX FROM `lc_user`
[2021-10-21T15:44:52.008] [INFO] db - sql Executing (default): DROP TABLE IF EXISTS `lc_user`;
[2021-10-21T15:44:52.461] [INFO] db - sql Executing (default): CREATE TABLE IF NOT EXISTS `lc_user` (`id` INTEGER NOT NULL auto_increment , `username` VARCHAR(255) NOT NULL UNIQUE COMMENT '用户名', `password` CHAR(64) NOT NULL COMMENT '用户密码', `is_admin` TINYINT(1) NOT NULL DEFAULT 0 COMMENT '是否为管理员（0：不是管理员(默认) ， 1：是管理员）', `created_at` DATETIME NOT NULL, `updated_at` DATETIME NOT NULL, `deleted_at` DATETIME, PRIMARY KEY (`id`)) ENGINE=InnoDB;
[2021-10-21T15:44:53.402] [INFO] db - sql Executing (default): SHOW INDEX FROM `lc_user`
[2021-10-21T15:46:20.228] [INFO] db - sql Executing (default): DROP TABLE IF EXISTS `lc_user`;
[2021-10-21T15:46:20.565] [INFO] db - sql Executing (default): CREATE TABLE IF NOT EXISTS `lc_user` (`id` INTEGER NOT NULL auto_increment , `username` VARCHAR(255) NOT NULL UNIQUE COMMENT '用户名', `password` CHAR(64) NOT NULL COMMENT '用户密码', `is_admin` TINYINT(1) NOT NULL DEFAULT 0 COMMENT '是否为管理员（0：不是管理员(默认) ， 1：是管理员）', `created_at` DATETIME NOT NULL, `updated_at` DATETIME NOT NULL, `deleted_at` DATETIME, PRIMARY KEY (`id`)) ENGINE=InnoDB;
[2021-10-21T15:46:20.899] [INFO] db - sql Executing (default): SHOW INDEX FROM `lc_user`
[2021-10-21T15:46:22.363] [INFO] db - sql Executing (default): DROP TABLE IF EXISTS `lc_user`;
[2021-10-21T15:46:22.892] [INFO] db - sql Executing (default): CREATE TABLE IF NOT EXISTS `lc_user` (`id` INTEGER NOT NULL auto_increment , `username` VARCHAR(255) NOT NULL UNIQUE COMMENT '用户名', `password` CHAR(64) NOT NULL COMMENT '用户密码', `is_admin` TINYINT(1) NOT NULL DEFAULT 0 COMMENT '是否为管理员（0：不是管理员(默认) ， 1：是管理员）', `created_at` DATETIME NOT NULL, `updated_at` DATETIME NOT NULL, `deleted_at` DATETIME, PRIMARY KEY (`id`)) ENGINE=InnoDB;
[2021-10-21T15:46:23.256] [INFO] db - sql Executing (default): SHOW INDEX FROM `lc_user`
[2021-10-21T15:47:34.378] [INFO] db - sql Executing (default): INSERT INTO `lc_user` (`id`,`username`,`password`,`is_admin`,`created_at`,`updated_at`) VALUES (DEFAULT,?,?,?,?,?);
[2021-10-21T15:47:57.268] [INFO] db - sql Executing (default): INSERT INTO `lc_user` (`id`,`username`,`password`,`is_admin`,`created_at`,`updated_at`) VALUES (DEFAULT,?,?,?,?,?);
[2021-10-21T15:48:02.873] [INFO] db - sql Executing (default): INSERT INTO `lc_user` (`id`,`username`,`password`,`is_admin`,`created_at`,`updated_at`) VALUES (DEFAULT,?,?,?,?,?);
[2021-10-21T15:49:47.428] [INFO] db - sql Executing (default): DROP TABLE IF EXISTS `lc_user`;
[2021-10-21T15:49:47.688] [INFO] db - sql Executing (default): CREATE TABLE IF NOT EXISTS `lc_user` (`id` INTEGER NOT NULL auto_increment , `username` VARCHAR(255) NOT NULL UNIQUE COMMENT '用户名', `password` CHAR(64) NOT NULL COMMENT '用户密码', `is_admin` TINYINT(1) NOT NULL DEFAULT 0 COMMENT '是否为管理员（0：不是管理员(默认) ， 1：是管理员）', `created_at` DATETIME NOT NULL, `updated_at` DATETIME NOT NULL, `deleted_at` DATETIME, PRIMARY KEY (`id`)) ENGINE=InnoDB;
[2021-10-21T15:49:49.217] [INFO] db - sql Executing (default): SHOW INDEX FROM `lc_user`
[2021-10-21T15:49:51.169] [INFO] db - sql Executing (default): DROP TABLE IF EXISTS `lc_user`;
[2021-10-21T15:49:52.090] [INFO] db - sql Executing (default): CREATE TABLE IF NOT EXISTS `lc_user` (`id` INTEGER NOT NULL auto_increment , `username` VARCHAR(255) NOT NULL UNIQUE COMMENT '用户名', `password` CHAR(64) NOT NULL COMMENT '用户密码', `is_admin` TINYINT(1) NOT NULL DEFAULT 0 COMMENT '是否为管理员（0：不是管理员(默认) ， 1：是管理员）', `created_at` DATETIME NOT NULL, `updated_at` DATETIME NOT NULL, `deleted_at` DATETIME, PRIMARY KEY (`id`)) ENGINE=InnoDB;
[2021-10-21T15:49:53.394] [INFO] db - sql Executing (default): INSERT INTO `lc_user` (`id`,`username`,`password`,`is_admin`,`created_at`,`updated_at`) VALUES (DEFAULT,?,?,?,?,?);
[2021-10-21T15:49:53.578] [INFO] db - sql Executing (default): SHOW INDEX FROM `lc_user`
[2021-10-21T15:50:03.545] [INFO] db - sql Executing (default): DROP TABLE IF EXISTS `lc_user`;
[2021-10-21T15:50:04.068] [INFO] db - sql Executing (default): CREATE TABLE IF NOT EXISTS `lc_user` (`id` INTEGER NOT NULL auto_increment , `username` VARCHAR(255) NOT NULL UNIQUE COMMENT '用户名', `password` CHAR(64) NOT NULL COMMENT '用户密码', `is_admin` TINYINT(1) NOT NULL DEFAULT 0 COMMENT '是否为管理员（0：不是管理员(默认) ， 1：是管理员）', `created_at` DATETIME NOT NULL, `updated_at` DATETIME NOT NULL, `deleted_at` DATETIME, PRIMARY KEY (`id`)) ENGINE=InnoDB;
[2021-10-21T15:50:04.931] [INFO] db - sql Executing (default): SHOW INDEX FROM `lc_user`
[2021-10-21T15:50:09.644] [INFO] db - sql Executing (default): DROP TABLE IF EXISTS `lc_user`;
[2021-10-21T15:50:10.025] [INFO] db - sql Executing (default): CREATE TABLE IF NOT EXISTS `lc_user` (`id` INTEGER NOT NULL auto_increment , `username` VARCHAR(255) NOT NULL UNIQUE COMMENT '用户名', `password` CHAR(64) NOT NULL COMMENT '用户密码', `is_admin` TINYINT(1) NOT NULL DEFAULT 0 COMMENT '是否为管理员（0：不是管理员(默认) ， 1：是管理员）', `created_at` DATETIME NOT NULL, `updated_at` DATETIME NOT NULL, `deleted_at` DATETIME, PRIMARY KEY (`id`)) ENGINE=InnoDB;
[2021-10-21T15:50:10.463] [INFO] db - sql Executing (default): SHOW INDEX FROM `lc_user`
[2021-10-21T15:50:14.026] [INFO] db - sql Executing (default): DROP TABLE IF EXISTS `lc_user`;
[2021-10-21T15:50:14.320] [INFO] db - sql Executing (default): CREATE TABLE IF NOT EXISTS `lc_user` (`id` INTEGER NOT NULL auto_increment , `username` VARCHAR(255) NOT NULL UNIQUE COMMENT '用户名', `password` CHAR(64) NOT NULL COMMENT '用户密码', `is_admin` TINYINT(1) NOT NULL DEFAULT 0 COMMENT '是否为管理员（0：不是管理员(默认) ， 1：是管理员）', `created_at` DATETIME NOT NULL, `updated_at` DATETIME NOT NULL, `deleted_at` DATETIME, PRIMARY KEY (`id`)) ENGINE=InnoDB;
[2021-10-21T15:50:15.133] [INFO] db - sql Executing (default): INSERT INTO `lc_user` (`id`,`username`,`password`,`is_admin`,`created_at`,`updated_at`) VALUES (DEFAULT,?,?,?,?,?);
[2021-10-21T15:50:15.560] [INFO] db - sql Executing (default): SHOW INDEX FROM `lc_user`
[2021-10-21T15:51:14.150] [INFO] db - sql Executing (default): INSERT INTO `lc_user` (`id`,`username`,`password`,`is_admin`,`created_at`,`updated_at`) VALUES (DEFAULT,?,?,?,?,?);
[2021-10-21T15:51:23.613] [INFO] db - sql Executing (default): DROP TABLE IF EXISTS `lc_user`;
[2021-10-21T15:51:24.427] [INFO] db - sql Executing (default): CREATE TABLE IF NOT EXISTS `lc_user` (`id` INTEGER NOT NULL auto_increment , `username` VARCHAR(255) NOT NULL UNIQUE COMMENT '用户名', `password` CHAR(64) NOT NULL COMMENT '用户密码', `is_admin` TINYINT(1) NOT NULL DEFAULT 0 COMMENT '是否为管理员（0：不是管理员(默认) ， 1：是管理员）', `created_at` DATETIME NOT NULL, `updated_at` DATETIME NOT NULL, `deleted_at` DATETIME, PRIMARY KEY (`id`)) ENGINE=InnoDB;
[2021-10-21T15:51:25.199] [INFO] db - sql Executing (default): SHOW INDEX FROM `lc_user`
[2021-10-21T15:51:25.352] [INFO] db - sql Executing (default): INSERT INTO `lc_user` (`id`,`username`,`password`,`is_admin`,`created_at`,`updated_at`) VALUES (DEFAULT,?,?,?,?,?);
[2021-10-21T15:51:33.922] [INFO] db - sql Executing (default): INSERT INTO `lc_user` (`id`,`username`,`password`,`is_admin`,`created_at`,`updated_at`) VALUES (DEFAULT,?,?,?,?,?);
[2021-10-21T15:51:34.671] [INFO] db - sql Executing (default): INSERT INTO `lc_user` (`id`,`username`,`password`,`is_admin`,`created_at`,`updated_at`) VALUES (DEFAULT,?,?,?,?,?);
[2021-10-21T15:51:42.216] [INFO] db - sql Executing (default): INSERT INTO `lc_user` (`id`,`username`,`password`,`is_admin`,`created_at`,`updated_at`) VALUES (DEFAULT,?,?,?,?,?);
[2021-10-21T15:52:00.853] [INFO] db - sql Executing (default): INSERT INTO `lc_user` (`id`,`username`,`password`,`is_admin`,`created_at`,`updated_at`) VALUES (DEFAULT,?,?,?,?,?);
[2021-10-21T16:06:57.229] [INFO] db - sql Executing (default): DROP TABLE IF EXISTS `lc_user`;
[2021-10-21T16:06:57.984] [INFO] db - sql Executing (default): CREATE TABLE IF NOT EXISTS `lc_user` (`id` INTEGER NOT NULL auto_increment , `username` VARCHAR(255) NOT NULL UNIQUE COMMENT '用户名', `password` CHAR(64) NOT NULL COMMENT '用户密码', `is_admin` TINYINT(1) NOT NULL DEFAULT 0 COMMENT '是否为管理员（0：不是管理员(默认) ， 1：是管理员）', `created_at` DATETIME NOT NULL, `updated_at` DATETIME NOT NULL, `deleted_at` DATETIME, PRIMARY KEY (`id`)) ENGINE=InnoDB;
[2021-10-21T16:06:58.391] [INFO] db - sql Executing (default): SHOW INDEX FROM `lc_user`
[2021-10-21T16:07:03.411] [INFO] db - sql Executing (default): INSERT INTO `lc_user` (`id`,`username`,`password`,`is_admin`,`created_at`,`updated_at`) VALUES (DEFAULT,?,?,?,?,?);
[2021-10-21T16:07:07.873] [INFO] db - sql Executing (default): INSERT INTO `lc_user` (`id`,`username`,`password`,`is_admin`,`created_at`,`updated_at`) VALUES (DEFAULT,?,?,?,?,?);
[2021-10-21T16:07:10.132] [INFO] db - sql Executing (default): INSERT INTO `lc_user` (`id`,`username`,`password`,`is_admin`,`created_at`,`updated_at`) VALUES (DEFAULT,?,?,?,?,?);
[2021-10-21T16:08:34.616] [INFO] db - sql Executing (default): DROP TABLE IF EXISTS `lc_user`;
[2021-10-21T16:08:35.000] [INFO] db - sql Executing (default): CREATE TABLE IF NOT EXISTS `lc_user` (`id` INTEGER NOT NULL auto_increment , `username` VARCHAR(255) NOT NULL UNIQUE COMMENT '用户名', `password` CHAR(64) NOT NULL COMMENT '用户密码', `is_admin` TINYINT(1) NOT NULL DEFAULT 0 COMMENT '是否为管理员（0：不是管理员(默认) ， 1：是管理员）', `created_at` DATETIME NOT NULL, `updated_at` DATETIME NOT NULL, `deleted_at` DATETIME, PRIMARY KEY (`id`)) ENGINE=InnoDB;
[2021-10-21T16:08:35.456] [INFO] db - sql Executing (default): SHOW INDEX FROM `lc_user`
[2021-10-21T16:08:53.870] [INFO] db - sql Executing (default): DROP TABLE IF EXISTS `lc_user`;
[2021-10-21T16:08:54.523] [INFO] db - sql Executing (default): CREATE TABLE IF NOT EXISTS `lc_user` (`id` INTEGER NOT NULL auto_increment , `username` VARCHAR(255) NOT NULL UNIQUE COMMENT '用户名', `password` CHAR(64) NOT NULL COMMENT '用户密码', `is_admin` TINYINT(1) NOT NULL DEFAULT 0 COMMENT '是否为管理员（0：不是管理员(默认) ， 1：是管理员）', `created_at` DATETIME NOT NULL, `updated_at` DATETIME NOT NULL, `deleted_at` DATETIME, PRIMARY KEY (`id`)) ENGINE=InnoDB;
[2021-10-21T16:08:56.551] [INFO] db - sql Executing (default): SHOW INDEX FROM `lc_user`
[2021-10-21T16:08:57.351] [INFO] db - sql Executing (default): INSERT INTO `lc_user` (`id`,`username`,`password`,`is_admin`,`created_at`,`updated_at`) VALUES (DEFAULT,?,?,?,?,?);
[2021-10-21T16:12:14.771] [INFO] db - sql Executing (default): INSERT INTO `lc_user` (`id`,`username`,`password`,`is_admin`,`created_at`,`updated_at`) VALUES (DEFAULT,?,?,?,?,?);
[2021-10-21T16:14:14.352] [INFO] db - sql Executing (default): DROP TABLE IF EXISTS `lc_user`;
[2021-10-21T16:14:16.757] [INFO] db - sql Executing (default): CREATE TABLE IF NOT EXISTS `lc_user` (`id` INTEGER NOT NULL auto_increment , `username` VARCHAR(255) NOT NULL UNIQUE COMMENT '用户名', `password` CHAR(64) NOT NULL COMMENT '用户密码', `is_admin` TINYINT(1) NOT NULL DEFAULT 0 COMMENT '是否为管理员（0：不是管理员(默认) ， 1：是管理员）', `created_at` DATETIME NOT NULL, `updated_at` DATETIME NOT NULL, `deleted_at` DATETIME, PRIMARY KEY (`id`)) ENGINE=InnoDB;
[2021-10-21T16:14:17.915] [INFO] db - sql Executing (default): SHOW INDEX FROM `lc_user`
[2021-10-21T16:55:18.741] [INFO] db - sql Executing (default): DROP TABLE IF EXISTS `lc_user`;
[2021-10-21T16:55:19.034] [INFO] db - sql Executing (default): CREATE TABLE IF NOT EXISTS `lc_user` (`id` INTEGER NOT NULL auto_increment , `username` VARCHAR(255) NOT NULL UNIQUE COMMENT '用户名', `password` CHAR(64) NOT NULL COMMENT '用户密码', `is_admin` TINYINT(1) NOT NULL DEFAULT 0 COMMENT '是否为管理员（0：不是管理员(默认) ， 1：是管理员）', `created_at` DATETIME NOT NULL, `updated_at` DATETIME NOT NULL, `deleted_at` DATETIME, PRIMARY KEY (`id`)) ENGINE=InnoDB;
[2021-10-21T16:55:19.734] [INFO] db - sql Executing (default): SHOW INDEX FROM `lc_user`
[2021-10-21T16:55:29.315] [INFO] db - sql Executing (default): DROP TABLE IF EXISTS `lc_user`;
[2021-10-21T16:55:29.952] [INFO] db - sql Executing (default): CREATE TABLE IF NOT EXISTS `lc_user` (`id` INTEGER NOT NULL auto_increment , `username` VARCHAR(255) NOT NULL UNIQUE COMMENT '用户名', `password` CHAR(64) NOT NULL COMMENT '用户密码', `is_admin` TINYINT(1) NOT NULL DEFAULT 0 COMMENT '是否为管理员（0：不是管理员(默认) ， 1：是管理员）', `created_at` DATETIME NOT NULL, `updated_at` DATETIME NOT NULL, `deleted_at` DATETIME, PRIMARY KEY (`id`)) ENGINE=InnoDB;
[2021-10-21T16:55:30.754] [INFO] db - sql Executing (default): SHOW INDEX FROM `lc_user`
[2021-10-21T16:56:37.191] [INFO] db - sql Executing (default): DROP TABLE IF EXISTS `lc_user`;
[2021-10-21T16:56:37.653] [INFO] db - sql Executing (default): CREATE TABLE IF NOT EXISTS `lc_user` (`id` INTEGER NOT NULL auto_increment , `username` VARCHAR(255) NOT NULL UNIQUE COMMENT '用户名', `password` CHAR(64) NOT NULL COMMENT '用户密码', `is_admin` TINYINT(1) NOT NULL DEFAULT 0 COMMENT '是否为管理员（0：不是管理员(默认) ， 1：是管理员）', `created_at` DATETIME NOT NULL, `updated_at` DATETIME NOT NULL, `deleted_at` DATETIME, PRIMARY KEY (`id`)) ENGINE=InnoDB;
[2021-10-21T16:56:38.333] [INFO] db - sql Executing (default): SHOW INDEX FROM `lc_user`
[2021-10-21T16:59:14.157] [INFO] db - sql Executing (default): DROP TABLE IF EXISTS `lc_user`;
[2021-10-21T16:59:15.186] [INFO] db - sql Executing (default): CREATE TABLE IF NOT EXISTS `lc_user` (`id` INTEGER NOT NULL auto_increment , `username` VARCHAR(255) NOT NULL UNIQUE COMMENT '用户名', `password` CHAR(64) NOT NULL COMMENT '用户密码', `is_admin` TINYINT(1) NOT NULL DEFAULT 0 COMMENT '是否为管理员（0：不是管理员(默认) ， 1：是管理员）', `created_at` DATETIME NOT NULL, `updated_at` DATETIME NOT NULL, `deleted_at` DATETIME, PRIMARY KEY (`id`)) ENGINE=InnoDB;
[2021-10-21T16:59:16.324] [INFO] db - sql Executing (default): DROP TABLE IF EXISTS `lc_user`;
[2021-10-21T16:59:16.833] [INFO] db - sql Executing (default): CREATE TABLE IF NOT EXISTS `lc_user` (`id` INTEGER NOT NULL auto_increment , `username` VARCHAR(255) NOT NULL UNIQUE COMMENT '用户名', `password` CHAR(64) NOT NULL COMMENT '用户密码', `is_admin` TINYINT(1) NOT NULL DEFAULT 0 COMMENT '是否为管理员（0：不是管理员(默认) ， 1：是管理员）', `created_at` DATETIME NOT NULL, `updated_at` DATETIME NOT NULL, `deleted_at` DATETIME, PRIMARY KEY (`id`)) ENGINE=InnoDB;
[2021-10-21T16:59:17.897] [INFO] db - sql Executing (default): DROP TABLE IF EXISTS `lc_user`;
[2021-10-21T16:59:18.136] [INFO] db - sql Executing (default): CREATE TABLE IF NOT EXISTS `lc_user` (`id` INTEGER NOT NULL auto_increment , `username` VARCHAR(255) NOT NULL UNIQUE COMMENT '用户名', `password` CHAR(64) NOT NULL COMMENT '用户密码', `is_admin` TINYINT(1) NOT NULL DEFAULT 0 COMMENT '是否为管理员（0：不是管理员(默认) ， 1：是管理员）', `created_at` DATETIME NOT NULL, `updated_at` DATETIME NOT NULL, `deleted_at` DATETIME, PRIMARY KEY (`id`)) ENGINE=InnoDB;
[2021-10-21T16:59:18.466] [INFO] db - sql Executing (default): SHOW INDEX FROM `lc_user`
[2021-10-21T16:59:39.431] [INFO] db - sql Executing (default): DROP TABLE IF EXISTS `lc_user`;
[2021-10-21T16:59:40.176] [INFO] db - sql Executing (default): CREATE TABLE IF NOT EXISTS `lc_user` (`id` INTEGER NOT NULL auto_increment , `username` VARCHAR(255) NOT NULL UNIQUE COMMENT '用户名', `password` CHAR(64) NOT NULL COMMENT '用户密码', `is_admin` TINYINT(1) NOT NULL DEFAULT 0 COMMENT '是否为管理员（0：不是管理员(默认) ， 1：是管理员）', `created_at` DATETIME NOT NULL, `updated_at` DATETIME NOT NULL, `deleted_at` DATETIME, PRIMARY KEY (`id`)) ENGINE=InnoDB;
[2021-10-21T16:59:41.360] [INFO] db - sql Executing (default): SHOW INDEX FROM `lc_user`
[2021-10-21T16:59:58.996] [INFO] db - sql Executing (default): DROP TABLE IF EXISTS `lc_user`;
[2021-10-21T16:59:59.308] [INFO] db - sql Executing (default): CREATE TABLE IF NOT EXISTS `lc_user` (`id` INTEGER NOT NULL auto_increment , `username` VARCHAR(255) NOT NULL UNIQUE COMMENT '用户名', `password` CHAR(64) NOT NULL COMMENT '用户密码', `is_admin` TINYINT(1) NOT NULL DEFAULT 0 COMMENT '是否为管理员（0：不是管理员(默认) ， 1：是管理员）', `created_at` DATETIME NOT NULL, `updated_at` DATETIME NOT NULL, `deleted_at` DATETIME, PRIMARY KEY (`id`)) ENGINE=InnoDB;
[2021-10-21T16:59:59.791] [INFO] db - sql Executing (default): SHOW INDEX FROM `lc_user`
[2021-10-21T17:00:06.959] [INFO] db - sql Executing (default): DROP TABLE IF EXISTS `lc_user`;
[2021-10-21T17:00:08.323] [INFO] db - sql Executing (default): CREATE TABLE IF NOT EXISTS `lc_user` (`id` INTEGER NOT NULL auto_increment , `username` VARCHAR(255) NOT NULL UNIQUE COMMENT '用户名', `password` CHAR(64) NOT NULL COMMENT '用户密码', `is_admin` TINYINT(1) NOT NULL DEFAULT 0 COMMENT '是否为管理员（0：不是管理员(默认) ， 1：是管理员）', `created_at` DATETIME NOT NULL, `updated_at` DATETIME NOT NULL, `deleted_at` DATETIME, PRIMARY KEY (`id`)) ENGINE=InnoDB;
[2021-10-21T17:00:08.939] [INFO] db - sql Executing (default): SHOW INDEX FROM `lc_user`
[2021-10-21T17:00:24.237] [INFO] db - sql Executing (default): DROP TABLE IF EXISTS `lc_user`;
[2021-10-21T17:00:24.630] [INFO] db - sql Executing (default): CREATE TABLE IF NOT EXISTS `lc_user` (`id` INTEGER NOT NULL auto_increment , `username` VARCHAR(255) NOT NULL UNIQUE COMMENT '用户名', `password` CHAR(64) NOT NULL COMMENT '用户密码', `is_admin` TINYINT(1) NOT NULL DEFAULT 0 COMMENT '是否为管理员（0：不是管理员(默认) ， 1：是管理员）', `created_at` DATETIME NOT NULL, `updated_at` DATETIME NOT NULL, `deleted_at` DATETIME, PRIMARY KEY (`id`)) ENGINE=InnoDB;
[2021-10-21T17:00:25.870] [INFO] db - sql Executing (default): SHOW INDEX FROM `lc_user`
[2021-10-21T17:07:28.834] [INFO] db - sql Executing (default): DROP TABLE IF EXISTS `lc_user`;
[2021-10-21T17:07:29.114] [INFO] db - sql Executing (default): CREATE TABLE IF NOT EXISTS `lc_user` (`id` INTEGER NOT NULL auto_increment , `username` VARCHAR(255) NOT NULL UNIQUE COMMENT '用户名', `password` CHAR(64) NOT NULL COMMENT '用户密码', `is_admin` TINYINT(1) NOT NULL DEFAULT 0 COMMENT '是否为管理员（0：不是管理员(默认) ， 1：是管理员）', `created_at` DATETIME NOT NULL, `updated_at` DATETIME NOT NULL, `deleted_at` DATETIME, PRIMARY KEY (`id`)) ENGINE=InnoDB;
[2021-10-21T17:07:29.506] [INFO] db - sql Executing (default): SHOW INDEX FROM `lc_user`
[2021-10-21T17:07:31.430] [INFO] db - sql Executing (default): DROP TABLE IF EXISTS `lc_user`;
[2021-10-21T17:07:32.066] [INFO] db - sql Executing (default): CREATE TABLE IF NOT EXISTS `lc_user` (`id` INTEGER NOT NULL auto_increment , `username` VARCHAR(255) NOT NULL UNIQUE COMMENT '用户名', `password` CHAR(64) NOT NULL COMMENT '用户密码', `is_admin` TINYINT(1) NOT NULL DEFAULT 0 COMMENT '是否为管理员（0：不是管理员(默认) ， 1：是管理员）', `created_at` DATETIME NOT NULL, `updated_at` DATETIME NOT NULL, `deleted_at` DATETIME, PRIMARY KEY (`id`)) ENGINE=InnoDB;
[2021-10-21T17:07:32.865] [INFO] db - sql Executing (default): SHOW INDEX FROM `lc_user`
[2021-10-21T17:07:40.999] [INFO] db - sql Executing (default): DROP TABLE IF EXISTS `lc_user`;
[2021-10-21T17:07:41.338] [INFO] db - sql Executing (default): CREATE TABLE IF NOT EXISTS `lc_user` (`id` INTEGER NOT NULL auto_increment , `username` VARCHAR(255) NOT NULL UNIQUE COMMENT '用户名', `password` CHAR(64) NOT NULL COMMENT '用户密码', `is_admin` TINYINT(1) NOT NULL DEFAULT 0 COMMENT '是否为管理员（0：不是管理员(默认) ， 1：是管理员）', `created_at` DATETIME NOT NULL, `updated_at` DATETIME NOT NULL, `deleted_at` DATETIME, PRIMARY KEY (`id`)) ENGINE=InnoDB;
[2021-10-21T17:07:41.921] [INFO] db - sql Executing (default): SHOW INDEX FROM `lc_user`
[2021-10-21T17:10:33.638] [INFO] db - sql Executing (default): DROP TABLE IF EXISTS `lc_user`;
[2021-10-21T17:10:33.878] [INFO] db - sql Executing (default): CREATE TABLE IF NOT EXISTS `lc_user` (`id` INTEGER NOT NULL auto_increment , `username` VARCHAR(255) NOT NULL UNIQUE COMMENT '用户名', `password` CHAR(64) NOT NULL COMMENT '用户密码', `is_admin` TINYINT(1) NOT NULL DEFAULT 0 COMMENT '是否为管理员（0：不是管理员(默认) ， 1：是管理员）', `created_at` DATETIME NOT NULL, `updated_at` DATETIME NOT NULL, `deleted_at` DATETIME, PRIMARY KEY (`id`)) ENGINE=InnoDB;
[2021-10-21T17:10:34.615] [INFO] db - sql Executing (default): SHOW INDEX FROM `lc_user`
[2021-10-21T17:11:17.814] [INFO] db - sql Executing (default): DROP TABLE IF EXISTS `lc_user`;
[2021-10-21T17:11:18.115] [INFO] db - sql Executing (default): CREATE TABLE IF NOT EXISTS `lc_user` (`id` INTEGER NOT NULL auto_increment , `username` VARCHAR(255) NOT NULL UNIQUE COMMENT '用户名', `password` CHAR(64) NOT NULL COMMENT '用户密码', `is_admin` TINYINT(1) NOT NULL DEFAULT 0 COMMENT '是否为管理员（0：不是管理员(默认) ， 1：是管理员）', `created_at` DATETIME NOT NULL, `updated_at` DATETIME NOT NULL, `deleted_at` DATETIME, PRIMARY KEY (`id`)) ENGINE=InnoDB;
[2021-10-21T17:11:18.677] [INFO] db - sql Executing (default): SHOW INDEX FROM `lc_user`
[2021-10-21T17:11:47.177] [INFO] db - sql Executing (default): DROP TABLE IF EXISTS `lc_user`;
[2021-10-21T17:11:47.498] [INFO] db - sql Executing (default): CREATE TABLE IF NOT EXISTS `lc_user` (`id` INTEGER NOT NULL auto_increment , `username` VARCHAR(255) NOT NULL UNIQUE COMMENT '用户名', `password` CHAR(64) NOT NULL COMMENT '用户密码', `is_admin` TINYINT(1) NOT NULL DEFAULT 0 COMMENT '是否为管理员（0：不是管理员(默认) ， 1：是管理员）', `created_at` DATETIME NOT NULL, `updated_at` DATETIME NOT NULL, `deleted_at` DATETIME, PRIMARY KEY (`id`)) ENGINE=InnoDB;
[2021-10-21T17:11:47.904] [INFO] db - sql Executing (default): SHOW INDEX FROM `lc_user`
[2021-10-21T17:11:54.819] [INFO] db - sql Executing (default): DROP TABLE IF EXISTS `lc_user`;
[2021-10-21T17:11:55.127] [INFO] db - sql Executing (default): CREATE TABLE IF NOT EXISTS `lc_user` (`id` INTEGER NOT NULL auto_increment , `username` VARCHAR(255) NOT NULL UNIQUE COMMENT '用户名', `password` CHAR(64) NOT NULL COMMENT '用户密码', `is_admin` TINYINT(1) NOT NULL DEFAULT 0 COMMENT '是否为管理员（0：不是管理员(默认) ， 1：是管理员）', `created_at` DATETIME NOT NULL, `updated_at` DATETIME NOT NULL, `deleted_at` DATETIME, PRIMARY KEY (`id`)) ENGINE=InnoDB;
[2021-10-21T17:11:56.531] [INFO] db - sql Executing (default): SHOW INDEX FROM `lc_user`
[2021-10-21T17:12:35.866] [INFO] db - sql Executing (default): DROP TABLE IF EXISTS `lc_user`;
[2021-10-21T17:12:36.130] [INFO] db - sql Executing (default): CREATE TABLE IF NOT EXISTS `lc_user` (`id` INTEGER NOT NULL auto_increment , `username` VARCHAR(255) NOT NULL UNIQUE COMMENT '用户名', `password` CHAR(64) NOT NULL COMMENT '用户密码', `is_admin` TINYINT(1) NOT NULL DEFAULT 0 COMMENT '是否为管理员（0：不是管理员(默认) ， 1：是管理员）', `created_at` DATETIME NOT NULL, `updated_at` DATETIME NOT NULL, `deleted_at` DATETIME, PRIMARY KEY (`id`)) ENGINE=InnoDB;
[2021-10-21T17:12:37.985] [INFO] db - sql Executing (default): SHOW INDEX FROM `lc_user`
[2021-10-21T17:12:57.865] [INFO] db - sql Executing (default): DROP TABLE IF EXISTS `lc_user`;
[2021-10-21T17:12:58.259] [INFO] db - sql Executing (default): CREATE TABLE IF NOT EXISTS `lc_user` (`id` INTEGER NOT NULL auto_increment , `username` VARCHAR(255) NOT NULL UNIQUE COMMENT '用户名', `password` CHAR(64) NOT NULL COMMENT '用户密码', `is_admin` TINYINT(1) NOT NULL DEFAULT 0 COMMENT '是否为管理员（0：不是管理员(默认) ， 1：是管理员）', `created_at` DATETIME NOT NULL, `updated_at` DATETIME NOT NULL, `deleted_at` DATETIME, PRIMARY KEY (`id`)) ENGINE=InnoDB;
[2021-10-21T17:12:58.648] [INFO] db - sql Executing (default): SHOW INDEX FROM `lc_user`
[2021-10-21T17:13:20.858] [INFO] db - sql Executing (default): DROP TABLE IF EXISTS `lc_user`;
[2021-10-21T17:13:21.436] [INFO] db - sql Executing (default): CREATE TABLE IF NOT EXISTS `lc_user` (`id` INTEGER NOT NULL auto_increment , `username` VARCHAR(255) NOT NULL UNIQUE COMMENT '用户名', `password` CHAR(64) NOT NULL COMMENT '用户密码', `is_admin` TINYINT(1) NOT NULL DEFAULT 0 COMMENT '是否为管理员（0：不是管理员(默认) ， 1：是管理员）', `created_at` DATETIME NOT NULL, `updated_at` DATETIME NOT NULL, `deleted_at` DATETIME, PRIMARY KEY (`id`)) ENGINE=InnoDB;
[2021-10-21T17:13:22.131] [INFO] db - sql Executing (default): SHOW INDEX FROM `lc_user`
[2021-10-21T17:14:37.260] [INFO] db - sql Executing (default): DROP TABLE IF EXISTS `lc_user`;
[2021-10-21T17:14:37.818] [INFO] db - sql Executing (default): CREATE TABLE IF NOT EXISTS `lc_user` (`id` INTEGER NOT NULL auto_increment , `username` VARCHAR(255) NOT NULL UNIQUE COMMENT '用户名', `password` CHAR(64) NOT NULL COMMENT '用户密码', `is_admin` TINYINT(1) NOT NULL DEFAULT 0 COMMENT '是否为管理员（0：不是管理员(默认) ， 1：是管理员）', `created_at` DATETIME NOT NULL, `updated_at` DATETIME NOT NULL, `deleted_at` DATETIME, PRIMARY KEY (`id`)) ENGINE=InnoDB;
[2021-10-21T17:14:38.918] [INFO] db - sql Executing (default): SHOW INDEX FROM `lc_user`
[2021-10-21T17:18:48.271] [INFO] db - sql Executing (default): DROP TABLE IF EXISTS `lc_user`;
[2021-10-21T17:18:48.484] [INFO] db - sql Executing (default): CREATE TABLE IF NOT EXISTS `lc_user` (`id` INTEGER NOT NULL auto_increment , `username` VARCHAR(255) NOT NULL UNIQUE COMMENT '用户名', `password` CHAR(64) NOT NULL COMMENT '用户密码', `is_admin` TINYINT(1) NOT NULL DEFAULT 0 COMMENT '是否为管理员（0：不是管理员(默认) ， 1：是管理员）', `created_at` DATETIME NOT NULL, `updated_at` DATETIME NOT NULL, `deleted_at` DATETIME, PRIMARY KEY (`id`)) ENGINE=InnoDB;
[2021-10-21T17:18:49.285] [INFO] db - sql Executing (default): SHOW INDEX FROM `lc_user`
[2021-10-21T17:19:26.255] [INFO] db - sql Executing (default): DROP TABLE IF EXISTS `lc_user`;
[2021-10-21T17:19:27.131] [INFO] db - sql Executing (default): CREATE TABLE IF NOT EXISTS `lc_user` (`id` INTEGER NOT NULL auto_increment , `username` VARCHAR(255) NOT NULL UNIQUE COMMENT '用户名', `password` CHAR(64) NOT NULL COMMENT '用户密码', `is_admin` TINYINT(1) NOT NULL DEFAULT 0 COMMENT '是否为管理员（0：不是管理员(默认) ， 1：是管理员）', `created_at` DATETIME NOT NULL, `updated_at` DATETIME NOT NULL, `deleted_at` DATETIME, PRIMARY KEY (`id`)) ENGINE=InnoDB;
[2021-10-21T17:19:27.700] [INFO] db - sql Executing (default): SHOW INDEX FROM `lc_user`
[2021-10-21T17:20:29.018] [INFO] db - sql Executing (default): DROP TABLE IF EXISTS `lc_user`;
[2021-10-21T17:20:29.274] [INFO] db - sql Executing (default): CREATE TABLE IF NOT EXISTS `lc_user` (`id` INTEGER NOT NULL auto_increment , `username` VARCHAR(255) NOT NULL UNIQUE COMMENT '用户名', `password` CHAR(64) NOT NULL COMMENT '用户密码', `is_admin` TINYINT(1) NOT NULL DEFAULT 0 COMMENT '是否为管理员（0：不是管理员(默认) ， 1：是管理员）', `created_at` DATETIME NOT NULL, `updated_at` DATETIME NOT NULL, `deleted_at` DATETIME, PRIMARY KEY (`id`)) ENGINE=InnoDB;
[2021-10-21T17:20:29.726] [INFO] db - sql Executing (default): SHOW INDEX FROM `lc_user`
[2021-10-21T17:20:34.006] [INFO] db - sql Executing (default): DROP TABLE IF EXISTS `lc_user`;
[2021-10-21T17:20:34.342] [INFO] db - sql Executing (default): CREATE TABLE IF NOT EXISTS `lc_user` (`id` INTEGER NOT NULL auto_increment , `username` VARCHAR(255) NOT NULL UNIQUE COMMENT '用户名', `password` CHAR(64) NOT NULL COMMENT '用户密码', `is_admin` TINYINT(1) NOT NULL DEFAULT 0 COMMENT '是否为管理员（0：不是管理员(默认) ， 1：是管理员）', `created_at` DATETIME NOT NULL, `updated_at` DATETIME NOT NULL, `deleted_at` DATETIME, PRIMARY KEY (`id`)) ENGINE=InnoDB;
[2021-10-21T17:20:34.704] [INFO] db - sql Executing (default): SHOW INDEX FROM `lc_user`
[2021-10-21T17:20:55.565] [INFO] db - sql Executing (default): DROP TABLE IF EXISTS `lc_user`;
[2021-10-21T17:20:56.192] [INFO] db - sql Executing (default): CREATE TABLE IF NOT EXISTS `lc_user` (`id` INTEGER NOT NULL auto_increment , `username` VARCHAR(255) NOT NULL UNIQUE COMMENT '用户名', `password` CHAR(64) NOT NULL COMMENT '用户密码', `is_admin` TINYINT(1) NOT NULL DEFAULT 0 COMMENT '是否为管理员（0：不是管理员(默认) ， 1：是管理员）', `created_at` DATETIME NOT NULL, `updated_at` DATETIME NOT NULL, `deleted_at` DATETIME, PRIMARY KEY (`id`)) ENGINE=InnoDB;
[2021-10-21T17:20:57.314] [INFO] db - sql Executing (default): SHOW INDEX FROM `lc_user`
[2021-10-21T17:21:16.058] [INFO] db - sql Executing (default): DROP TABLE IF EXISTS `lc_user`;
[2021-10-21T17:21:16.355] [INFO] db - sql Executing (default): CREATE TABLE IF NOT EXISTS `lc_user` (`id` INTEGER NOT NULL auto_increment , `username` VARCHAR(255) NOT NULL UNIQUE COMMENT '用户名', `password` CHAR(64) NOT NULL COMMENT '用户密码', `is_admin` TINYINT(1) NOT NULL DEFAULT 0 COMMENT '是否为管理员（0：不是管理员(默认) ， 1：是管理员）', `created_at` DATETIME NOT NULL, `updated_at` DATETIME NOT NULL, `deleted_at` DATETIME, PRIMARY KEY (`id`)) ENGINE=InnoDB;
[2021-10-21T17:21:16.687] [INFO] db - sql Executing (default): SHOW INDEX FROM `lc_user`
[2021-10-21T17:21:23.780] [INFO] db - sql Executing (default): DROP TABLE IF EXISTS `lc_user`;
[2021-10-21T17:21:24.123] [INFO] db - sql Executing (default): CREATE TABLE IF NOT EXISTS `lc_user` (`id` INTEGER NOT NULL auto_increment , `username` VARCHAR(255) NOT NULL UNIQUE COMMENT '用户名', `password` CHAR(64) NOT NULL COMMENT '用户密码', `is_admin` TINYINT(1) NOT NULL DEFAULT 0 COMMENT '是否为管理员（0：不是管理员(默认) ， 1：是管理员）', `created_at` DATETIME NOT NULL, `updated_at` DATETIME NOT NULL, `deleted_at` DATETIME, PRIMARY KEY (`id`)) ENGINE=InnoDB;
[2021-10-21T17:21:25.536] [INFO] db - sql Executing (default): SHOW INDEX FROM `lc_user`
[2021-10-21T17:21:34.380] [INFO] db - sql Executing (default): DROP TABLE IF EXISTS `lc_user`;
[2021-10-21T17:21:35.047] [INFO] db - sql Executing (default): CREATE TABLE IF NOT EXISTS `lc_user` (`id` INTEGER NOT NULL auto_increment , `username` VARCHAR(255) NOT NULL UNIQUE COMMENT '用户名', `password` CHAR(64) NOT NULL COMMENT '用户密码', `is_admin` TINYINT(1) NOT NULL DEFAULT 0 COMMENT '是否为管理员（0：不是管理员(默认) ， 1：是管理员）', `created_at` DATETIME NOT NULL, `updated_at` DATETIME NOT NULL, `deleted_at` DATETIME, PRIMARY KEY (`id`)) ENGINE=InnoDB;
[2021-10-21T17:21:36.644] [INFO] db - sql Executing (default): SHOW INDEX FROM `lc_user`
[2021-10-21T17:21:57.576] [INFO] db - sql Executing (default): DROP TABLE IF EXISTS `lc_user`;
[2021-10-21T17:21:57.883] [INFO] db - sql Executing (default): CREATE TABLE IF NOT EXISTS `lc_user` (`id` INTEGER NOT NULL auto_increment , `username` VARCHAR(255) NOT NULL UNIQUE COMMENT '用户名', `password` CHAR(64) NOT NULL COMMENT '用户密码', `is_admin` TINYINT(1) NOT NULL DEFAULT 0 COMMENT '是否为管理员（0：不是管理员(默认) ， 1：是管理员）', `created_at` DATETIME NOT NULL, `updated_at` DATETIME NOT NULL, `deleted_at` DATETIME, PRIMARY KEY (`id`)) ENGINE=InnoDB;
[2021-10-21T17:21:58.418] [INFO] db - sql Executing (default): SHOW INDEX FROM `lc_user`
[2021-10-21T17:22:50.768] [INFO] db - sql Executing (default): DROP TABLE IF EXISTS `lc_user`;
[2021-10-21T17:22:51.107] [INFO] db - sql Executing (default): CREATE TABLE IF NOT EXISTS `lc_user` (`id` INTEGER NOT NULL auto_increment , `username` VARCHAR(255) NOT NULL UNIQUE COMMENT '用户名', `password` CHAR(64) NOT NULL COMMENT '用户密码', `is_admin` TINYINT(1) NOT NULL DEFAULT 0 COMMENT '是否为管理员（0：不是管理员(默认) ， 1：是管理员）', `created_at` DATETIME NOT NULL, `updated_at` DATETIME NOT NULL, `deleted_at` DATETIME, PRIMARY KEY (`id`)) ENGINE=InnoDB;
[2021-10-21T17:22:52.023] [INFO] db - sql Executing (default): SHOW INDEX FROM `lc_user`
[2021-10-21T17:23:18.055] [INFO] db - sql Executing (default): DROP TABLE IF EXISTS `lc_user`;
[2021-10-21T17:23:18.833] [INFO] db - sql Executing (default): CREATE TABLE IF NOT EXISTS `lc_user` (`id` INTEGER NOT NULL auto_increment , `username` VARCHAR(255) NOT NULL UNIQUE COMMENT '用户名', `password` CHAR(64) NOT NULL COMMENT '用户密码', `is_admin` TINYINT(1) NOT NULL DEFAULT 0 COMMENT '是否为管理员（0：不是管理员(默认) ， 1：是管理员）', `created_at` DATETIME NOT NULL, `updated_at` DATETIME NOT NULL, `deleted_at` DATETIME, PRIMARY KEY (`id`)) ENGINE=InnoDB;
[2021-10-21T17:23:19.483] [INFO] db - sql Executing (default): SHOW INDEX FROM `lc_user`
[2021-10-21T17:23:33.221] [INFO] db - sql Executing (default): DROP TABLE IF EXISTS `lc_user`;
[2021-10-21T17:23:34.275] [INFO] db - sql Executing (default): CREATE TABLE IF NOT EXISTS `lc_user` (`id` INTEGER NOT NULL auto_increment , `username` VARCHAR(255) NOT NULL UNIQUE COMMENT '用户名', `password` CHAR(64) NOT NULL COMMENT '用户密码', `is_admin` TINYINT(1) NOT NULL DEFAULT 0 COMMENT '是否为管理员（0：不是管理员(默认) ， 1：是管理员）', `created_at` DATETIME NOT NULL, `updated_at` DATETIME NOT NULL, `deleted_at` DATETIME, PRIMARY KEY (`id`)) ENGINE=InnoDB;
[2021-10-21T17:23:34.753] [INFO] db - sql Executing (default): SHOW INDEX FROM `lc_user`
[2021-10-21T17:23:57.905] [INFO] db - sql Executing (default): DROP TABLE IF EXISTS `lc_user`;
[2021-10-21T17:23:58.406] [INFO] db - sql Executing (default): CREATE TABLE IF NOT EXISTS `lc_user` (`id` INTEGER NOT NULL auto_increment , `username` VARCHAR(255) NOT NULL UNIQUE COMMENT '用户名', `password` CHAR(64) NOT NULL COMMENT '用户密码', `is_admin` TINYINT(1) NOT NULL DEFAULT 0 COMMENT '是否为管理员（0：不是管理员(默认) ， 1：是管理员）', `created_at` DATETIME NOT NULL, `updated_at` DATETIME NOT NULL, `deleted_at` DATETIME, PRIMARY KEY (`id`)) ENGINE=InnoDB;
[2021-10-21T17:23:59.785] [INFO] db - sql Executing (default): SHOW INDEX FROM `lc_user`
[2021-10-21T17:24:22.288] [INFO] db - sql Executing (default): DROP TABLE IF EXISTS `lc_user`;
[2021-10-21T17:24:22.573] [INFO] db - sql Executing (default): CREATE TABLE IF NOT EXISTS `lc_user` (`id` INTEGER NOT NULL auto_increment , `username` VARCHAR(255) NOT NULL UNIQUE COMMENT '用户名', `password` CHAR(64) NOT NULL COMMENT '用户密码', `is_admin` TINYINT(1) NOT NULL DEFAULT 0 COMMENT '是否为管理员（0：不是管理员(默认) ， 1：是管理员）', `created_at` DATETIME NOT NULL, `updated_at` DATETIME NOT NULL, `deleted_at` DATETIME, PRIMARY KEY (`id`)) ENGINE=InnoDB;
[2021-10-21T17:24:23.396] [INFO] db - sql Executing (default): SHOW INDEX FROM `lc_user`
[2021-10-21T17:25:05.361] [INFO] db - sql Executing (default): DROP TABLE IF EXISTS `lc_user`;
[2021-10-21T17:25:05.655] [INFO] db - sql Executing (default): CREATE TABLE IF NOT EXISTS `lc_user` (`id` INTEGER NOT NULL auto_increment , `username` VARCHAR(255) NOT NULL UNIQUE COMMENT '用户名', `password` CHAR(64) NOT NULL COMMENT '用户密码', `is_admin` TINYINT(1) NOT NULL DEFAULT 0 COMMENT '是否为管理员（0：不是管理员(默认) ， 1：是管理员）', `created_at` DATETIME NOT NULL, `updated_at` DATETIME NOT NULL, `deleted_at` DATETIME, PRIMARY KEY (`id`)) ENGINE=InnoDB;
[2021-10-21T17:25:07.241] [INFO] db - sql Executing (default): SHOW INDEX FROM `lc_user`
[2021-10-21T17:25:20.766] [INFO] db - sql Executing (default): DROP TABLE IF EXISTS `lc_user`;
[2021-10-21T17:25:21.617] [INFO] db - sql Executing (default): CREATE TABLE IF NOT EXISTS `lc_user` (`id` INTEGER NOT NULL auto_increment , `username` VARCHAR(255) NOT NULL UNIQUE COMMENT '用户名', `password` CHAR(64) NOT NULL COMMENT '用户密码', `is_admin` TINYINT(1) NOT NULL DEFAULT 0 COMMENT '是否为管理员（0：不是管理员(默认) ， 1：是管理员）', `created_at` DATETIME NOT NULL, `updated_at` DATETIME NOT NULL, `deleted_at` DATETIME, PRIMARY KEY (`id`)) ENGINE=InnoDB;
[2021-10-21T17:25:22.458] [INFO] db - sql Executing (default): SHOW INDEX FROM `lc_user`
[2021-10-21T17:26:24.248] [INFO] db - sql Executing (default): DROP TABLE IF EXISTS `lc_user`;
[2021-10-21T17:26:25.381] [INFO] db - sql Executing (default): CREATE TABLE IF NOT EXISTS `lc_user` (`id` INTEGER NOT NULL auto_increment , `username` VARCHAR(255) NOT NULL UNIQUE COMMENT '用户名', `password` CHAR(64) NOT NULL COMMENT '用户密码', `is_admin` TINYINT(1) NOT NULL DEFAULT 0 COMMENT '是否为管理员（0：不是管理员(默认) ， 1：是管理员）', `created_at` DATETIME NOT NULL, `updated_at` DATETIME NOT NULL, `deleted_at` DATETIME, PRIMARY KEY (`id`)) ENGINE=InnoDB;
[2021-10-21T17:26:26.157] [INFO] db - sql Executing (default): SHOW INDEX FROM `lc_user`
[2021-10-21T17:27:20.853] [INFO] db - sql Executing (default): DROP TABLE IF EXISTS `lc_user`;
[2021-10-21T17:27:21.191] [INFO] db - sql Executing (default): CREATE TABLE IF NOT EXISTS `lc_user` (`id` INTEGER NOT NULL auto_increment , `username` VARCHAR(255) NOT NULL UNIQUE COMMENT '用户名', `password` CHAR(64) NOT NULL COMMENT '用户密码', `is_admin` TINYINT(1) NOT NULL DEFAULT 0 COMMENT '是否为管理员（0：不是管理员(默认) ， 1：是管理员）', `created_at` DATETIME NOT NULL, `updated_at` DATETIME NOT NULL, `deleted_at` DATETIME, PRIMARY KEY (`id`)) ENGINE=InnoDB;
[2021-10-21T17:27:22.395] [INFO] db - sql Executing (default): SHOW INDEX FROM `lc_user`
[2021-10-21T17:27:32.464] [INFO] db - sql Executing (default): DROP TABLE IF EXISTS `lc_user`;
[2021-10-21T17:27:32.820] [INFO] db - sql Executing (default): CREATE TABLE IF NOT EXISTS `lc_user` (`id` INTEGER NOT NULL auto_increment , `username` VARCHAR(255) NOT NULL UNIQUE COMMENT '用户名', `password` CHAR(64) NOT NULL COMMENT '用户密码', `is_admin` TINYINT(1) NOT NULL DEFAULT 0 COMMENT '是否为管理员（0：不是管理员(默认) ， 1：是管理员）', `created_at` DATETIME NOT NULL, `updated_at` DATETIME NOT NULL, `deleted_at` DATETIME, PRIMARY KEY (`id`)) ENGINE=InnoDB;
[2021-10-21T17:27:33.170] [INFO] db - sql Executing (default): SHOW INDEX FROM `lc_user`
[2021-10-21T17:27:34.236] [INFO] db - sql Executing (default): INSERT INTO `lc_user` (`id`,`username`,`password`,`is_admin`,`created_at`,`updated_at`) VALUES (DEFAULT,?,?,?,?,?);
[2021-10-21T17:27:42.119] [INFO] db - sql Executing (default): INSERT INTO `lc_user` (`id`,`username`,`password`,`is_admin`,`created_at`,`updated_at`) VALUES (DEFAULT,?,?,?,?,?);
[2021-10-21T17:28:04.480] [INFO] db - sql Executing (default): DROP TABLE IF EXISTS `lc_user`;
[2021-10-21T17:28:05.729] [INFO] db - sql Executing (default): CREATE TABLE IF NOT EXISTS `lc_user` (`id` INTEGER NOT NULL auto_increment , `username` VARCHAR(255) NOT NULL UNIQUE COMMENT '用户名', `password` CHAR(64) NOT NULL COMMENT '用户密码', `is_admin` TINYINT(1) NOT NULL DEFAULT 0 COMMENT '是否为管理员（0：不是管理员(默认) ， 1：是管理员）', `created_at` DATETIME NOT NULL, `updated_at` DATETIME NOT NULL, `deleted_at` DATETIME, PRIMARY KEY (`id`)) ENGINE=InnoDB;
[2021-10-21T17:28:06.715] [INFO] db - sql Executing (default): SHOW INDEX FROM `lc_user`
[2021-10-21T17:28:41.859] [INFO] db - sql Executing (default): INSERT INTO `lc_user` (`id`,`username`,`password`,`is_admin`,`created_at`,`updated_at`) VALUES (DEFAULT,?,?,?,?,?);
[2021-10-21T17:29:31.468] [INFO] db - sql Executing (default): INSERT INTO `lc_user` (`id`,`username`,`password`,`is_admin`,`created_at`,`updated_at`) VALUES (DEFAULT,?,?,?,?,?);
[2021-10-21T17:29:33.863] [INFO] db - sql Executing (default): DROP TABLE IF EXISTS `lc_user`;
[2021-10-21T17:29:34.182] [INFO] db - sql Executing (default): CREATE TABLE IF NOT EXISTS `lc_user` (`id` INTEGER NOT NULL auto_increment , `username` VARCHAR(255) NOT NULL UNIQUE COMMENT '用户名', `password` CHAR(64) NOT NULL COMMENT '用户密码', `is_admin` TINYINT(1) NOT NULL DEFAULT 0 COMMENT '是否为管理员（0：不是管理员(默认) ， 1：是管理员）', `created_at` DATETIME NOT NULL, `updated_at` DATETIME NOT NULL, `deleted_at` DATETIME, PRIMARY KEY (`id`)) ENGINE=InnoDB;
[2021-10-21T17:29:34.594] [INFO] db - sql Executing (default): SHOW INDEX FROM `lc_user`
[2021-10-21T17:29:37.417] [INFO] db - sql Executing (default): INSERT INTO `lc_user` (`id`,`username`,`password`,`is_admin`,`created_at`,`updated_at`) VALUES (DEFAULT,?,?,?,?,?);
[2021-10-21T17:30:46.465] [INFO] db - sql Executing (default): DROP TABLE IF EXISTS `lc_user`;
[2021-10-21T17:30:46.987] [INFO] db - sql Executing (default): CREATE TABLE IF NOT EXISTS `lc_user` (`id` INTEGER NOT NULL auto_increment , `username` VARCHAR(255) NOT NULL UNIQUE COMMENT '用户名', `password` CHAR(64) NOT NULL COMMENT '用户密码', `is_admin` TINYINT(1) NOT NULL DEFAULT 0 COMMENT '是否为管理员（0：不是管理员(默认) ， 1：是管理员）', `created_at` DATETIME NOT NULL, `updated_at` DATETIME NOT NULL, `deleted_at` DATETIME, PRIMARY KEY (`id`)) ENGINE=InnoDB;
[2021-10-21T17:30:48.340] [INFO] db - sql Executing (default): SHOW INDEX FROM `lc_user`
[2021-10-21T17:31:09.169] [INFO] db - sql Executing (default): INSERT INTO `lc_user` (`id`,`username`,`password`,`is_admin`,`created_at`,`updated_at`) VALUES (DEFAULT,?,?,?,?,?);
[2021-10-21T17:31:10.651] [INFO] db - sql Executing (default): INSERT INTO `lc_user` (`id`,`username`,`password`,`is_admin`,`created_at`,`updated_at`) VALUES (DEFAULT,?,?,?,?,?);
[2021-10-21T17:31:13.364] [INFO] db - sql Executing (default): DROP TABLE IF EXISTS `lc_user`;
[2021-10-21T17:31:14.367] [INFO] db - sql Executing (default): DROP TABLE IF EXISTS `lc_user`;
[2021-10-21T17:31:14.392] [INFO] db - sql Executing (default): CREATE TABLE IF NOT EXISTS `lc_user` (`id` INTEGER NOT NULL auto_increment , `username` VARCHAR(255) NOT NULL UNIQUE COMMENT '用户名', `password` CHAR(64) NOT NULL COMMENT '用户密码', `is_admin` TINYINT(1) NOT NULL DEFAULT 0 COMMENT '是否为管理员（0：不是管理员(默认) ， 1：是管理员）', `created_at` DATETIME NOT NULL, `updated_at` DATETIME NOT NULL, `deleted_at` DATETIME, PRIMARY KEY (`id`)) ENGINE=InnoDB;
[2021-10-21T17:31:15.177] [INFO] db - sql Executing (default): SHOW INDEX FROM `lc_user`
[2021-10-21T17:31:41.722] [INFO] db - sql Executing (default): DROP TABLE IF EXISTS `lc_user`;
[2021-10-21T17:31:42.608] [INFO] db - sql Executing (default): CREATE TABLE IF NOT EXISTS `lc_user` (`id` INTEGER NOT NULL auto_increment , `username` VARCHAR(255) NOT NULL UNIQUE COMMENT '用户名', `password` CHAR(64) NOT NULL COMMENT '用户密码', `is_admin` TINYINT(1) NOT NULL DEFAULT 0 COMMENT '是否为管理员（0：不是管理员(默认) ， 1：是管理员）', `created_at` DATETIME NOT NULL, `updated_at` DATETIME NOT NULL, `deleted_at` DATETIME, PRIMARY KEY (`id`)) ENGINE=InnoDB;
[2021-10-21T17:31:43.447] [INFO] db - sql Executing (default): SHOW INDEX FROM `lc_user`
[2021-10-21T17:37:13.327] [INFO] db - sql Executing (default): DROP TABLE IF EXISTS `lc_user`;
[2021-10-21T17:37:13.851] [INFO] db - sql Executing (default): CREATE TABLE IF NOT EXISTS `lc_user` (`id` INTEGER NOT NULL auto_increment , `username` VARCHAR(255) NOT NULL UNIQUE COMMENT '用户名', `password` CHAR(64) NOT NULL COMMENT '用户密码', `is_admin` TINYINT(1) NOT NULL DEFAULT 0 COMMENT '是否为管理员（0：不是管理员(默认) ， 1：是管理员）', `created_at` DATETIME NOT NULL, `updated_at` DATETIME NOT NULL, `deleted_at` DATETIME, PRIMARY KEY (`id`)) ENGINE=InnoDB;
[2021-10-21T17:37:15.530] [INFO] db - sql Executing (default): SHOW INDEX FROM `lc_user`
[2021-10-21T17:37:19.391] [INFO] db - sql Executing (default): INSERT INTO `lc_user` (`id`,`username`,`password`,`is_admin`,`created_at`,`updated_at`) VALUES (DEFAULT,?,?,?,?,?);
[2021-10-21T17:37:21.854] [INFO] db - sql Executing (default): INSERT INTO `lc_user` (`id`,`username`,`password`,`is_admin`,`created_at`,`updated_at`) VALUES (DEFAULT,?,?,?,?,?);
[2021-10-21T17:41:31.453] [INFO] db - sql Executing (default): DROP TABLE IF EXISTS `lc_user`;
[2021-10-21T17:41:31.861] [INFO] db - sql Executing (default): CREATE TABLE IF NOT EXISTS `lc_user` (`id` INTEGER NOT NULL auto_increment , `username` VARCHAR(255) NOT NULL UNIQUE COMMENT '用户名', `password` CHAR(64) NOT NULL COMMENT '用户密码', `is_admin` TINYINT(1) NOT NULL DEFAULT 0 COMMENT '是否为管理员（0：不是管理员(默认) ， 1：是管理员）', `created_at` DATETIME NOT NULL, `updated_at` DATETIME NOT NULL, `deleted_at` DATETIME, PRIMARY KEY (`id`)) ENGINE=InnoDB;
[2021-10-21T17:41:32.336] [INFO] db - sql Executing (default): SHOW INDEX FROM `lc_user`
[2021-10-21T17:42:15.938] [INFO] db - sql Executing (default): DROP TABLE IF EXISTS `lc_user`;
[2021-10-21T17:42:16.429] [INFO] db - sql Executing (default): CREATE TABLE IF NOT EXISTS `lc_user` (`id` INTEGER NOT NULL auto_increment , `username` VARCHAR(255) NOT NULL UNIQUE COMMENT '用户名', `password` CHAR(64) NOT NULL COMMENT '用户密码', `is_admin` TINYINT(1) NOT NULL DEFAULT 0 COMMENT '是否为管理员（0：不是管理员(默认) ， 1：是管理员）', `created_at` DATETIME NOT NULL, `updated_at` DATETIME NOT NULL, `deleted_at` DATETIME, PRIMARY KEY (`id`)) ENGINE=InnoDB;
[2021-10-21T17:42:16.866] [INFO] db - sql Executing (default): SHOW INDEX FROM `lc_user`
[2021-10-21T17:44:28.169] [INFO] db - sql Executing (default): DROP TABLE IF EXISTS `lc_user`;
[2021-10-21T17:44:28.410] [INFO] db - sql Executing (default): CREATE TABLE IF NOT EXISTS `lc_user` (`id` INTEGER NOT NULL auto_increment , `username` VARCHAR(255) NOT NULL UNIQUE COMMENT '用户名', `password` CHAR(64) NOT NULL COMMENT '用户密码', `is_admin` TINYINT(1) NOT NULL DEFAULT 0 COMMENT '是否为管理员（0：不是管理员(默认) ， 1：是管理员）', `created_at` DATETIME NOT NULL, `updated_at` DATETIME NOT NULL, `deleted_at` DATETIME, PRIMARY KEY (`id`)) ENGINE=InnoDB;
[2021-10-21T17:44:29.613] [INFO] db - sql Executing (default): SHOW INDEX FROM `lc_user`
[2021-10-21T17:47:22.348] [INFO] db - sql Executing (default): DROP TABLE IF EXISTS `lc_user`;
[2021-10-21T17:47:22.866] [INFO] db - sql Executing (default): CREATE TABLE IF NOT EXISTS `lc_user` (`id` INTEGER NOT NULL auto_increment , `username` VARCHAR(255) NOT NULL UNIQUE COMMENT '用户名', `password` CHAR(64) NOT NULL COMMENT '用户密码', `is_admin` TINYINT(1) NOT NULL DEFAULT 0 COMMENT '是否为管理员（0：不是管理员(默认) ， 1：是管理员）', `created_at` DATETIME NOT NULL, `updated_at` DATETIME NOT NULL, `deleted_at` DATETIME, PRIMARY KEY (`id`)) ENGINE=InnoDB;
[2021-10-21T17:47:24.004] [INFO] db - sql Executing (default): SHOW INDEX FROM `lc_user`
[2021-10-21T17:47:33.856] [INFO] db - sql Executing (default): DROP TABLE IF EXISTS `lc_user`;
[2021-10-21T17:47:34.668] [INFO] db - sql Executing (default): CREATE TABLE IF NOT EXISTS `lc_user` (`id` INTEGER NOT NULL auto_increment , `username` VARCHAR(255) NOT NULL UNIQUE COMMENT '用户名', `password` CHAR(64) NOT NULL COMMENT '用户密码', `is_admin` TINYINT(1) NOT NULL DEFAULT 0 COMMENT '是否为管理员（0：不是管理员(默认) ， 1：是管理员）', `created_at` DATETIME NOT NULL, `updated_at` DATETIME NOT NULL, `deleted_at` DATETIME, PRIMARY KEY (`id`)) ENGINE=InnoDB;
[2021-10-21T17:47:35.492] [INFO] db - sql Executing (default): SHOW INDEX FROM `lc_user`
[2021-10-21T17:47:38.673] [INFO] db - sql Executing (default): SELECT `id`, `username`, `password`, `role` FROM `lc_user` AS `lc_user` WHERE (`lc_user`.`deleted_at` IS NULL AND `lc_user`.`username` = 'zhangsan');
[2021-10-21T17:47:46.268] [INFO] db - sql Executing (default): DROP TABLE IF EXISTS `lc_user`;
[2021-10-21T17:47:47.369] [INFO] db - sql Executing (default): DROP TABLE IF EXISTS `lc_user`;
[2021-10-21T17:47:47.423] [INFO] db - sql Executing (default): CREATE TABLE IF NOT EXISTS `lc_user` (`id` INTEGER NOT NULL auto_increment , `username` VARCHAR(255) NOT NULL UNIQUE COMMENT '用户名', `password` CHAR(64) NOT NULL COMMENT '用户密码', `is_admin` TINYINT(1) NOT NULL DEFAULT 0 COMMENT '是否为管理员（0：不是管理员(默认) ， 1：是管理员）', `created_at` DATETIME NOT NULL, `updated_at` DATETIME NOT NULL, `deleted_at` DATETIME, PRIMARY KEY (`id`)) ENGINE=InnoDB;
[2021-10-21T17:47:48.248] [INFO] db - sql Executing (default): SHOW INDEX FROM `lc_user`
[2021-10-21T17:48:56.230] [INFO] db - sql Executing (default): DROP TABLE IF EXISTS `lc_user`;
[2021-10-21T17:48:56.493] [INFO] db - sql Executing (default): CREATE TABLE IF NOT EXISTS `lc_user` (`id` INTEGER NOT NULL auto_increment , `username` VARCHAR(255) NOT NULL UNIQUE COMMENT '用户名', `password` CHAR(64) NOT NULL COMMENT '用户密码', `is_admin` TINYINT(1) NOT NULL DEFAULT 0 COMMENT '是否为管理员（0：不是管理员(默认) ， 1：是管理员）', `created_at` DATETIME NOT NULL, `updated_at` DATETIME NOT NULL, `deleted_at` DATETIME, PRIMARY KEY (`id`)) ENGINE=InnoDB;
[2021-10-21T17:48:57.747] [INFO] db - sql Executing (default): DROP TABLE IF EXISTS `lc_user`;
[2021-10-21T17:48:58.612] [INFO] db - sql Executing (default): CREATE TABLE IF NOT EXISTS `lc_user` (`id` INTEGER NOT NULL auto_increment , `username` VARCHAR(255) NOT NULL UNIQUE COMMENT '用户名', `password` CHAR(64) NOT NULL COMMENT '用户密码', `is_admin` TINYINT(1) NOT NULL DEFAULT 0 COMMENT '是否为管理员（0：不是管理员(默认) ， 1：是管理员）', `created_at` DATETIME NOT NULL, `updated_at` DATETIME NOT NULL, `deleted_at` DATETIME, PRIMARY KEY (`id`)) ENGINE=InnoDB;
[2021-10-21T17:48:59.014] [INFO] db - sql Executing (default): SHOW INDEX FROM `lc_user`
[2021-10-21T17:49:01.676] [INFO] db - sql Executing (default): SELECT `id`, `username`, `password`, `is_admin` FROM `lc_user` AS `lc_user` WHERE (`lc_user`.`deleted_at` IS NULL AND `lc_user`.`username` = 'zhangsan');
[2021-10-21T17:50:12.952] [INFO] db - sql Executing (default): SELECT `id`, `username`, `password`, `is_admin` FROM `lc_user` AS `lc_user` WHERE (`lc_user`.`deleted_at` IS NULL AND `lc_user`.`username` = 'zhangsan');
[2021-10-21T17:50:23.087] [INFO] db - sql Executing (default): SELECT `id`, `username`, `password`, `is_admin` FROM `lc_user` AS `lc_user` WHERE (`lc_user`.`deleted_at` IS NULL AND `lc_user`.`username` = 'zhangsasn');
[2021-10-21T17:50:25.820] [INFO] db - sql Executing (default): SELECT `id`, `username`, `password`, `is_admin` FROM `lc_user` AS `lc_user` WHERE (`lc_user`.`deleted_at` IS NULL AND `lc_user`.`username` = 'zhangsan');
[2021-10-21T17:50:36.659] [INFO] db - sql Executing (default): DROP TABLE IF EXISTS `lc_user`;
[2021-10-21T17:50:36.868] [INFO] db - sql Executing (default): CREATE TABLE IF NOT EXISTS `lc_user` (`id` INTEGER NOT NULL auto_increment , `username` VARCHAR(255) NOT NULL UNIQUE COMMENT '用户名', `password` CHAR(64) NOT NULL COMMENT '用户密码', `is_admin` TINYINT(1) NOT NULL DEFAULT 0 COMMENT '是否为管理员（0：不是管理员(默认) ， 1：是管理员）', `created_at` DATETIME NOT NULL, `updated_at` DATETIME NOT NULL, `deleted_at` DATETIME, PRIMARY KEY (`id`)) ENGINE=InnoDB;
[2021-10-21T17:50:38.316] [INFO] db - sql Executing (default): SELECT `id`, `username`, `password`, `is_admin` FROM `lc_user` AS `lc_user` WHERE (`lc_user`.`deleted_at` IS NULL AND `lc_user`.`username` = 'zhangsan');
[2021-10-21T17:50:38.768] [INFO] db - sql Executing (default): SHOW INDEX FROM `lc_user`
[2021-10-21T17:51:01.301] [INFO] db - sql Executing (default): DROP TABLE IF EXISTS `lc_user`;
[2021-10-21T17:51:02.153] [INFO] db - sql Executing (default): CREATE TABLE IF NOT EXISTS `lc_user` (`id` INTEGER NOT NULL auto_increment , `username` VARCHAR(255) NOT NULL UNIQUE COMMENT '用户名', `password` CHAR(64) NOT NULL COMMENT '用户密码', `is_admin` TINYINT(1) NOT NULL DEFAULT 0 COMMENT '是否为管理员（0：不是管理员(默认) ， 1：是管理员）', `created_at` DATETIME NOT NULL, `updated_at` DATETIME NOT NULL, `deleted_at` DATETIME, PRIMARY KEY (`id`)) ENGINE=InnoDB;
[2021-10-21T17:51:02.626] [INFO] db - sql Executing (default): SHOW INDEX FROM `lc_user`
[2021-10-21T17:51:03.636] [INFO] db - sql Executing (default): SELECT `id`, `username`, `password`, `is_admin` FROM `lc_user` AS `lc_user` WHERE (`lc_user`.`deleted_at` IS NULL AND `lc_user`.`username` = 'zhangsan');
[2021-10-21T17:51:32.493] [INFO] db - sql Executing (default): DROP TABLE IF EXISTS `lc_user`;
[2021-10-21T17:51:32.896] [INFO] db - sql Executing (default): CREATE TABLE IF NOT EXISTS `lc_user` (`id` INTEGER NOT NULL auto_increment , `username` VARCHAR(255) NOT NULL UNIQUE COMMENT '用户名', `password` CHAR(64) NOT NULL COMMENT '用户密码', `is_admin` TINYINT(1) NOT NULL DEFAULT 0 COMMENT '是否为管理员（0：不是管理员(默认) ， 1：是管理员）', `created_at` DATETIME NOT NULL, `updated_at` DATETIME NOT NULL, `deleted_at` DATETIME, PRIMARY KEY (`id`)) ENGINE=InnoDB;
[2021-10-21T17:51:33.671] [INFO] db - sql Executing (default): SHOW INDEX FROM `lc_user`
[2021-10-21T17:51:34.188] [INFO] db - sql Executing (default): SELECT `id`, `username`, `password`, `is_admin` FROM `lc_user` AS `lc_user` WHERE (`lc_user`.`deleted_at` IS NULL AND `lc_user`.`username` = 'zhangsan');
[2021-10-21T17:52:55.917] [INFO] db - sql Executing (default): DROP TABLE IF EXISTS `lc_user`;
[2021-10-21T17:52:56.197] [INFO] db - sql Executing (default): CREATE TABLE IF NOT EXISTS `lc_user` (`id` INTEGER NOT NULL auto_increment , `username` VARCHAR(255) NOT NULL UNIQUE COMMENT '用户名', `password` CHAR(64) NOT NULL COMMENT '用户密码', `is_admin` TINYINT(1) NOT NULL DEFAULT 0 COMMENT '是否为管理员（0：不是管理员(默认) ， 1：是管理员）', `created_at` DATETIME NOT NULL, `updated_at` DATETIME NOT NULL, `deleted_at` DATETIME, PRIMARY KEY (`id`)) ENGINE=InnoDB;
[2021-10-21T17:52:56.517] [INFO] db - sql Executing (default): SHOW INDEX FROM `lc_user`
[2021-10-21T17:54:02.252] [INFO] db - sql Executing (default): DROP TABLE IF EXISTS `lc_user`;
[2021-10-21T17:54:02.813] [INFO] db - sql Executing (default): CREATE TABLE IF NOT EXISTS `lc_user` (`id` INTEGER NOT NULL auto_increment , `username` VARCHAR(255) NOT NULL UNIQUE COMMENT '用户名', `password` CHAR(64) NOT NULL COMMENT '用户密码', `is_admin` TINYINT(1) NOT NULL DEFAULT 0 COMMENT '是否为管理员（0：不是管理员(默认) ， 1：是管理员）', `created_at` DATETIME NOT NULL, `updated_at` DATETIME NOT NULL, `deleted_at` DATETIME, PRIMARY KEY (`id`)) ENGINE=InnoDB;
[2021-10-21T17:54:03.171] [INFO] db - sql Executing (default): SHOW INDEX FROM `lc_user`
[2021-10-21T17:54:04.783] [INFO] db - sql Executing (default): SELECT `id`, `username`, `password`, `is_admin` FROM `lc_user` AS `lc_user` WHERE (`lc_user`.`deleted_at` IS NULL AND `lc_user`.`username` = 'zhangsan');
[2021-10-21T17:54:04.789] [INFO] db - sql Executing (default): INSERT INTO `lc_user` (`id`,`username`,`password`,`is_admin`,`created_at`,`updated_at`) VALUES (DEFAULT,?,?,?,?,?);
[2021-10-21T17:54:06.837] [INFO] db - sql Executing (default): SELECT `id`, `username`, `password`, `is_admin` FROM `lc_user` AS `lc_user` WHERE (`lc_user`.`deleted_at` IS NULL AND `lc_user`.`username` = 'zhangsan');
[2021-10-21T17:54:06.838] [INFO] db - sql Executing (default): INSERT INTO `lc_user` (`id`,`username`,`password`,`is_admin`,`created_at`,`updated_at`) VALUES (DEFAULT,?,?,?,?,?);
[2021-10-21T17:54:12.166] [INFO] db - sql Executing (default): SELECT `id`, `username`, `password`, `is_admin` FROM `lc_user` AS `lc_user` WHERE (`lc_user`.`deleted_at` IS NULL AND `lc_user`.`username` = 'zhangsan');
[2021-10-21T17:54:12.168] [INFO] db - sql Executing (default): INSERT INTO `lc_user` (`id`,`username`,`password`,`is_admin`,`created_at`,`updated_at`) VALUES (DEFAULT,?,?,?,?,?);
[2021-10-21T17:54:56.371] [INFO] db - sql Executing (default): DROP TABLE IF EXISTS `lc_user`;
[2021-10-21T17:54:57.635] [INFO] db - sql Executing (default): CREATE TABLE IF NOT EXISTS `lc_user` (`id` INTEGER NOT NULL auto_increment , `username` VARCHAR(255) NOT NULL UNIQUE COMMENT '用户名', `password` CHAR(64) NOT NULL COMMENT '用户密码', `is_admin` TINYINT(1) NOT NULL DEFAULT 0 COMMENT '是否为管理员（0：不是管理员(默认) ， 1：是管理员）', `created_at` DATETIME NOT NULL, `updated_at` DATETIME NOT NULL, `deleted_at` DATETIME, PRIMARY KEY (`id`)) ENGINE=InnoDB;
[2021-10-21T17:54:58.366] [INFO] db - sql Executing (default): SHOW INDEX FROM `lc_user`
[2021-10-21T17:55:15.787] [INFO] db - sql Executing (default): DROP TABLE IF EXISTS `lc_user`;
[2021-10-21T17:55:16.067] [INFO] db - sql Executing (default): CREATE TABLE IF NOT EXISTS `lc_user` (`id` INTEGER NOT NULL auto_increment , `username` VARCHAR(255) NOT NULL UNIQUE COMMENT '用户名', `password` CHAR(64) NOT NULL COMMENT '用户密码', `is_admin` TINYINT(1) NOT NULL DEFAULT 0 COMMENT '是否为管理员（0：不是管理员(默认) ， 1：是管理员）', `created_at` DATETIME NOT NULL, `updated_at` DATETIME NOT NULL, `deleted_at` DATETIME, PRIMARY KEY (`id`)) ENGINE=InnoDB;
[2021-10-21T17:55:17.280] [INFO] db - sql Executing (default): SHOW INDEX FROM `lc_user`
[2021-10-21T17:55:25.661] [INFO] db - sql Executing (default): SELECT `id`, `username`, `password`, `is_admin` FROM `lc_user` AS `lc_user` WHERE (`lc_user`.`deleted_at` IS NULL AND `lc_user`.`username` = 'zhangsan');
[2021-10-21T17:55:25.668] [INFO] db - sql Executing (default): INSERT INTO `lc_user` (`id`,`username`,`password`,`is_admin`,`created_at`,`updated_at`) VALUES (DEFAULT,?,?,?,?,?);
[2021-10-21T17:55:30.914] [INFO] db - sql Executing (default): SELECT `id`, `username`, `password`, `is_admin` FROM `lc_user` AS `lc_user` WHERE (`lc_user`.`deleted_at` IS NULL AND `lc_user`.`username` = 'zhangsan');
[2021-10-21T17:55:30.915] [INFO] db - sql Executing (default): INSERT INTO `lc_user` (`id`,`username`,`password`,`is_admin`,`created_at`,`updated_at`) VALUES (DEFAULT,?,?,?,?,?);
[2021-10-21T17:57:34.422] [INFO] db - sql Executing (default): DROP TABLE IF EXISTS `lc_user`;
[2021-10-21T17:57:35.156] [INFO] db - sql Executing (default): CREATE TABLE IF NOT EXISTS `lc_user` (`id` INTEGER NOT NULL auto_increment , `username` VARCHAR(255) NOT NULL UNIQUE COMMENT '用户名', `password` CHAR(64) NOT NULL COMMENT '用户密码', `is_admin` TINYINT(1) NOT NULL DEFAULT 0 COMMENT '是否为管理员（0：不是管理员(默认) ， 1：是管理员）', `created_at` DATETIME NOT NULL, `updated_at` DATETIME NOT NULL, `deleted_at` DATETIME, PRIMARY KEY (`id`)) ENGINE=InnoDB;
[2021-10-21T17:57:37.866] [INFO] db - sql Executing (default): SHOW INDEX FROM `lc_user`
[2021-10-21T17:57:42.898] [INFO] db - sql Executing (default): DROP TABLE IF EXISTS `lc_user`;
[2021-10-21T17:57:43.535] [INFO] db - sql Executing (default): CREATE TABLE IF NOT EXISTS `lc_user` (`id` INTEGER NOT NULL auto_increment , `username` VARCHAR(255) NOT NULL UNIQUE COMMENT '用户名', `password` CHAR(64) NOT NULL COMMENT '用户密码', `is_admin` TINYINT(1) NOT NULL DEFAULT 0 COMMENT '是否为管理员（0：不是管理员(默认) ， 1：是管理员）', `created_at` DATETIME NOT NULL, `updated_at` DATETIME NOT NULL, `deleted_at` DATETIME, PRIMARY KEY (`id`)) ENGINE=InnoDB;
[2021-10-21T17:57:44.224] [INFO] db - sql Executing (default): SHOW INDEX FROM `lc_user`
[2021-10-21T17:57:53.548] [INFO] db - sql Executing (default): DROP TABLE IF EXISTS `lc_user`;
[2021-10-21T17:57:54.019] [INFO] db - sql Executing (default): CREATE TABLE IF NOT EXISTS `lc_user` (`id` INTEGER NOT NULL auto_increment , `username` VARCHAR(255) NOT NULL UNIQUE COMMENT '用户名', `password` CHAR(64) NOT NULL COMMENT '用户密码', `is_admin` TINYINT(1) NOT NULL DEFAULT 0 COMMENT '是否为管理员（0：不是管理员(默认) ， 1：是管理员）', `created_at` DATETIME NOT NULL, `updated_at` DATETIME NOT NULL, `deleted_at` DATETIME, PRIMARY KEY (`id`)) ENGINE=InnoDB;
[2021-10-21T17:57:55.435] [INFO] db - sql Executing (default): SHOW INDEX FROM `lc_user`
[2021-10-21T17:57:56.314] [INFO] db - sql Executing (default): SELECT `id`, `username`, `password`, `is_admin` FROM `lc_user` AS `lc_user` WHERE (`lc_user`.`deleted_at` IS NULL AND `lc_user`.`username` = 'zhangsan');
[2021-10-21T17:58:48.958] [INFO] db - sql Executing (default): DROP TABLE IF EXISTS `lc_user`;
[2021-10-21T17:58:49.468] [INFO] db - sql Executing (default): CREATE TABLE IF NOT EXISTS `lc_user` (`id` INTEGER NOT NULL auto_increment , `username` VARCHAR(255) NOT NULL UNIQUE COMMENT '用户名', `password` CHAR(64) NOT NULL COMMENT '用户密码', `is_admin` TINYINT(1) NOT NULL DEFAULT 0 COMMENT '是否为管理员（0：不是管理员(默认) ， 1：是管理员）', `created_at` DATETIME NOT NULL, `updated_at` DATETIME NOT NULL, `deleted_at` DATETIME, PRIMARY KEY (`id`)) ENGINE=InnoDB;
[2021-10-21T17:58:51.060] [INFO] db - sql Executing (default): SHOW INDEX FROM `lc_user`
[2021-10-21T17:58:52.848] [INFO] db - sql Executing (default): SELECT `id`, `username`, `password`, `is_admin` FROM `lc_user` AS `lc_user` WHERE (`lc_user`.`deleted_at` IS NULL AND `lc_user`.`username` = 'zhangsan');
[2021-10-21T17:59:30.515] [INFO] db - sql Executing (default): DROP TABLE IF EXISTS `lc_user`;
[2021-10-21T17:59:30.847] [INFO] db - sql Executing (default): CREATE TABLE IF NOT EXISTS `lc_user` (`id` INTEGER NOT NULL auto_increment , `username` VARCHAR(255) NOT NULL UNIQUE COMMENT '用户名', `password` CHAR(64) NOT NULL COMMENT '用户密码', `is_admin` TINYINT(1) NOT NULL DEFAULT 0 COMMENT '是否为管理员（0：不是管理员(默认) ， 1：是管理员）', `created_at` DATETIME NOT NULL, `updated_at` DATETIME NOT NULL, `deleted_at` DATETIME, PRIMARY KEY (`id`)) ENGINE=InnoDB;
[2021-10-21T17:59:32.111] [INFO] db - sql Executing (default): SELECT `id`, `username`, `password`, `is_admin` FROM `lc_user` AS `lc_user` WHERE (`lc_user`.`deleted_at` IS NULL AND `lc_user`.`username` = 'zhangsan');
[2021-10-21T17:59:32.243] [INFO] db - sql Executing (default): SHOW INDEX FROM `lc_user`
[2021-10-21T17:59:55.001] [INFO] db - sql Executing (default): DROP TABLE IF EXISTS `lc_user`;
[2021-10-21T17:59:55.913] [INFO] db - sql Executing (default): CREATE TABLE IF NOT EXISTS `lc_user` (`id` INTEGER NOT NULL auto_increment , `username` VARCHAR(255) NOT NULL UNIQUE COMMENT '用户名', `password` CHAR(64) NOT NULL COMMENT '用户密码', `is_admin` TINYINT(1) NOT NULL DEFAULT 0 COMMENT '是否为管理员（0：不是管理员(默认) ， 1：是管理员）', `created_at` DATETIME NOT NULL, `updated_at` DATETIME NOT NULL, `deleted_at` DATETIME, PRIMARY KEY (`id`)) ENGINE=InnoDB;
[2021-10-21T17:59:56.536] [INFO] db - sql Executing (default): SHOW INDEX FROM `lc_user`
[2021-10-21T17:59:56.840] [INFO] db - sql Executing (default): SELECT `id`, `username`, `password`, `is_admin` FROM `lc_user` AS `lc_user` WHERE (`lc_user`.`deleted_at` IS NULL AND `lc_user`.`username` = 'zhangsan');
[2021-10-21T18:00:13.777] [INFO] db - sql Executing (default): DROP TABLE IF EXISTS `lc_user`;
[2021-10-21T18:00:14.151] [INFO] db - sql Executing (default): CREATE TABLE IF NOT EXISTS `lc_user` (`id` INTEGER NOT NULL auto_increment , `username` VARCHAR(255) NOT NULL UNIQUE COMMENT '用户名', `password` CHAR(64) NOT NULL COMMENT '用户密码', `is_admin` TINYINT(1) NOT NULL DEFAULT 0 COMMENT '是否为管理员（0：不是管理员(默认) ， 1：是管理员）', `created_at` DATETIME NOT NULL, `updated_at` DATETIME NOT NULL, `deleted_at` DATETIME, PRIMARY KEY (`id`)) ENGINE=InnoDB;
[2021-10-21T18:00:15.560] [INFO] db - sql Executing (default): SELECT `id`, `username`, `password`, `is_admin` FROM `lc_user` AS `lc_user` WHERE (`lc_user`.`deleted_at` IS NULL AND `lc_user`.`username` = 'zhangsan');
[2021-10-21T18:00:15.874] [INFO] db - sql Executing (default): SHOW INDEX FROM `lc_user`
[2021-10-21T18:01:17.428] [INFO] db - sql Executing (default): DROP TABLE IF EXISTS `lc_user`;
[2021-10-21T18:01:17.792] [INFO] db - sql Executing (default): CREATE TABLE IF NOT EXISTS `lc_user` (`id` INTEGER NOT NULL auto_increment , `username` VARCHAR(255) NOT NULL UNIQUE COMMENT '用户名', `password` CHAR(64) NOT NULL COMMENT '用户密码', `is_admin` TINYINT(1) NOT NULL DEFAULT 0 COMMENT '是否为管理员（0：不是管理员(默认) ， 1：是管理员）', `created_at` DATETIME NOT NULL, `updated_at` DATETIME NOT NULL, `deleted_at` DATETIME, PRIMARY KEY (`id`)) ENGINE=InnoDB;
[2021-10-21T18:01:18.477] [INFO] db - sql Executing (default): SHOW INDEX FROM `lc_user`
[2021-10-21T18:01:19.427] [INFO] db - sql Executing (default): SELECT `id`, `username`, `password`, `is_admin` FROM `lc_user` AS `lc_user` WHERE (`lc_user`.`deleted_at` IS NULL AND `lc_user`.`username` = 'zhangsan');
[2021-10-21T18:01:28.811] [INFO] db - sql Executing (default): DROP TABLE IF EXISTS `lc_user`;
[2021-10-21T18:01:29.089] [INFO] db - sql Executing (default): CREATE TABLE IF NOT EXISTS `lc_user` (`id` INTEGER NOT NULL auto_increment , `username` VARCHAR(255) NOT NULL UNIQUE COMMENT '用户名', `password` CHAR(64) NOT NULL COMMENT '用户密码', `is_admin` TINYINT(1) NOT NULL DEFAULT 0 COMMENT '是否为管理员（0：不是管理员(默认) ， 1：是管理员）', `created_at` DATETIME NOT NULL, `updated_at` DATETIME NOT NULL, `deleted_at` DATETIME, PRIMARY KEY (`id`)) ENGINE=InnoDB;
[2021-10-21T18:01:30.093] [INFO] db - sql Executing (default): SHOW INDEX FROM `lc_user`
[2021-10-21T18:01:30.596] [INFO] db - sql Executing (default): SELECT `id`, `username`, `password`, `is_admin` FROM `lc_user` AS `lc_user` WHERE (`lc_user`.`deleted_at` IS NULL AND `lc_user`.`username` = 'zhangsan');
[2021-10-21T18:01:53.147] [INFO] db - sql Executing (default): DROP TABLE IF EXISTS `lc_user`;
[2021-10-21T18:01:53.675] [INFO] db - sql Executing (default): CREATE TABLE IF NOT EXISTS `lc_user` (`id` INTEGER NOT NULL auto_increment , `username` VARCHAR(255) NOT NULL UNIQUE COMMENT '用户名', `password` CHAR(64) NOT NULL COMMENT '用户密码', `is_admin` TINYINT(1) NOT NULL DEFAULT 0 COMMENT '是否为管理员（0：不是管理员(默认) ， 1：是管理员）', `created_at` DATETIME NOT NULL, `updated_at` DATETIME NOT NULL, `deleted_at` DATETIME, PRIMARY KEY (`id`)) ENGINE=InnoDB;
[2021-10-21T18:01:54.641] [INFO] db - sql Executing (default): SELECT `id`, `username`, `password`, `is_admin` FROM `lc_user` AS `lc_user` WHERE (`lc_user`.`deleted_at` IS NULL AND `lc_user`.`username` = 'zhangsan');
[2021-10-21T18:01:55.522] [INFO] db - sql Executing (default): SHOW INDEX FROM `lc_user`
[2021-10-21T18:02:19.653] [INFO] db - sql Executing (default): DROP TABLE IF EXISTS `lc_user`;
[2021-10-21T18:02:20.060] [INFO] db - sql Executing (default): CREATE TABLE IF NOT EXISTS `lc_user` (`id` INTEGER NOT NULL auto_increment , `username` VARCHAR(255) NOT NULL UNIQUE COMMENT '用户名', `password` CHAR(64) NOT NULL COMMENT '用户密码', `is_admin` TINYINT(1) NOT NULL DEFAULT 0 COMMENT '是否为管理员（0：不是管理员(默认) ， 1：是管理员）', `created_at` DATETIME NOT NULL, `updated_at` DATETIME NOT NULL, `deleted_at` DATETIME, PRIMARY KEY (`id`)) ENGINE=InnoDB;
[2021-10-21T18:02:20.513] [INFO] db - sql Executing (default): SHOW INDEX FROM `lc_user`
[2021-10-21T18:02:21.429] [INFO] db - sql Executing (default): SELECT `id`, `username`, `password`, `is_admin` FROM `lc_user` AS `lc_user` WHERE (`lc_user`.`deleted_at` IS NULL AND `lc_user`.`username` = 'zhangsan');
[2021-10-21T18:02:27.123] [INFO] db - sql Executing (default): DROP TABLE IF EXISTS `lc_user`;
[2021-10-21T18:02:27.452] [INFO] db - sql Executing (default): CREATE TABLE IF NOT EXISTS `lc_user` (`id` INTEGER NOT NULL auto_increment , `username` VARCHAR(255) NOT NULL UNIQUE COMMENT '用户名', `password` CHAR(64) NOT NULL COMMENT '用户密码', `is_admin` TINYINT(1) NOT NULL DEFAULT 0 COMMENT '是否为管理员（0：不是管理员(默认) ， 1：是管理员）', `created_at` DATETIME NOT NULL, `updated_at` DATETIME NOT NULL, `deleted_at` DATETIME, PRIMARY KEY (`id`)) ENGINE=InnoDB;
[2021-10-21T18:02:28.891] [INFO] db - sql Executing (default): SHOW INDEX FROM `lc_user`
[2021-10-21T18:02:32.281] [INFO] db - sql Executing (default): SELECT `id`, `username`, `password`, `is_admin` FROM `lc_user` AS `lc_user` WHERE (`lc_user`.`deleted_at` IS NULL AND `lc_user`.`username` = 'zhangsan');
[2021-10-21T18:02:52.713] [INFO] db - sql Executing (default): DROP TABLE IF EXISTS `lc_user`;
[2021-10-21T18:02:53.185] [INFO] db - sql Executing (default): CREATE TABLE IF NOT EXISTS `lc_user` (`id` INTEGER NOT NULL auto_increment , `username` VARCHAR(255) NOT NULL UNIQUE COMMENT '用户名', `password` CHAR(64) NOT NULL COMMENT '用户密码', `is_admin` TINYINT(1) NOT NULL DEFAULT 0 COMMENT '是否为管理员（0：不是管理员(默认) ， 1：是管理员）', `created_at` DATETIME NOT NULL, `updated_at` DATETIME NOT NULL, `deleted_at` DATETIME, PRIMARY KEY (`id`)) ENGINE=InnoDB;
[2021-10-21T18:02:54.381] [INFO] db - sql Executing (default): SHOW INDEX FROM `lc_user`
[2021-10-21T18:02:57.173] [INFO] db - sql Executing (default): SELECT `id`, `username`, `password`, `is_admin` FROM `lc_user` AS `lc_user` WHERE (`lc_user`.`deleted_at` IS NULL AND `lc_user`.`username` = 'zhangsan');
[2021-10-21T18:03:20.553] [INFO] db - sql Executing (default): DROP TABLE IF EXISTS `lc_user`;
[2021-10-21T18:03:20.880] [INFO] db - sql Executing (default): CREATE TABLE IF NOT EXISTS `lc_user` (`id` INTEGER NOT NULL auto_increment , `username` VARCHAR(255) NOT NULL UNIQUE COMMENT '用户名', `password` CHAR(64) NOT NULL COMMENT '用户密码', `is_admin` TINYINT(1) NOT NULL DEFAULT 0 COMMENT '是否为管理员（0：不是管理员(默认) ， 1：是管理员）', `created_at` DATETIME NOT NULL, `updated_at` DATETIME NOT NULL, `deleted_at` DATETIME, PRIMARY KEY (`id`)) ENGINE=InnoDB;
[2021-10-21T18:03:21.408] [INFO] db - sql Executing (default): SHOW INDEX FROM `lc_user`
[2021-10-21T18:03:23.230] [INFO] db - sql Executing (default): SELECT `id`, `username`, `password`, `is_admin` FROM `lc_user` AS `lc_user` WHERE (`lc_user`.`deleted_at` IS NULL AND `lc_user`.`username` = 'zhangsan');
[2021-10-21T18:03:23.240] [INFO] db - sql Executing (default): INSERT INTO `lc_user` (`id`,`username`,`password`,`is_admin`,`created_at`,`updated_at`) VALUES (DEFAULT,?,?,?,?,?);
[2021-10-21T18:03:25.110] [INFO] db - sql Executing (default): SELECT `id`, `username`, `password`, `is_admin` FROM `lc_user` AS `lc_user` WHERE (`lc_user`.`deleted_at` IS NULL AND `lc_user`.`username` = 'zhangsan');
[2021-10-21T18:03:25.967] [INFO] db - sql Executing (default): SELECT `id`, `username`, `password`, `is_admin` FROM `lc_user` AS `lc_user` WHERE (`lc_user`.`deleted_at` IS NULL AND `lc_user`.`username` = 'zhangsan');
