[2021-10-23T16:50:12.885] [INFO] db - sql Executing (default): DROP TABLE IF EXISTS `lc_user`;
[2021-10-23T16:50:12.892] [INFO] db - sql Executing (default): CREATE TABLE IF NOT EXISTS `lc_user` (`id` INTEGER NOT NULL auto_increment , `username` VARCHAR(255) NOT NULL UNIQUE COMMENT '用户名', `password` CHAR(64) NOT NULL COMMENT '用户密码', `is_admin` TINYINT(1) NOT NULL DEFAULT 0 COMMENT '是否为管理员（0：不是管理员(默认) ， 1：是管理员）', `created_at` DATETIME NOT NULL, `updated_at` DATETIME NOT NULL, `deleted_at` DATETIME, PRIMARY KEY (`id`)) ENGINE=InnoDB;
[2021-10-23T16:50:12.947] [INFO] db - sql Executing (default): SHOW INDEX FROM `lc_user`
[2021-10-23T17:03:41.725] [INFO] db - sql Executing (default): DROP TABLE IF EXISTS `lc_user`;
[2021-10-23T17:03:41.744] [INFO] db - sql Executing (default): CREATE TABLE IF NOT EXISTS `lc_user` (`id` INTEGER NOT NULL auto_increment , `username` VARCHAR(255) NOT NULL UNIQUE COMMENT '用户名', `password` CHAR(64) NOT NULL COMMENT '用户密码', `is_admin` TINYINT(1) NOT NULL DEFAULT 0 COMMENT '是否为管理员（0：不是管理员(默认) ， 1：是管理员）', `created_at` DATETIME NOT NULL, `updated_at` DATETIME NOT NULL, `deleted_at` DATETIME, PRIMARY KEY (`id`)) ENGINE=InnoDB;
[2021-10-23T17:03:41.801] [INFO] db - sql Executing (default): SHOW INDEX FROM `lc_user`
[2021-10-23T17:03:48.414] [INFO] db - sql Executing (default): DROP TABLE IF EXISTS `lc_user`;
[2021-10-23T17:03:48.433] [INFO] db - sql Executing (default): CREATE TABLE IF NOT EXISTS `lc_user` (`id` INTEGER NOT NULL auto_increment , `username` VARCHAR(255) NOT NULL UNIQUE COMMENT '用户名', `password` CHAR(64) NOT NULL COMMENT '用户密码', `is_admin` TINYINT(1) NOT NULL DEFAULT 0 COMMENT '是否为管理员（0：不是管理员(默认) ， 1：是管理员）', `created_at` DATETIME NOT NULL, `updated_at` DATETIME NOT NULL, `deleted_at` DATETIME, PRIMARY KEY (`id`)) ENGINE=InnoDB;
[2021-10-23T17:03:48.482] [INFO] db - sql Executing (default): SHOW INDEX FROM `lc_user`
[2021-10-23T22:43:57.911] [INFO] db - sql Executing (default): SELECT `id`, `username`, `password`, `is_admin` FROM `lc_user` AS `lc_user` WHERE (`lc_user`.`deleted_at` IS NULL AND `lc_user`.`username` = 'admin');
[2021-10-23T22:44:33.322] [INFO] db - sql Executing (default): DROP TABLE IF EXISTS `lc_user`;
[2021-10-23T22:44:33.327] [INFO] db - sql Executing (default): CREATE TABLE IF NOT EXISTS `lc_user` (`id` INTEGER NOT NULL auto_increment , `username` VARCHAR(255) NOT NULL UNIQUE COMMENT '用户名', `password` CHAR(64) NOT NULL COMMENT '用户密码', `is_admin` TINYINT(1) NOT NULL DEFAULT 0 COMMENT '是否为管理员（0：不是管理员(默认) ， 1：是管理员）', `created_at` DATETIME NOT NULL, `updated_at` DATETIME NOT NULL, `deleted_at` DATETIME, PRIMARY KEY (`id`)) ENGINE=InnoDB;
[2021-10-23T22:44:33.379] [INFO] db - sql Executing (default): SHOW INDEX FROM `lc_user`
[2021-10-23T22:44:35.842] [INFO] db - sql Executing (default): SELECT `id`, `username`, `password`, `is_admin` FROM `lc_user` AS `lc_user` WHERE (`lc_user`.`deleted_at` IS NULL AND `lc_user`.`username` = 'admin');
[2021-10-23T22:44:35.979] [INFO] db - sql Executing (default): INSERT INTO `lc_user` (`id`,`username`,`password`,`is_admin`,`created_at`,`updated_at`) VALUES (DEFAULT,?,?,?,?,?);
[2021-10-23T22:46:04.956] [INFO] db - sql Executing (default): SELECT `id`, `username`, `password`, `is_admin` FROM `lc_user` AS `lc_user` WHERE (`lc_user`.`deleted_at` IS NULL AND `lc_user`.`username` = 'admin');
[2021-10-23T22:46:05.055] [INFO] db - sql Executing (default): SELECT `id`, `username`, `password`, `is_admin` FROM `lc_user` AS `lc_user` WHERE (`lc_user`.`deleted_at` IS NULL AND `lc_user`.`username` = 'admin');
[2021-10-23T22:48:39.200] [INFO] db - sql Executing (default): SELECT `id`, `username`, `password`, `is_admin` FROM `lc_user` AS `lc_user` WHERE (`lc_user`.`deleted_at` IS NULL AND `lc_user`.`username` = 'admin');
[2021-10-23T22:48:39.304] [INFO] db - sql Executing (default): SELECT `id`, `username`, `password`, `is_admin` FROM `lc_user` AS `lc_user` WHERE (`lc_user`.`deleted_at` IS NULL AND `lc_user`.`username` = 'admin');
[2021-10-23T22:50:27.891] [INFO] db - sql Executing (default): SELECT `id`, `username`, `password`, `is_admin` FROM `lc_user` AS `lc_user` WHERE (`lc_user`.`deleted_at` IS NULL AND `lc_user`.`username` = 'admin');
[2021-10-23T22:50:27.993] [INFO] db - sql Executing (default): SELECT `id`, `username`, `password`, `is_admin` FROM `lc_user` AS `lc_user` WHERE (`lc_user`.`deleted_at` IS NULL AND `lc_user`.`username` = 'admin');
[2021-10-23T22:51:26.178] [INFO] db - sql Executing (default): SELECT `id`, `username`, `password`, `is_admin` FROM `lc_user` AS `lc_user` WHERE (`lc_user`.`deleted_at` IS NULL AND `lc_user`.`username` = 'admin');
[2021-10-23T22:51:26.282] [INFO] db - sql Executing (default): SELECT `id`, `username`, `password`, `is_admin` FROM `lc_user` AS `lc_user` WHERE (`lc_user`.`deleted_at` IS NULL AND `lc_user`.`username` = 'admin');
[2021-10-23T22:53:05.704] [INFO] db - sql Executing (default): SELECT `id`, `username`, `password`, `is_admin` FROM `lc_user` AS `lc_user` WHERE (`lc_user`.`deleted_at` IS NULL AND `lc_user`.`username` = 'admin');
[2021-10-23T22:53:05.806] [INFO] db - sql Executing (default): SELECT `id`, `username`, `password`, `is_admin` FROM `lc_user` AS `lc_user` WHERE (`lc_user`.`deleted_at` IS NULL AND `lc_user`.`username` = 'admin');
[2021-10-23T22:53:07.212] [INFO] db - sql Executing (default): SELECT `id`, `username`, `password`, `is_admin` FROM `lc_user` AS `lc_user` WHERE (`lc_user`.`deleted_at` IS NULL AND `lc_user`.`username` = 'admin');
[2021-10-23T22:53:07.312] [INFO] db - sql Executing (default): SELECT `id`, `username`, `password`, `is_admin` FROM `lc_user` AS `lc_user` WHERE (`lc_user`.`deleted_at` IS NULL AND `lc_user`.`username` = 'admin');
[2021-10-23T22:54:03.903] [INFO] db - sql Executing (default): SELECT `id`, `username`, `password`, `is_admin` FROM `lc_user` AS `lc_user` WHERE (`lc_user`.`deleted_at` IS NULL AND `lc_user`.`username` = 'admin');
[2021-10-23T22:54:04.007] [INFO] db - sql Executing (default): SELECT `id`, `username`, `password`, `is_admin` FROM `lc_user` AS `lc_user` WHERE (`lc_user`.`deleted_at` IS NULL AND `lc_user`.`username` = 'admin');
[2021-10-23T22:54:05.513] [INFO] db - sql Executing (default): SELECT `id`, `username`, `password`, `is_admin` FROM `lc_user` AS `lc_user` WHERE (`lc_user`.`deleted_at` IS NULL AND `lc_user`.`username` = 'admin');
[2021-10-23T22:54:05.612] [INFO] db - sql Executing (default): SELECT `id`, `username`, `password`, `is_admin` FROM `lc_user` AS `lc_user` WHERE (`lc_user`.`deleted_at` IS NULL AND `lc_user`.`username` = 'admin');
[2021-10-23T22:54:41.458] [INFO] db - sql Executing (default): SELECT `id`, `username`, `password`, `is_admin` FROM `lc_user` AS `lc_user` WHERE (`lc_user`.`deleted_at` IS NULL AND `lc_user`.`username` = 'admin');
[2021-10-23T22:54:41.562] [INFO] db - sql Executing (default): SELECT `id`, `username`, `password`, `is_admin` FROM `lc_user` AS `lc_user` WHERE (`lc_user`.`deleted_at` IS NULL AND `lc_user`.`username` = 'admin');
[2021-10-23T22:55:22.843] [INFO] db - sql Executing (default): SELECT `id`, `username`, `password`, `is_admin` FROM `lc_user` AS `lc_user` WHERE (`lc_user`.`deleted_at` IS NULL AND `lc_user`.`username` = 'admin');
[2021-10-23T22:55:22.945] [INFO] db - sql Executing (default): SELECT `id`, `username`, `password`, `is_admin` FROM `lc_user` AS `lc_user` WHERE (`lc_user`.`deleted_at` IS NULL AND `lc_user`.`username` = 'admin');
[2021-10-23T22:55:28.769] [INFO] db - sql Executing (default): UPDATE `lc_user` SET `username`=?,`password`=?,`updated_at`=? WHERE (`deleted_at` IS NULL AND `id` = ?)
[2021-10-23T22:55:43.674] [INFO] db - sql Executing (default): SELECT `id`, `username`, `password`, `is_admin` FROM `lc_user` AS `lc_user` WHERE (`lc_user`.`deleted_at` IS NULL AND `lc_user`.`username` = 'admin');
[2021-10-23T22:55:46.554] [INFO] db - sql Executing (default): SELECT `id`, `username`, `password`, `is_admin` FROM `lc_user` AS `lc_user` WHERE (`lc_user`.`deleted_at` IS NULL AND `lc_user`.`username` = 'admin1');
[2021-10-23T22:55:49.744] [INFO] db - sql Executing (default): SELECT `id`, `username`, `password`, `is_admin` FROM `lc_user` AS `lc_user` WHERE (`lc_user`.`deleted_at` IS NULL AND `lc_user`.`username` = 'admin1');
[2021-10-23T22:55:49.849] [INFO] db - sql Executing (default): SELECT `id`, `username`, `password`, `is_admin` FROM `lc_user` AS `lc_user` WHERE (`lc_user`.`deleted_at` IS NULL AND `lc_user`.`username` = 'admin1');
[2021-10-23T22:55:59.090] [INFO] db - sql Executing (default): UPDATE `lc_user` SET `username`=?,`password`=?,`updated_at`=? WHERE (`deleted_at` IS NULL AND `id` = ?)
[2021-10-23T22:56:02.054] [INFO] db - sql Executing (default): SELECT `id`, `username`, `password`, `is_admin` FROM `lc_user` AS `lc_user` WHERE (`lc_user`.`deleted_at` IS NULL AND `lc_user`.`username` = 'admin1');
[2021-10-23T22:56:04.724] [INFO] db - sql Executing (default): SELECT `id`, `username`, `password`, `is_admin` FROM `lc_user` AS `lc_user` WHERE (`lc_user`.`deleted_at` IS NULL AND `lc_user`.`username` = 'admin');
[2021-10-23T22:56:08.803] [INFO] db - sql Executing (default): SELECT `id`, `username`, `password`, `is_admin` FROM `lc_user` AS `lc_user` WHERE (`lc_user`.`deleted_at` IS NULL AND `lc_user`.`username` = 'admin');
[2021-10-23T22:56:08.904] [INFO] db - sql Executing (default): SELECT `id`, `username`, `password`, `is_admin` FROM `lc_user` AS `lc_user` WHERE (`lc_user`.`deleted_at` IS NULL AND `lc_user`.`username` = 'admin');
