[2021-10-24T15:54:46.234] [ERROR] error - {
  error: { code: '10001', msg: '密码必须包含字母、数字，且密码位数在8-32位之间', result: '' },
  requestBody: {},
  request: {
    method: 'POST',
    url: '/user/register',
    header: {
      host: '127.0.0.1:8888',
      connection: 'keep-alive',
      'content-length': '0',
      'sec-ch-ua': '"Chromium";v="94", "Google Chrome";v="94", ";Not A Brand";v="99"',
      'cross-request-open-sign': '1',
      'content-type': 'application/json',
      'sec-ch-ua-mobile': '?0',
      'user-agent': 'Mozilla/5.0 (Windows NT 10.0; Win64; x64) AppleWebKit/537.36 (KHTML, like Gecko) Chrome/94.0.4606.81 Safari/537.36',
      'sec-ch-ua-platform': '"Windows"',
      accept: '*/*',
      origin: 'chrome-extension://akoimoegceciidipibfhnnnliclkmogi',
      'sec-fetch-site': 'none',
      'sec-fetch-mode': 'cors',
      'sec-fetch-dest': 'empty',
      'accept-encoding': 'gzip, deflate, br',
      'accept-language': 'zh-CN,zh;q=0.9'
    }
  },
  response: {
    status: 400,
    message: 'Bad Request',
    header: [Object: null prototype] {
      'content-type': 'application/json; charset=utf-8'
    },
    body: { code: '10001', msg: '密码必须包含字母、数字，且密码位数在8-32位之间', result: '' }
  },
  app: { subdomainOffset: 2, proxy: false, env: 'development' },
  originalUrl: '/user/register'
}
[2021-10-24T15:55:35.801] [ERROR] error - {
  error: Error: invalid JSON, only supports object and array
      at parse (E:\MyProject\NodeJS\Koa2_service\node_modules\co-body\lib\json.js:60:13)
      at E:\MyProject\NodeJS\Koa2_service\node_modules\co-body\lib\json.js:45:22
      at processTicksAndRejections (internal/process/task_queues.js:95:5) {
    status: 400,
    body: 'in deserunt enim'
  },
  requestBody: undefined,
  request: {
    method: 'POST',
    url: '/user/register',
    header: {
      host: '127.0.0.1:8888',
      connection: 'keep-alive',
      'content-length': '16',
      'sec-ch-ua': '"Chromium";v="94", "Google Chrome";v="94", ";Not A Brand";v="99"',
      'cross-request-open-sign': '1',
      'content-type': 'application/json',
      'sec-ch-ua-mobile': '?0',
      'user-agent': 'Mozilla/5.0 (Windows NT 10.0; Win64; x64) AppleWebKit/537.36 (KHTML, like Gecko) Chrome/94.0.4606.81 Safari/537.36',
      'sec-ch-ua-platform': '"Windows"',
      accept: '*/*',
      origin: 'chrome-extension://akoimoegceciidipibfhnnnliclkmogi',
      'sec-fetch-site': 'none',
      'sec-fetch-mode': 'cors',
      'sec-fetch-dest': 'empty',
      'accept-encoding': 'gzip, deflate, br',
      'accept-language': 'zh-CN,zh;q=0.9'
    }
  },
  response: {
    status: 500,
    message: 'Internal Server Error',
    header: [Object: null prototype] {
      'content-type': 'application/json; charset=utf-8'
    },
    body: Error: invalid JSON, only supports object and array
        at parse (E:\MyProject\NodeJS\Koa2_service\node_modules\co-body\lib\json.js:60:13)
        at E:\MyProject\NodeJS\Koa2_service\node_modules\co-body\lib\json.js:45:22
        at processTicksAndRejections (internal/process/task_queues.js:95:5) {
      status: 400,
      body: 'in deserunt enim'
    }
  },
  app: { subdomainOffset: 2, proxy: false, env: 'development' },
  originalUrl: '/user/register'
}
[2021-10-24T22:33:55.402] [ERROR] error - {
  error: TypeError: Cannot set property 'code' of undefined
      at E:\MyProject\NodeJS\Koa2_service\routes\captcha.js:18:22
      at dispatch (E:\MyProject\NodeJS\Koa2_service\node_modules\koa-compose\index.js:42:32)
      at E:\MyProject\NodeJS\Koa2_service\node_modules\koa-router\lib\router.js:372:16
      at dispatch (E:\MyProject\NodeJS\Koa2_service\node_modules\koa-compose\index.js:42:32)
      at E:\MyProject\NodeJS\Koa2_service\node_modules\koa-compose\index.js:34:12
      at dispatch (E:\MyProject\NodeJS\Koa2_service\node_modules\koa-router\lib\router.js:377:31)
      at dispatch (E:\MyProject\NodeJS\Koa2_service\node_modules\koa-compose\index.js:42:32)
      at dispatch (E:\MyProject\NodeJS\Koa2_service\node_modules\koa-router\lib\router.js:353:32)
      at dispatch (E:\MyProject\NodeJS\Koa2_service\node_modules\koa-compose\index.js:42:32)
      at AccessLogger (E:\MyProject\NodeJS\Koa2_service\middleware\LoggerInfoMiddleware.js:11:10),
  requestBody: {},
  request: {
    method: 'GET',
    url: '/captcha/getCode',
    header: {
      authorization: 'Bearer eyJhbGciOiJIUzI1NiIsInR5cCI6IkpXVCJ9.eyJpZCI6MSwidXNlcm5hbWUiOiJhZG1pbiIsImlzX2FkbWluIjpmYWxzZSwiaWF0IjoxNjM1MDAwOTY4LCJleHAiOjE2MzUwODczNjh9.pAwmiNEXeB6Gxy9VJAKxGof8IMCwh8u8n0MqmBUE37E',
      'user-agent': 'PostmanRuntime/7.28.4',
      accept: '*/*',
      'cache-control': 'no-cache',
      'postman-token': '7f61af9a-1c82-4c52-89d0-899ab920e081',
      host: '127.0.0.1:8888',
      'accept-encoding': 'gzip, deflate, br',
      connection: 'keep-alive'
    }
  },
  response: {
    status: 500,
    message: 'Internal Server Error',
    header: [Object: null prototype] {
      'content-type': 'application/json; charset=utf-8'
    },
    body: TypeError: Cannot set property 'code' of undefined
        at E:\MyProject\NodeJS\Koa2_service\routes\captcha.js:18:22
        at dispatch (E:\MyProject\NodeJS\Koa2_service\node_modules\koa-compose\index.js:42:32)
        at E:\MyProject\NodeJS\Koa2_service\node_modules\koa-router\lib\router.js:372:16
        at dispatch (E:\MyProject\NodeJS\Koa2_service\node_modules\koa-compose\index.js:42:32)
        at E:\MyProject\NodeJS\Koa2_service\node_modules\koa-compose\index.js:34:12
        at dispatch (E:\MyProject\NodeJS\Koa2_service\node_modules\koa-router\lib\router.js:377:31)
        at dispatch (E:\MyProject\NodeJS\Koa2_service\node_modules\koa-compose\index.js:42:32)
        at dispatch (E:\MyProject\NodeJS\Koa2_service\node_modules\koa-router\lib\router.js:353:32)
        at dispatch (E:\MyProject\NodeJS\Koa2_service\node_modules\koa-compose\index.js:42:32)
        at AccessLogger (E:\MyProject\NodeJS\Koa2_service\middleware\LoggerInfoMiddleware.js:11:10)
  },
  app: { subdomainOffset: 2, proxy: false, env: 'development' },
  originalUrl: '/captcha/getCode'
}
[2021-10-24T22:33:58.582] [ERROR] error - {
  error: TypeError: Cannot set property 'code' of undefined
      at E:\MyProject\NodeJS\Koa2_service\routes\captcha.js:18:22
      at dispatch (E:\MyProject\NodeJS\Koa2_service\node_modules\koa-compose\index.js:42:32)
      at E:\MyProject\NodeJS\Koa2_service\node_modules\koa-router\lib\router.js:372:16
      at dispatch (E:\MyProject\NodeJS\Koa2_service\node_modules\koa-compose\index.js:42:32)
      at E:\MyProject\NodeJS\Koa2_service\node_modules\koa-compose\index.js:34:12
      at dispatch (E:\MyProject\NodeJS\Koa2_service\node_modules\koa-router\lib\router.js:377:31)
      at dispatch (E:\MyProject\NodeJS\Koa2_service\node_modules\koa-compose\index.js:42:32)
      at dispatch (E:\MyProject\NodeJS\Koa2_service\node_modules\koa-router\lib\router.js:353:32)
      at dispatch (E:\MyProject\NodeJS\Koa2_service\node_modules\koa-compose\index.js:42:32)
      at AccessLogger (E:\MyProject\NodeJS\Koa2_service\middleware\LoggerInfoMiddleware.js:11:10),
  requestBody: {},
  request: {
    method: 'GET',
    url: '/captcha/getCode',
    header: {
      authorization: 'Bearer eyJhbGciOiJIUzI1NiIsInR5cCI6IkpXVCJ9.eyJpZCI6MSwidXNlcm5hbWUiOiJhZG1pbiIsImlzX2FkbWluIjpmYWxzZSwiaWF0IjoxNjM1MDAwOTY4LCJleHAiOjE2MzUwODczNjh9.pAwmiNEXeB6Gxy9VJAKxGof8IMCwh8u8n0MqmBUE37E',
      'user-agent': 'PostmanRuntime/7.28.4',
      accept: '*/*',
      'cache-control': 'no-cache',
      'postman-token': 'c65aec11-a308-4fe9-a074-bef86d13f3bc',
      host: '127.0.0.1:8888',
      'accept-encoding': 'gzip, deflate, br',
      connection: 'keep-alive'
    }
  },
  response: {
    status: 500,
    message: 'Internal Server Error',
    header: [Object: null prototype] {
      'content-type': 'application/json; charset=utf-8'
    },
    body: TypeError: Cannot set property 'code' of undefined
        at E:\MyProject\NodeJS\Koa2_service\routes\captcha.js:18:22
        at dispatch (E:\MyProject\NodeJS\Koa2_service\node_modules\koa-compose\index.js:42:32)
        at E:\MyProject\NodeJS\Koa2_service\node_modules\koa-router\lib\router.js:372:16
        at dispatch (E:\MyProject\NodeJS\Koa2_service\node_modules\koa-compose\index.js:42:32)
        at E:\MyProject\NodeJS\Koa2_service\node_modules\koa-compose\index.js:34:12
        at dispatch (E:\MyProject\NodeJS\Koa2_service\node_modules\koa-router\lib\router.js:377:31)
        at dispatch (E:\MyProject\NodeJS\Koa2_service\node_modules\koa-compose\index.js:42:32)
        at dispatch (E:\MyProject\NodeJS\Koa2_service\node_modules\koa-router\lib\router.js:353:32)
        at dispatch (E:\MyProject\NodeJS\Koa2_service\node_modules\koa-compose\index.js:42:32)
        at AccessLogger (E:\MyProject\NodeJS\Koa2_service\middleware\LoggerInfoMiddleware.js:11:10)
  },
  app: { subdomainOffset: 2, proxy: false, env: 'development' },
  originalUrl: '/captcha/getCode'
}
[2021-10-24T22:34:07.644] [ERROR] error - {
  error: TypeError: Cannot set property 'code' of undefined
      at E:\MyProject\NodeJS\Koa2_service\routes\captcha.js:18:22
      at dispatch (E:\MyProject\NodeJS\Koa2_service\node_modules\koa-compose\index.js:42:32)
      at E:\MyProject\NodeJS\Koa2_service\node_modules\koa-router\lib\router.js:372:16
      at dispatch (E:\MyProject\NodeJS\Koa2_service\node_modules\koa-compose\index.js:42:32)
      at E:\MyProject\NodeJS\Koa2_service\node_modules\koa-compose\index.js:34:12
      at dispatch (E:\MyProject\NodeJS\Koa2_service\node_modules\koa-router\lib\router.js:377:31)
      at dispatch (E:\MyProject\NodeJS\Koa2_service\node_modules\koa-compose\index.js:42:32)
      at dispatch (E:\MyProject\NodeJS\Koa2_service\node_modules\koa-router\lib\router.js:353:32)
      at dispatch (E:\MyProject\NodeJS\Koa2_service\node_modules\koa-compose\index.js:42:32)
      at AccessLogger (E:\MyProject\NodeJS\Koa2_service\middleware\LoggerInfoMiddleware.js:11:10),
  requestBody: {},
  request: {
    method: 'GET',
    url: '/captcha/getCode',
    header: {
      authorization: 'Bearer eyJhbGciOiJIUzI1NiIsInR5cCI6IkpXVCJ9.eyJpZCI6MSwidXNlcm5hbWUiOiJhZG1pbiIsImlzX2FkbWluIjpmYWxzZSwiaWF0IjoxNjM1MDAwOTY4LCJleHAiOjE2MzUwODczNjh9.pAwmiNEXeB6Gxy9VJAKxGof8IMCwh8u8n0MqmBUE37E',
      'user-agent': 'PostmanRuntime/7.28.4',
      accept: '*/*',
      'cache-control': 'no-cache',
      'postman-token': '8794e2de-d2c8-433f-8874-ec8fb32334c0',
      host: '127.0.0.1:8888',
      'accept-encoding': 'gzip, deflate, br',
      connection: 'keep-alive'
    }
  },
  response: {
    status: 500,
    message: 'Internal Server Error',
    header: [Object: null prototype] {
      'content-type': 'application/json; charset=utf-8'
    },
    body: TypeError: Cannot set property 'code' of undefined
        at E:\MyProject\NodeJS\Koa2_service\routes\captcha.js:18:22
        at dispatch (E:\MyProject\NodeJS\Koa2_service\node_modules\koa-compose\index.js:42:32)
        at E:\MyProject\NodeJS\Koa2_service\node_modules\koa-router\lib\router.js:372:16
        at dispatch (E:\MyProject\NodeJS\Koa2_service\node_modules\koa-compose\index.js:42:32)
        at E:\MyProject\NodeJS\Koa2_service\node_modules\koa-compose\index.js:34:12
        at dispatch (E:\MyProject\NodeJS\Koa2_service\node_modules\koa-router\lib\router.js:377:31)
        at dispatch (E:\MyProject\NodeJS\Koa2_service\node_modules\koa-compose\index.js:42:32)
        at dispatch (E:\MyProject\NodeJS\Koa2_service\node_modules\koa-router\lib\router.js:353:32)
        at dispatch (E:\MyProject\NodeJS\Koa2_service\node_modules\koa-compose\index.js:42:32)
        at AccessLogger (E:\MyProject\NodeJS\Koa2_service\middleware\LoggerInfoMiddleware.js:11:10)
  },
  app: { subdomainOffset: 2, proxy: false, env: 'development' },
  originalUrl: '/captcha/getCode'
}
[2021-10-24T22:34:54.685] [ERROR] error - {
  error: TypeError: Cannot set property 'code' of undefined
      at E:\MyProject\NodeJS\Koa2_service\routes\captcha.js:18:22
      at dispatch (E:\MyProject\NodeJS\Koa2_service\node_modules\koa-compose\index.js:42:32)
      at E:\MyProject\NodeJS\Koa2_service\node_modules\koa-router\lib\router.js:372:16
      at dispatch (E:\MyProject\NodeJS\Koa2_service\node_modules\koa-compose\index.js:42:32)
      at E:\MyProject\NodeJS\Koa2_service\node_modules\koa-compose\index.js:34:12
      at dispatch (E:\MyProject\NodeJS\Koa2_service\node_modules\koa-router\lib\router.js:377:31)
      at dispatch (E:\MyProject\NodeJS\Koa2_service\node_modules\koa-compose\index.js:42:32)
      at dispatch (E:\MyProject\NodeJS\Koa2_service\node_modules\koa-router\lib\router.js:353:32)
      at dispatch (E:\MyProject\NodeJS\Koa2_service\node_modules\koa-compose\index.js:42:32)
      at AccessLogger (E:\MyProject\NodeJS\Koa2_service\middleware\LoggerInfoMiddleware.js:11:10),
  requestBody: {},
  request: {
    method: 'GET',
    url: '/captcha/getCode',
    header: {
      authorization: 'Bearer eyJhbGciOiJIUzI1NiIsInR5cCI6IkpXVCJ9.eyJpZCI6MSwidXNlcm5hbWUiOiJhZG1pbiIsImlzX2FkbWluIjpmYWxzZSwiaWF0IjoxNjM1MDAwOTY4LCJleHAiOjE2MzUwODczNjh9.pAwmiNEXeB6Gxy9VJAKxGof8IMCwh8u8n0MqmBUE37E',
      'user-agent': 'PostmanRuntime/7.28.4',
      accept: '*/*',
      'cache-control': 'no-cache',
      'postman-token': 'ed778572-df56-428b-8be1-9eceac7a2c83',
      host: '127.0.0.1:8888',
      'accept-encoding': 'gzip, deflate, br',
      connection: 'keep-alive'
    }
  },
  response: {
    status: 500,
    message: 'Internal Server Error',
    header: [Object: null prototype] {
      'content-type': 'application/json; charset=utf-8'
    },
    body: TypeError: Cannot set property 'code' of undefined
        at E:\MyProject\NodeJS\Koa2_service\routes\captcha.js:18:22
        at dispatch (E:\MyProject\NodeJS\Koa2_service\node_modules\koa-compose\index.js:42:32)
        at E:\MyProject\NodeJS\Koa2_service\node_modules\koa-router\lib\router.js:372:16
        at dispatch (E:\MyProject\NodeJS\Koa2_service\node_modules\koa-compose\index.js:42:32)
        at E:\MyProject\NodeJS\Koa2_service\node_modules\koa-compose\index.js:34:12
        at dispatch (E:\MyProject\NodeJS\Koa2_service\node_modules\koa-router\lib\router.js:377:31)
        at dispatch (E:\MyProject\NodeJS\Koa2_service\node_modules\koa-compose\index.js:42:32)
        at dispatch (E:\MyProject\NodeJS\Koa2_service\node_modules\koa-router\lib\router.js:353:32)
        at dispatch (E:\MyProject\NodeJS\Koa2_service\node_modules\koa-compose\index.js:42:32)
        at AccessLogger (E:\MyProject\NodeJS\Koa2_service\middleware\LoggerInfoMiddleware.js:11:10)
  },
  app: { subdomainOffset: 2, proxy: false, env: 'development' },
  originalUrl: '/captcha/getCode'
}
[2021-10-24T22:35:38.054] [ERROR] error - {
  error: TypeError: Cannot set property 'code' of undefined
      at E:\MyProject\NodeJS\Koa2_service\routes\captcha.js:18:22
      at dispatch (E:\MyProject\NodeJS\Koa2_service\node_modules\koa-compose\index.js:42:32)
      at E:\MyProject\NodeJS\Koa2_service\node_modules\koa-router\lib\router.js:372:16
      at dispatch (E:\MyProject\NodeJS\Koa2_service\node_modules\koa-compose\index.js:42:32)
      at E:\MyProject\NodeJS\Koa2_service\node_modules\koa-compose\index.js:34:12
      at dispatch (E:\MyProject\NodeJS\Koa2_service\node_modules\koa-router\lib\router.js:377:31)
      at dispatch (E:\MyProject\NodeJS\Koa2_service\node_modules\koa-compose\index.js:42:32)
      at dispatch (E:\MyProject\NodeJS\Koa2_service\node_modules\koa-router\lib\router.js:353:32)
      at dispatch (E:\MyProject\NodeJS\Koa2_service\node_modules\koa-compose\index.js:42:32)
      at AccessLogger (E:\MyProject\NodeJS\Koa2_service\middleware\LoggerInfoMiddleware.js:11:10),
  requestBody: {},
  request: {
    method: 'GET',
    url: '/captcha/getCode',
    header: {
      authorization: 'Bearer eyJhbGciOiJIUzI1NiIsInR5cCI6IkpXVCJ9.eyJpZCI6MSwidXNlcm5hbWUiOiJhZG1pbiIsImlzX2FkbWluIjpmYWxzZSwiaWF0IjoxNjM1MDAwOTY4LCJleHAiOjE2MzUwODczNjh9.pAwmiNEXeB6Gxy9VJAKxGof8IMCwh8u8n0MqmBUE37E',
      'user-agent': 'PostmanRuntime/7.28.4',
      accept: '*/*',
      'cache-control': 'no-cache',
      'postman-token': 'e40b6f79-c540-4230-b312-8d596e7fcff3',
      host: '127.0.0.1:8888',
      'accept-encoding': 'gzip, deflate, br',
      connection: 'keep-alive'
    }
  },
  response: {
    status: 500,
    message: 'Internal Server Error',
    header: [Object: null prototype] {
      'content-type': 'application/json; charset=utf-8'
    },
    body: TypeError: Cannot set property 'code' of undefined
        at E:\MyProject\NodeJS\Koa2_service\routes\captcha.js:18:22
        at dispatch (E:\MyProject\NodeJS\Koa2_service\node_modules\koa-compose\index.js:42:32)
        at E:\MyProject\NodeJS\Koa2_service\node_modules\koa-router\lib\router.js:372:16
        at dispatch (E:\MyProject\NodeJS\Koa2_service\node_modules\koa-compose\index.js:42:32)
        at E:\MyProject\NodeJS\Koa2_service\node_modules\koa-compose\index.js:34:12
        at dispatch (E:\MyProject\NodeJS\Koa2_service\node_modules\koa-router\lib\router.js:377:31)
        at dispatch (E:\MyProject\NodeJS\Koa2_service\node_modules\koa-compose\index.js:42:32)
        at dispatch (E:\MyProject\NodeJS\Koa2_service\node_modules\koa-router\lib\router.js:353:32)
        at dispatch (E:\MyProject\NodeJS\Koa2_service\node_modules\koa-compose\index.js:42:32)
        at AccessLogger (E:\MyProject\NodeJS\Koa2_service\middleware\LoggerInfoMiddleware.js:11:10)
  },
  app: { subdomainOffset: 2, proxy: false, env: 'development' },
  originalUrl: '/captcha/getCode'
}
[2021-10-24T22:36:39.293] [ERROR] error - {
  error: TypeError: Cannot set property 'code' of undefined
      at E:\MyProject\NodeJS\Koa2_service\routes\captcha.js:17:22
      at dispatch (E:\MyProject\NodeJS\Koa2_service\node_modules\koa-compose\index.js:42:32)
      at E:\MyProject\NodeJS\Koa2_service\node_modules\koa-router\lib\router.js:372:16
      at dispatch (E:\MyProject\NodeJS\Koa2_service\node_modules\koa-compose\index.js:42:32)
      at E:\MyProject\NodeJS\Koa2_service\node_modules\koa-compose\index.js:34:12
      at dispatch (E:\MyProject\NodeJS\Koa2_service\node_modules\koa-router\lib\router.js:377:31)
      at dispatch (E:\MyProject\NodeJS\Koa2_service\node_modules\koa-compose\index.js:42:32)
      at dispatch (E:\MyProject\NodeJS\Koa2_service\node_modules\koa-router\lib\router.js:353:32)
      at dispatch (E:\MyProject\NodeJS\Koa2_service\node_modules\koa-compose\index.js:42:32)
      at AccessLogger (E:\MyProject\NodeJS\Koa2_service\middleware\LoggerInfoMiddleware.js:11:10),
  requestBody: {},
  request: {
    method: 'GET',
    url: '/captcha/getCode',
    header: {
      host: 'localhost:8888',
      connection: 'keep-alive',
      'cache-control': 'max-age=0',
      'sec-ch-ua': '"Chromium";v="94", "Google Chrome";v="94", ";Not A Brand";v="99"',
      'sec-ch-ua-mobile': '?0',
      'sec-ch-ua-platform': '"Windows"',
      'upgrade-insecure-requests': '1',
      'user-agent': 'Mozilla/5.0 (Windows NT 10.0; Win64; x64) AppleWebKit/537.36 (KHTML, like Gecko) Chrome/94.0.4606.81 Safari/537.36',
      accept: 'text/html,application/xhtml+xml,application/xml;q=0.9,image/avif,image/webp,image/apng,*/*;q=0.8,application/signed-exchange;v=b3;q=0.9',
      'sec-fetch-site': 'none',
      'sec-fetch-mode': 'navigate',
      'sec-fetch-user': '?1',
      'sec-fetch-dest': 'document',
      'accept-encoding': 'gzip, deflate, br',
      'accept-language': 'zh-CN,zh;q=0.9'
    }
  },
  response: {
    status: 500,
    message: 'Internal Server Error',
    header: [Object: null prototype] {
      'content-type': 'application/json; charset=utf-8'
    },
    body: TypeError: Cannot set property 'code' of undefined
        at E:\MyProject\NodeJS\Koa2_service\routes\captcha.js:17:22
        at dispatch (E:\MyProject\NodeJS\Koa2_service\node_modules\koa-compose\index.js:42:32)
        at E:\MyProject\NodeJS\Koa2_service\node_modules\koa-router\lib\router.js:372:16
        at dispatch (E:\MyProject\NodeJS\Koa2_service\node_modules\koa-compose\index.js:42:32)
        at E:\MyProject\NodeJS\Koa2_service\node_modules\koa-compose\index.js:34:12
        at dispatch (E:\MyProject\NodeJS\Koa2_service\node_modules\koa-router\lib\router.js:377:31)
        at dispatch (E:\MyProject\NodeJS\Koa2_service\node_modules\koa-compose\index.js:42:32)
        at dispatch (E:\MyProject\NodeJS\Koa2_service\node_modules\koa-router\lib\router.js:353:32)
        at dispatch (E:\MyProject\NodeJS\Koa2_service\node_modules\koa-compose\index.js:42:32)
        at AccessLogger (E:\MyProject\NodeJS\Koa2_service\middleware\LoggerInfoMiddleware.js:11:10)
  },
  app: { subdomainOffset: 2, proxy: false, env: 'development' },
  originalUrl: '/captcha/getCode'
}
[2021-10-24T22:42:37.793] [ERROR] error - {
  error: TypeError: Cannot set property 'code' of undefined
      at E:\MyProject\NodeJS\Koa2_service\routes\captcha.js:17:22
      at dispatch (E:\MyProject\NodeJS\Koa2_service\node_modules\koa-compose\index.js:42:32)
      at E:\MyProject\NodeJS\Koa2_service\node_modules\koa-router\lib\router.js:372:16
      at dispatch (E:\MyProject\NodeJS\Koa2_service\node_modules\koa-compose\index.js:42:32)
      at E:\MyProject\NodeJS\Koa2_service\node_modules\koa-compose\index.js:34:12
      at dispatch (E:\MyProject\NodeJS\Koa2_service\node_modules\koa-router\lib\router.js:377:31)
      at dispatch (E:\MyProject\NodeJS\Koa2_service\node_modules\koa-compose\index.js:42:32)
      at dispatch (E:\MyProject\NodeJS\Koa2_service\node_modules\koa-router\lib\router.js:353:32)
      at dispatch (E:\MyProject\NodeJS\Koa2_service\node_modules\koa-compose\index.js:42:32)
      at AccessLogger (E:\MyProject\NodeJS\Koa2_service\middleware\LoggerInfoMiddleware.js:11:10),
  requestBody: {},
  request: {
    method: 'GET',
    url: '/captcha/getCode',
    header: {
      host: 'localhost:8888',
      connection: 'keep-alive',
      'cache-control': 'max-age=0',
      'sec-ch-ua': '"Chromium";v="94", "Google Chrome";v="94", ";Not A Brand";v="99"',
      'sec-ch-ua-mobile': '?0',
      'sec-ch-ua-platform': '"Windows"',
      'upgrade-insecure-requests': '1',
      'user-agent': 'Mozilla/5.0 (Windows NT 10.0; Win64; x64) AppleWebKit/537.36 (KHTML, like Gecko) Chrome/94.0.4606.81 Safari/537.36',
      accept: 'text/html,application/xhtml+xml,application/xml;q=0.9,image/avif,image/webp,image/apng,*/*;q=0.8,application/signed-exchange;v=b3;q=0.9',
      'sec-fetch-site': 'none',
      'sec-fetch-mode': 'navigate',
      'sec-fetch-user': '?1',
      'sec-fetch-dest': 'document',
      'accept-encoding': 'gzip, deflate, br',
      'accept-language': 'zh-CN,zh;q=0.9'
    }
  },
  response: {
    status: 500,
    message: 'Internal Server Error',
    header: [Object: null prototype] {
      'content-type': 'application/json; charset=utf-8'
    },
    body: TypeError: Cannot set property 'code' of undefined
        at E:\MyProject\NodeJS\Koa2_service\routes\captcha.js:17:22
        at dispatch (E:\MyProject\NodeJS\Koa2_service\node_modules\koa-compose\index.js:42:32)
        at E:\MyProject\NodeJS\Koa2_service\node_modules\koa-router\lib\router.js:372:16
        at dispatch (E:\MyProject\NodeJS\Koa2_service\node_modules\koa-compose\index.js:42:32)
        at E:\MyProject\NodeJS\Koa2_service\node_modules\koa-compose\index.js:34:12
        at dispatch (E:\MyProject\NodeJS\Koa2_service\node_modules\koa-router\lib\router.js:377:31)
        at dispatch (E:\MyProject\NodeJS\Koa2_service\node_modules\koa-compose\index.js:42:32)
        at dispatch (E:\MyProject\NodeJS\Koa2_service\node_modules\koa-router\lib\router.js:353:32)
        at dispatch (E:\MyProject\NodeJS\Koa2_service\node_modules\koa-compose\index.js:42:32)
        at AccessLogger (E:\MyProject\NodeJS\Koa2_service\middleware\LoggerInfoMiddleware.js:11:10)
  },
  app: { subdomainOffset: 2, proxy: false, env: 'development' },
  originalUrl: '/captcha/getCode'
}
[2021-10-24T22:42:38.882] [ERROR] error - {
  error: TypeError: Cannot set property 'code' of undefined
      at E:\MyProject\NodeJS\Koa2_service\routes\captcha.js:17:22
      at dispatch (E:\MyProject\NodeJS\Koa2_service\node_modules\koa-compose\index.js:42:32)
      at E:\MyProject\NodeJS\Koa2_service\node_modules\koa-router\lib\router.js:372:16
      at dispatch (E:\MyProject\NodeJS\Koa2_service\node_modules\koa-compose\index.js:42:32)
      at E:\MyProject\NodeJS\Koa2_service\node_modules\koa-compose\index.js:34:12
      at dispatch (E:\MyProject\NodeJS\Koa2_service\node_modules\koa-router\lib\router.js:377:31)
      at dispatch (E:\MyProject\NodeJS\Koa2_service\node_modules\koa-compose\index.js:42:32)
      at dispatch (E:\MyProject\NodeJS\Koa2_service\node_modules\koa-router\lib\router.js:353:32)
      at dispatch (E:\MyProject\NodeJS\Koa2_service\node_modules\koa-compose\index.js:42:32)
      at AccessLogger (E:\MyProject\NodeJS\Koa2_service\middleware\LoggerInfoMiddleware.js:11:10),
  requestBody: {},
  request: {
    method: 'GET',
    url: '/captcha/getCode',
    header: {
      host: 'localhost:8888',
      connection: 'keep-alive',
      'cache-control': 'max-age=0',
      'sec-ch-ua': '"Chromium";v="94", "Google Chrome";v="94", ";Not A Brand";v="99"',
      'sec-ch-ua-mobile': '?0',
      'sec-ch-ua-platform': '"Windows"',
      'upgrade-insecure-requests': '1',
      'user-agent': 'Mozilla/5.0 (Windows NT 10.0; Win64; x64) AppleWebKit/537.36 (KHTML, like Gecko) Chrome/94.0.4606.81 Safari/537.36',
      accept: 'text/html,application/xhtml+xml,application/xml;q=0.9,image/avif,image/webp,image/apng,*/*;q=0.8,application/signed-exchange;v=b3;q=0.9',
      'sec-fetch-site': 'none',
      'sec-fetch-mode': 'navigate',
      'sec-fetch-user': '?1',
      'sec-fetch-dest': 'document',
      'accept-encoding': 'gzip, deflate, br',
      'accept-language': 'zh-CN,zh;q=0.9'
    }
  },
  response: {
    status: 500,
    message: 'Internal Server Error',
    header: [Object: null prototype] {
      'content-type': 'application/json; charset=utf-8'
    },
    body: TypeError: Cannot set property 'code' of undefined
        at E:\MyProject\NodeJS\Koa2_service\routes\captcha.js:17:22
        at dispatch (E:\MyProject\NodeJS\Koa2_service\node_modules\koa-compose\index.js:42:32)
        at E:\MyProject\NodeJS\Koa2_service\node_modules\koa-router\lib\router.js:372:16
        at dispatch (E:\MyProject\NodeJS\Koa2_service\node_modules\koa-compose\index.js:42:32)
        at E:\MyProject\NodeJS\Koa2_service\node_modules\koa-compose\index.js:34:12
        at dispatch (E:\MyProject\NodeJS\Koa2_service\node_modules\koa-router\lib\router.js:377:31)
        at dispatch (E:\MyProject\NodeJS\Koa2_service\node_modules\koa-compose\index.js:42:32)
        at dispatch (E:\MyProject\NodeJS\Koa2_service\node_modules\koa-router\lib\router.js:353:32)
        at dispatch (E:\MyProject\NodeJS\Koa2_service\node_modules\koa-compose\index.js:42:32)
        at AccessLogger (E:\MyProject\NodeJS\Koa2_service\middleware\LoggerInfoMiddleware.js:11:10)
  },
  app: { subdomainOffset: 2, proxy: false, env: 'development' },
  originalUrl: '/captcha/getCode'
}
[2021-10-24T23:06:55.849] [ERROR] error - {
  error: Error: Cannot send secure cookie over unencrypted connection
      at Cookies.set (E:\MyProject\NodeJS\Koa2_service\node_modules\cookies\index.js:94:11)
      at ContextSession.save (E:\MyProject\NodeJS\Koa2_service\node_modules\koa-session\lib\context.js:339:22)
      at ContextSession.commit (E:\MyProject\NodeJS\Koa2_service\node_modules\koa-session\lib\context.js:239:16)
      at session (E:\MyProject\NodeJS\Koa2_service\node_modules\koa-session\index.js:46:20)
      at processTicksAndRejections (internal/process/task_queues.js:95:5),
  requestBody: {},
  request: {
    method: 'GET',
    url: '/captcha/getCode',
    header: {
      host: '127.0.0.1:8888',
      connection: 'keep-alive',
      'cache-control': 'max-age=0',
      'sec-ch-ua': '"Microsoft Edge";v="95", "Chromium";v="95", ";Not A Brand";v="99"',
      'sec-ch-ua-mobile': '?0',
      'sec-ch-ua-platform': '"Windows"',
      'upgrade-insecure-requests': '1',
      'user-agent': 'Mozilla/5.0 (Windows NT 10.0; Win64; x64) AppleWebKit/537.36 (KHTML, like Gecko) Chrome/95.0.4638.54 Safari/537.36 Edg/95.0.1020.30',
      accept: 'text/html,application/xhtml+xml,application/xml;q=0.9,image/webp,image/apng,*/*;q=0.8,application/signed-exchange;v=b3;q=0.9',
      'sec-fetch-site': 'none',
      'sec-fetch-mode': 'navigate',
      'sec-fetch-user': '?1',
      'sec-fetch-dest': 'document',
      'accept-encoding': 'gzip, deflate, br',
      'accept-language': 'zh-CN,zh;q=0.9,en;q=0.8,en-GB;q=0.7,en-US;q=0.6'
    }
  },
  response: {
    status: 500,
    message: 'Internal Server Error',
    header: [Object: null prototype] {
      'content-type': 'application/json; charset=utf-8'
    },
    body: Error: Cannot send secure cookie over unencrypted connection
        at Cookies.set (E:\MyProject\NodeJS\Koa2_service\node_modules\cookies\index.js:94:11)
        at ContextSession.save (E:\MyProject\NodeJS\Koa2_service\node_modules\koa-session\lib\context.js:339:22)
        at ContextSession.commit (E:\MyProject\NodeJS\Koa2_service\node_modules\koa-session\lib\context.js:239:16)
        at session (E:\MyProject\NodeJS\Koa2_service\node_modules\koa-session\index.js:46:20)
        at processTicksAndRejections (internal/process/task_queues.js:95:5)
  },
  app: { subdomainOffset: 2, proxy: false, env: 'development' },
  originalUrl: '/captcha/getCode'
}
[2021-10-24T23:06:58.638] [ERROR] error - {
  error: Error: Cannot send secure cookie over unencrypted connection
      at Cookies.set (E:\MyProject\NodeJS\Koa2_service\node_modules\cookies\index.js:94:11)
      at ContextSession.save (E:\MyProject\NodeJS\Koa2_service\node_modules\koa-session\lib\context.js:339:22)
      at ContextSession.commit (E:\MyProject\NodeJS\Koa2_service\node_modules\koa-session\lib\context.js:239:16)
      at session (E:\MyProject\NodeJS\Koa2_service\node_modules\koa-session\index.js:46:20)
      at processTicksAndRejections (internal/process/task_queues.js:95:5),
  requestBody: {},
  request: {
    method: 'GET',
    url: '/captcha/getCode',
    header: {
      host: '127.0.0.1:8888',
      connection: 'keep-alive',
      'cache-control': 'max-age=0',
      'sec-ch-ua': '"Microsoft Edge";v="95", "Chromium";v="95", ";Not A Brand";v="99"',
      'sec-ch-ua-mobile': '?0',
      'sec-ch-ua-platform': '"Windows"',
      'upgrade-insecure-requests': '1',
      'user-agent': 'Mozilla/5.0 (Windows NT 10.0; Win64; x64) AppleWebKit/537.36 (KHTML, like Gecko) Chrome/95.0.4638.54 Safari/537.36 Edg/95.0.1020.30',
      accept: 'text/html,application/xhtml+xml,application/xml;q=0.9,image/webp,image/apng,*/*;q=0.8,application/signed-exchange;v=b3;q=0.9',
      'sec-fetch-site': 'none',
      'sec-fetch-mode': 'navigate',
      'sec-fetch-user': '?1',
      'sec-fetch-dest': 'document',
      'accept-encoding': 'gzip, deflate, br',
      'accept-language': 'zh-CN,zh;q=0.9,en;q=0.8,en-GB;q=0.7,en-US;q=0.6'
    }
  },
  response: {
    status: 500,
    message: 'Internal Server Error',
    header: [Object: null prototype] {
      'content-type': 'application/json; charset=utf-8'
    },
    body: Error: Cannot send secure cookie over unencrypted connection
        at Cookies.set (E:\MyProject\NodeJS\Koa2_service\node_modules\cookies\index.js:94:11)
        at ContextSession.save (E:\MyProject\NodeJS\Koa2_service\node_modules\koa-session\lib\context.js:339:22)
        at ContextSession.commit (E:\MyProject\NodeJS\Koa2_service\node_modules\koa-session\lib\context.js:239:16)
        at session (E:\MyProject\NodeJS\Koa2_service\node_modules\koa-session\index.js:46:20)
        at processTicksAndRejections (internal/process/task_queues.js:95:5)
  },
  app: { subdomainOffset: 2, proxy: false, env: 'development' },
  originalUrl: '/captcha/getCode'
}
[2021-10-24T23:06:59.253] [ERROR] error - {
  error: Error: Cannot send secure cookie over unencrypted connection
      at Cookies.set (E:\MyProject\NodeJS\Koa2_service\node_modules\cookies\index.js:94:11)
      at ContextSession.save (E:\MyProject\NodeJS\Koa2_service\node_modules\koa-session\lib\context.js:339:22)
      at ContextSession.commit (E:\MyProject\NodeJS\Koa2_service\node_modules\koa-session\lib\context.js:239:16)
      at session (E:\MyProject\NodeJS\Koa2_service\node_modules\koa-session\index.js:46:20)
      at processTicksAndRejections (internal/process/task_queues.js:95:5),
  requestBody: {},
  request: {
    method: 'GET',
    url: '/captcha/getCode',
    header: {
      host: '127.0.0.1:8888',
      connection: 'keep-alive',
      'cache-control': 'max-age=0',
      'sec-ch-ua': '"Microsoft Edge";v="95", "Chromium";v="95", ";Not A Brand";v="99"',
      'sec-ch-ua-mobile': '?0',
      'sec-ch-ua-platform': '"Windows"',
      'upgrade-insecure-requests': '1',
      'user-agent': 'Mozilla/5.0 (Windows NT 10.0; Win64; x64) AppleWebKit/537.36 (KHTML, like Gecko) Chrome/95.0.4638.54 Safari/537.36 Edg/95.0.1020.30',
      accept: 'text/html,application/xhtml+xml,application/xml;q=0.9,image/webp,image/apng,*/*;q=0.8,application/signed-exchange;v=b3;q=0.9',
      'sec-fetch-site': 'none',
      'sec-fetch-mode': 'navigate',
      'sec-fetch-user': '?1',
      'sec-fetch-dest': 'document',
      'accept-encoding': 'gzip, deflate, br',
      'accept-language': 'zh-CN,zh;q=0.9,en;q=0.8,en-GB;q=0.7,en-US;q=0.6'
    }
  },
  response: {
    status: 500,
    message: 'Internal Server Error',
    header: [Object: null prototype] {
      'content-type': 'application/json; charset=utf-8'
    },
    body: Error: Cannot send secure cookie over unencrypted connection
        at Cookies.set (E:\MyProject\NodeJS\Koa2_service\node_modules\cookies\index.js:94:11)
        at ContextSession.save (E:\MyProject\NodeJS\Koa2_service\node_modules\koa-session\lib\context.js:339:22)
        at ContextSession.commit (E:\MyProject\NodeJS\Koa2_service\node_modules\koa-session\lib\context.js:239:16)
        at session (E:\MyProject\NodeJS\Koa2_service\node_modules\koa-session\index.js:46:20)
        at processTicksAndRejections (internal/process/task_queues.js:95:5)
  },
  app: { subdomainOffset: 2, proxy: false, env: 'development' },
  originalUrl: '/captcha/getCode'
}
[2021-10-24T23:07:22.407] [ERROR] error - {
  error: Error: Cannot send secure cookie over unencrypted connection
      at Cookies.set (E:\MyProject\NodeJS\Koa2_service\node_modules\cookies\index.js:94:11)
      at ContextSession.save (E:\MyProject\NodeJS\Koa2_service\node_modules\koa-session\lib\context.js:339:22)
      at ContextSession.commit (E:\MyProject\NodeJS\Koa2_service\node_modules\koa-session\lib\context.js:239:16)
      at session (E:\MyProject\NodeJS\Koa2_service\node_modules\koa-session\index.js:46:20)
      at processTicksAndRejections (internal/process/task_queues.js:95:5),
  requestBody: {},
  request: {
    method: 'GET',
    url: '/captcha/getCode',
    header: {
      host: '127.0.0.1:8888',
      connection: 'keep-alive',
      'cache-control': 'max-age=0',
      'sec-ch-ua': '"Microsoft Edge";v="95", "Chromium";v="95", ";Not A Brand";v="99"',
      'sec-ch-ua-mobile': '?0',
      'sec-ch-ua-platform': '"Windows"',
      'upgrade-insecure-requests': '1',
      'user-agent': 'Mozilla/5.0 (Windows NT 10.0; Win64; x64) AppleWebKit/537.36 (KHTML, like Gecko) Chrome/95.0.4638.54 Safari/537.36 Edg/95.0.1020.30',
      accept: 'text/html,application/xhtml+xml,application/xml;q=0.9,image/webp,image/apng,*/*;q=0.8,application/signed-exchange;v=b3;q=0.9',
      'sec-fetch-site': 'none',
      'sec-fetch-mode': 'navigate',
      'sec-fetch-user': '?1',
      'sec-fetch-dest': 'document',
      'accept-encoding': 'gzip, deflate, br',
      'accept-language': 'zh-CN,zh;q=0.9,en;q=0.8,en-GB;q=0.7,en-US;q=0.6'
    }
  },
  response: {
    status: 500,
    message: 'Internal Server Error',
    header: [Object: null prototype] {
      'content-type': 'application/json; charset=utf-8'
    },
    body: Error: Cannot send secure cookie over unencrypted connection
        at Cookies.set (E:\MyProject\NodeJS\Koa2_service\node_modules\cookies\index.js:94:11)
        at ContextSession.save (E:\MyProject\NodeJS\Koa2_service\node_modules\koa-session\lib\context.js:339:22)
        at ContextSession.commit (E:\MyProject\NodeJS\Koa2_service\node_modules\koa-session\lib\context.js:239:16)
        at session (E:\MyProject\NodeJS\Koa2_service\node_modules\koa-session\index.js:46:20)
        at processTicksAndRejections (internal/process/task_queues.js:95:5)
  },
  app: { subdomainOffset: 2, proxy: false, env: 'development' },
  originalUrl: '/captcha/getCode'
}
[2021-10-24T23:07:22.912] [ERROR] error - {
  error: Error: Cannot send secure cookie over unencrypted connection
      at Cookies.set (E:\MyProject\NodeJS\Koa2_service\node_modules\cookies\index.js:94:11)
      at ContextSession.save (E:\MyProject\NodeJS\Koa2_service\node_modules\koa-session\lib\context.js:339:22)
      at ContextSession.commit (E:\MyProject\NodeJS\Koa2_service\node_modules\koa-session\lib\context.js:239:16)
      at session (E:\MyProject\NodeJS\Koa2_service\node_modules\koa-session\index.js:46:20)
      at processTicksAndRejections (internal/process/task_queues.js:95:5),
  requestBody: {},
  request: {
    method: 'GET',
    url: '/captcha/getCode',
    header: {
      host: '127.0.0.1:8888',
      connection: 'keep-alive',
      'cache-control': 'max-age=0',
      'sec-ch-ua': '"Microsoft Edge";v="95", "Chromium";v="95", ";Not A Brand";v="99"',
      'sec-ch-ua-mobile': '?0',
      'sec-ch-ua-platform': '"Windows"',
      'upgrade-insecure-requests': '1',
      'user-agent': 'Mozilla/5.0 (Windows NT 10.0; Win64; x64) AppleWebKit/537.36 (KHTML, like Gecko) Chrome/95.0.4638.54 Safari/537.36 Edg/95.0.1020.30',
      accept: 'text/html,application/xhtml+xml,application/xml;q=0.9,image/webp,image/apng,*/*;q=0.8,application/signed-exchange;v=b3;q=0.9',
      'sec-fetch-site': 'none',
      'sec-fetch-mode': 'navigate',
      'sec-fetch-user': '?1',
      'sec-fetch-dest': 'document',
      'accept-encoding': 'gzip, deflate, br',
      'accept-language': 'zh-CN,zh;q=0.9,en;q=0.8,en-GB;q=0.7,en-US;q=0.6'
    }
  },
  response: {
    status: 500,
    message: 'Internal Server Error',
    header: [Object: null prototype] {
      'content-type': 'application/json; charset=utf-8'
    },
    body: Error: Cannot send secure cookie over unencrypted connection
        at Cookies.set (E:\MyProject\NodeJS\Koa2_service\node_modules\cookies\index.js:94:11)
        at ContextSession.save (E:\MyProject\NodeJS\Koa2_service\node_modules\koa-session\lib\context.js:339:22)
        at ContextSession.commit (E:\MyProject\NodeJS\Koa2_service\node_modules\koa-session\lib\context.js:239:16)
        at session (E:\MyProject\NodeJS\Koa2_service\node_modules\koa-session\index.js:46:20)
        at processTicksAndRejections (internal/process/task_queues.js:95:5)
  },
  app: { subdomainOffset: 2, proxy: false, env: 'development' },
  originalUrl: '/captcha/getCode'
}
[2021-10-24T23:07:23.117] [ERROR] error - {
  error: Error: Cannot send secure cookie over unencrypted connection
      at Cookies.set (E:\MyProject\NodeJS\Koa2_service\node_modules\cookies\index.js:94:11)
      at ContextSession.save (E:\MyProject\NodeJS\Koa2_service\node_modules\koa-session\lib\context.js:339:22)
      at ContextSession.commit (E:\MyProject\NodeJS\Koa2_service\node_modules\koa-session\lib\context.js:239:16)
      at session (E:\MyProject\NodeJS\Koa2_service\node_modules\koa-session\index.js:46:20)
      at processTicksAndRejections (internal/process/task_queues.js:95:5),
  requestBody: {},
  request: {
    method: 'GET',
    url: '/captcha/getCode',
    header: {
      host: '127.0.0.1:8888',
      connection: 'keep-alive',
      'cache-control': 'max-age=0',
      'sec-ch-ua': '"Microsoft Edge";v="95", "Chromium";v="95", ";Not A Brand";v="99"',
      'sec-ch-ua-mobile': '?0',
      'sec-ch-ua-platform': '"Windows"',
      'upgrade-insecure-requests': '1',
      'user-agent': 'Mozilla/5.0 (Windows NT 10.0; Win64; x64) AppleWebKit/537.36 (KHTML, like Gecko) Chrome/95.0.4638.54 Safari/537.36 Edg/95.0.1020.30',
      accept: 'text/html,application/xhtml+xml,application/xml;q=0.9,image/webp,image/apng,*/*;q=0.8,application/signed-exchange;v=b3;q=0.9',
      'sec-fetch-site': 'none',
      'sec-fetch-mode': 'navigate',
      'sec-fetch-user': '?1',
      'sec-fetch-dest': 'document',
      'accept-encoding': 'gzip, deflate, br',
      'accept-language': 'zh-CN,zh;q=0.9,en;q=0.8,en-GB;q=0.7,en-US;q=0.6'
    }
  },
  response: {
    status: 500,
    message: 'Internal Server Error',
    header: [Object: null prototype] {
      'content-type': 'application/json; charset=utf-8'
    },
    body: Error: Cannot send secure cookie over unencrypted connection
        at Cookies.set (E:\MyProject\NodeJS\Koa2_service\node_modules\cookies\index.js:94:11)
        at ContextSession.save (E:\MyProject\NodeJS\Koa2_service\node_modules\koa-session\lib\context.js:339:22)
        at ContextSession.commit (E:\MyProject\NodeJS\Koa2_service\node_modules\koa-session\lib\context.js:239:16)
        at session (E:\MyProject\NodeJS\Koa2_service\node_modules\koa-session\index.js:46:20)
        at processTicksAndRejections (internal/process/task_queues.js:95:5)
  },
  app: { subdomainOffset: 2, proxy: false, env: 'development' },
  originalUrl: '/captcha/getCode'
}
[2021-10-24T23:07:23.299] [ERROR] error - {
  error: Error: Cannot send secure cookie over unencrypted connection
      at Cookies.set (E:\MyProject\NodeJS\Koa2_service\node_modules\cookies\index.js:94:11)
      at ContextSession.save (E:\MyProject\NodeJS\Koa2_service\node_modules\koa-session\lib\context.js:339:22)
      at ContextSession.commit (E:\MyProject\NodeJS\Koa2_service\node_modules\koa-session\lib\context.js:239:16)
      at session (E:\MyProject\NodeJS\Koa2_service\node_modules\koa-session\index.js:46:20)
      at processTicksAndRejections (internal/process/task_queues.js:95:5),
  requestBody: {},
  request: {
    method: 'GET',
    url: '/captcha/getCode',
    header: {
      host: '127.0.0.1:8888',
      connection: 'keep-alive',
      'cache-control': 'max-age=0',
      'sec-ch-ua': '"Microsoft Edge";v="95", "Chromium";v="95", ";Not A Brand";v="99"',
      'sec-ch-ua-mobile': '?0',
      'sec-ch-ua-platform': '"Windows"',
      'upgrade-insecure-requests': '1',
      'user-agent': 'Mozilla/5.0 (Windows NT 10.0; Win64; x64) AppleWebKit/537.36 (KHTML, like Gecko) Chrome/95.0.4638.54 Safari/537.36 Edg/95.0.1020.30',
      accept: 'text/html,application/xhtml+xml,application/xml;q=0.9,image/webp,image/apng,*/*;q=0.8,application/signed-exchange;v=b3;q=0.9',
      'sec-fetch-site': 'none',
      'sec-fetch-mode': 'navigate',
      'sec-fetch-user': '?1',
      'sec-fetch-dest': 'document',
      'accept-encoding': 'gzip, deflate, br',
      'accept-language': 'zh-CN,zh;q=0.9,en;q=0.8,en-GB;q=0.7,en-US;q=0.6'
    }
  },
  response: {
    status: 500,
    message: 'Internal Server Error',
    header: [Object: null prototype] {
      'content-type': 'application/json; charset=utf-8'
    },
    body: Error: Cannot send secure cookie over unencrypted connection
        at Cookies.set (E:\MyProject\NodeJS\Koa2_service\node_modules\cookies\index.js:94:11)
        at ContextSession.save (E:\MyProject\NodeJS\Koa2_service\node_modules\koa-session\lib\context.js:339:22)
        at ContextSession.commit (E:\MyProject\NodeJS\Koa2_service\node_modules\koa-session\lib\context.js:239:16)
        at session (E:\MyProject\NodeJS\Koa2_service\node_modules\koa-session\index.js:46:20)
        at processTicksAndRejections (internal/process/task_queues.js:95:5)
  },
  app: { subdomainOffset: 2, proxy: false, env: 'development' },
  originalUrl: '/captcha/getCode'
}
[2021-10-24T23:08:31.237] [ERROR] error - {
  error: Error: Cannot send secure cookie over unencrypted connection
      at Cookies.set (E:\MyProject\NodeJS\Koa2_service\node_modules\cookies\index.js:94:11)
      at ContextSession.save (E:\MyProject\NodeJS\Koa2_service\node_modules\koa-session\lib\context.js:339:22)
      at ContextSession.commit (E:\MyProject\NodeJS\Koa2_service\node_modules\koa-session\lib\context.js:239:16)
      at session (E:\MyProject\NodeJS\Koa2_service\node_modules\koa-session\index.js:46:20)
      at processTicksAndRejections (internal/process/task_queues.js:95:5),
  requestBody: {},
  request: {
    method: 'GET',
    url: '/captcha/getCode',
    header: {
      host: '127.0.0.1:8888',
      connection: 'keep-alive',
      'cache-control': 'max-age=0',
      'sec-ch-ua': '"Microsoft Edge";v="95", "Chromium";v="95", ";Not A Brand";v="99"',
      'sec-ch-ua-mobile': '?0',
      'sec-ch-ua-platform': '"Windows"',
      'upgrade-insecure-requests': '1',
      'user-agent': 'Mozilla/5.0 (Windows NT 10.0; Win64; x64) AppleWebKit/537.36 (KHTML, like Gecko) Chrome/95.0.4638.54 Safari/537.36 Edg/95.0.1020.30',
      accept: 'text/html,application/xhtml+xml,application/xml;q=0.9,image/webp,image/apng,*/*;q=0.8,application/signed-exchange;v=b3;q=0.9',
      'sec-fetch-site': 'none',
      'sec-fetch-mode': 'navigate',
      'sec-fetch-user': '?1',
      'sec-fetch-dest': 'document',
      'accept-encoding': 'gzip, deflate, br',
      'accept-language': 'zh-CN,zh;q=0.9,en;q=0.8,en-GB;q=0.7,en-US;q=0.6'
    }
  },
  response: {
    status: 500,
    message: 'Internal Server Error',
    header: [Object: null prototype] {
      'content-type': 'application/json; charset=utf-8'
    },
    body: Error: Cannot send secure cookie over unencrypted connection
        at Cookies.set (E:\MyProject\NodeJS\Koa2_service\node_modules\cookies\index.js:94:11)
        at ContextSession.save (E:\MyProject\NodeJS\Koa2_service\node_modules\koa-session\lib\context.js:339:22)
        at ContextSession.commit (E:\MyProject\NodeJS\Koa2_service\node_modules\koa-session\lib\context.js:239:16)
        at session (E:\MyProject\NodeJS\Koa2_service\node_modules\koa-session\index.js:46:20)
        at processTicksAndRejections (internal/process/task_queues.js:95:5)
  },
  app: { subdomainOffset: 2, proxy: false, env: 'development' },
  originalUrl: '/captcha/getCode'
}
[2021-10-24T23:08:31.715] [ERROR] error - {
  error: Error: Cannot send secure cookie over unencrypted connection
      at Cookies.set (E:\MyProject\NodeJS\Koa2_service\node_modules\cookies\index.js:94:11)
      at ContextSession.save (E:\MyProject\NodeJS\Koa2_service\node_modules\koa-session\lib\context.js:339:22)
      at ContextSession.commit (E:\MyProject\NodeJS\Koa2_service\node_modules\koa-session\lib\context.js:239:16)
      at session (E:\MyProject\NodeJS\Koa2_service\node_modules\koa-session\index.js:46:20)
      at processTicksAndRejections (internal/process/task_queues.js:95:5),
  requestBody: {},
  request: {
    method: 'GET',
    url: '/captcha/getCode',
    header: {
      host: '127.0.0.1:8888',
      connection: 'keep-alive',
      'cache-control': 'max-age=0',
      'sec-ch-ua': '"Microsoft Edge";v="95", "Chromium";v="95", ";Not A Brand";v="99"',
      'sec-ch-ua-mobile': '?0',
      'sec-ch-ua-platform': '"Windows"',
      'upgrade-insecure-requests': '1',
      'user-agent': 'Mozilla/5.0 (Windows NT 10.0; Win64; x64) AppleWebKit/537.36 (KHTML, like Gecko) Chrome/95.0.4638.54 Safari/537.36 Edg/95.0.1020.30',
      accept: 'text/html,application/xhtml+xml,application/xml;q=0.9,image/webp,image/apng,*/*;q=0.8,application/signed-exchange;v=b3;q=0.9',
      'sec-fetch-site': 'none',
      'sec-fetch-mode': 'navigate',
      'sec-fetch-user': '?1',
      'sec-fetch-dest': 'document',
      'accept-encoding': 'gzip, deflate, br',
      'accept-language': 'zh-CN,zh;q=0.9,en;q=0.8,en-GB;q=0.7,en-US;q=0.6'
    }
  },
  response: {
    status: 500,
    message: 'Internal Server Error',
    header: [Object: null prototype] {
      'content-type': 'application/json; charset=utf-8'
    },
    body: Error: Cannot send secure cookie over unencrypted connection
        at Cookies.set (E:\MyProject\NodeJS\Koa2_service\node_modules\cookies\index.js:94:11)
        at ContextSession.save (E:\MyProject\NodeJS\Koa2_service\node_modules\koa-session\lib\context.js:339:22)
        at ContextSession.commit (E:\MyProject\NodeJS\Koa2_service\node_modules\koa-session\lib\context.js:239:16)
        at session (E:\MyProject\NodeJS\Koa2_service\node_modules\koa-session\index.js:46:20)
        at processTicksAndRejections (internal/process/task_queues.js:95:5)
  },
  app: { subdomainOffset: 2, proxy: false, env: 'development' },
  originalUrl: '/captcha/getCode'
}
[2021-10-24T23:08:56.205] [ERROR] error - {
  error: Error: Cannot send secure cookie over unencrypted connection
      at Cookies.set (E:\MyProject\NodeJS\Koa2_service\node_modules\cookies\index.js:94:11)
      at ContextSession.save (E:\MyProject\NodeJS\Koa2_service\node_modules\koa-session\lib\context.js:339:22)
      at ContextSession.commit (E:\MyProject\NodeJS\Koa2_service\node_modules\koa-session\lib\context.js:239:16)
      at session (E:\MyProject\NodeJS\Koa2_service\node_modules\koa-session\index.js:46:20)
      at processTicksAndRejections (internal/process/task_queues.js:95:5),
  requestBody: {},
  request: {
    method: 'GET',
    url: '/captcha/getCode',
    header: {
      host: '127.0.0.1:8888',
      connection: 'keep-alive',
      'cache-control': 'max-age=0',
      'sec-ch-ua': '"Microsoft Edge";v="95", "Chromium";v="95", ";Not A Brand";v="99"',
      'sec-ch-ua-mobile': '?0',
      'sec-ch-ua-platform': '"Windows"',
      'upgrade-insecure-requests': '1',
      'user-agent': 'Mozilla/5.0 (Windows NT 10.0; Win64; x64) AppleWebKit/537.36 (KHTML, like Gecko) Chrome/95.0.4638.54 Safari/537.36 Edg/95.0.1020.30',
      accept: 'text/html,application/xhtml+xml,application/xml;q=0.9,image/webp,image/apng,*/*;q=0.8,application/signed-exchange;v=b3;q=0.9',
      'sec-fetch-site': 'none',
      'sec-fetch-mode': 'navigate',
      'sec-fetch-user': '?1',
      'sec-fetch-dest': 'document',
      'accept-encoding': 'gzip, deflate, br',
      'accept-language': 'zh-CN,zh;q=0.9,en;q=0.8,en-GB;q=0.7,en-US;q=0.6'
    }
  },
  response: {
    status: 500,
    message: 'Internal Server Error',
    header: [Object: null prototype] {
      'content-type': 'application/json; charset=utf-8'
    },
    body: Error: Cannot send secure cookie over unencrypted connection
        at Cookies.set (E:\MyProject\NodeJS\Koa2_service\node_modules\cookies\index.js:94:11)
        at ContextSession.save (E:\MyProject\NodeJS\Koa2_service\node_modules\koa-session\lib\context.js:339:22)
        at ContextSession.commit (E:\MyProject\NodeJS\Koa2_service\node_modules\koa-session\lib\context.js:239:16)
        at session (E:\MyProject\NodeJS\Koa2_service\node_modules\koa-session\index.js:46:20)
        at processTicksAndRejections (internal/process/task_queues.js:95:5)
  },
  app: { subdomainOffset: 2, proxy: false, env: 'development' },
  originalUrl: '/captcha/getCode'
}
[2021-10-24T23:09:31.393] [ERROR] error - {
  error: Error: Cannot send secure cookie over unencrypted connection
      at Cookies.set (E:\MyProject\NodeJS\Koa2_service\node_modules\cookies\index.js:94:11)
      at ContextSession.save (E:\MyProject\NodeJS\Koa2_service\node_modules\koa-session\lib\context.js:339:22)
      at ContextSession.commit (E:\MyProject\NodeJS\Koa2_service\node_modules\koa-session\lib\context.js:239:16)
      at session (E:\MyProject\NodeJS\Koa2_service\node_modules\koa-session\index.js:46:20)
      at processTicksAndRejections (internal/process/task_queues.js:95:5),
  requestBody: undefined,
  request: {
    method: 'GET',
    url: '/captcha/getCode',
    header: {
      host: '127.0.0.1:8888',
      connection: 'keep-alive',
      'cache-control': 'max-age=0',
      'sec-ch-ua': '"Microsoft Edge";v="95", "Chromium";v="95", ";Not A Brand";v="99"',
      'sec-ch-ua-mobile': '?0',
      'sec-ch-ua-platform': '"Windows"',
      'upgrade-insecure-requests': '1',
      'user-agent': 'Mozilla/5.0 (Windows NT 10.0; Win64; x64) AppleWebKit/537.36 (KHTML, like Gecko) Chrome/95.0.4638.54 Safari/537.36 Edg/95.0.1020.30',
      accept: 'text/html,application/xhtml+xml,application/xml;q=0.9,image/webp,image/apng,*/*;q=0.8,application/signed-exchange;v=b3;q=0.9',
      'sec-fetch-site': 'none',
      'sec-fetch-mode': 'navigate',
      'sec-fetch-user': '?1',
      'sec-fetch-dest': 'document',
      'accept-encoding': 'gzip, deflate, br',
      'accept-language': 'zh-CN,zh;q=0.9,en;q=0.8,en-GB;q=0.7,en-US;q=0.6'
    }
  },
  response: {
    status: 500,
    message: 'Internal Server Error',
    header: [Object: null prototype] {
      'content-type': 'application/json; charset=utf-8'
    },
    body: Error: Cannot send secure cookie over unencrypted connection
        at Cookies.set (E:\MyProject\NodeJS\Koa2_service\node_modules\cookies\index.js:94:11)
        at ContextSession.save (E:\MyProject\NodeJS\Koa2_service\node_modules\koa-session\lib\context.js:339:22)
        at ContextSession.commit (E:\MyProject\NodeJS\Koa2_service\node_modules\koa-session\lib\context.js:239:16)
        at session (E:\MyProject\NodeJS\Koa2_service\node_modules\koa-session\index.js:46:20)
        at processTicksAndRejections (internal/process/task_queues.js:95:5)
  },
  app: { subdomainOffset: 2, proxy: false, env: 'development' },
  originalUrl: '/captcha/getCode'
}
