[2021-10-24T15:54:46.222] [INFO] info - path:/user/register | method:POST | ua:Mozilla/5.0 (Windows NT 10.0; Win64; x64) AppleWebKit/537.36 (KHTML, like Gecko) Chrome/94.0.4606.81 Safari/537.36
[2021-10-24T15:58:30.278] [INFO] info - path:/user/register | method:POST | ua:Mozilla/5.0 (Windows NT 10.0; Win64; x64) AppleWebKit/537.36 (KHTML, like Gecko) Chrome/94.0.4606.81 Safari/537.36
[2021-10-24T15:58:51.483] [INFO] info - path:/user/register | method:POST | ua:Mozilla/5.0 (Windows NT 10.0; Win64; x64) AppleWebKit/537.36 (KHTML, like Gecko) Chrome/94.0.4606.81 Safari/537.36
[2021-10-24T22:32:51.055] [INFO] info - path:/captcha/getCode | method:GET | ua:PostmanRuntime/7.28.4
[2021-10-24T22:33:55.393] [INFO] info - path:/captcha/getCode | method:GET | ua:PostmanRuntime/7.28.4
[2021-10-24T22:33:58.578] [INFO] info - path:/captcha/getCode | method:GET | ua:PostmanRuntime/7.28.4
[2021-10-24T22:34:07.624] [INFO] info - path:/captcha/getCode | method:GET | ua:PostmanRuntime/7.28.4
[2021-10-24T22:34:54.669] [INFO] info - path:/captcha/getCode | method:GET | ua:PostmanRuntime/7.28.4
[2021-10-24T22:35:38.040] [INFO] info - path:/captcha/getCode | method:GET | ua:PostmanRuntime/7.28.4
[2021-10-24T22:35:50.746] [INFO] info - path:/captcha/getCode | method:GET | ua:PostmanRuntime/7.28.4
[2021-10-24T22:35:54.631] [INFO] info - path:/captcha/getCode | method:GET | ua:PostmanRuntime/7.28.4
[2021-10-24T22:35:55.462] [INFO] info - path:/captcha/getCode | method:GET | ua:PostmanRuntime/7.28.4
[2021-10-24T22:35:56.320] [INFO] info - path:/captcha/getCode | method:GET | ua:PostmanRuntime/7.28.4
[2021-10-24T22:36:13.238] [INFO] info - path:/ | method:GET | ua:Mozilla/5.0 (Windows NT 10.0; Win64; x64) AppleWebKit/537.36 (KHTML, like Gecko) Chrome/94.0.4606.81 Safari/537.36
[2021-10-24T22:36:13.283] [INFO] info - path:/favicon.ico | method:GET | ua:Mozilla/5.0 (Windows NT 10.0; Win64; x64) AppleWebKit/537.36 (KHTML, like Gecko) Chrome/94.0.4606.81 Safari/537.36
[2021-10-24T22:36:26.953] [INFO] info - path:/captcha/getCode | method:GET | ua:Mozilla/5.0 (Windows NT 10.0; Win64; x64) AppleWebKit/537.36 (KHTML, like Gecko) Chrome/94.0.4606.81 Safari/537.36
[2021-10-24T22:36:39.277] [INFO] info - path:/captcha/getCode | method:GET | ua:Mozilla/5.0 (Windows NT 10.0; Win64; x64) AppleWebKit/537.36 (KHTML, like Gecko) Chrome/94.0.4606.81 Safari/537.36
[2021-10-24T22:42:24.020] [INFO] info - path:/captcha/getCode | method:GET | ua:Mozilla/5.0 (Windows NT 10.0; Win64; x64) AppleWebKit/537.36 (KHTML, like Gecko) Chrome/94.0.4606.81 Safari/537.36
[2021-10-24T22:42:32.563] [INFO] info - path:/captcha/getCode | method:GET | ua:Mozilla/5.0 (Windows NT 10.0; Win64; x64) AppleWebKit/537.36 (KHTML, like Gecko) Chrome/94.0.4606.81 Safari/537.36
[2021-10-24T22:42:37.783] [INFO] info - path:/captcha/getCode | method:GET | ua:Mozilla/5.0 (Windows NT 10.0; Win64; x64) AppleWebKit/537.36 (KHTML, like Gecko) Chrome/94.0.4606.81 Safari/537.36
[2021-10-24T22:42:38.878] [INFO] info - path:/captcha/getCode | method:GET | ua:Mozilla/5.0 (Windows NT 10.0; Win64; x64) AppleWebKit/537.36 (KHTML, like Gecko) Chrome/94.0.4606.81 Safari/537.36
[2021-10-24T22:43:15.842] [INFO] info - path:/captcha/getCode | method:GET | ua:Mozilla/5.0 (Windows NT 10.0; Win64; x64) AppleWebKit/537.36 (KHTML, like Gecko) Chrome/94.0.4606.81 Safari/537.36
[2021-10-24T22:43:17.102] [INFO] info - path:/captcha/getCode | method:GET | ua:Mozilla/5.0 (Windows NT 10.0; Win64; x64) AppleWebKit/537.36 (KHTML, like Gecko) Chrome/94.0.4606.81 Safari/537.36
[2021-10-24T22:43:17.532] [INFO] info - path:/captcha/getCode | method:GET | ua:Mozilla/5.0 (Windows NT 10.0; Win64; x64) AppleWebKit/537.36 (KHTML, like Gecko) Chrome/94.0.4606.81 Safari/537.36
[2021-10-24T22:45:23.225] [INFO] info - path:/captcha/getCode | method:GET | ua:Mozilla/5.0 (Windows NT 10.0; Win64; x64) AppleWebKit/537.36 (KHTML, like Gecko) Chrome/94.0.4606.81 Safari/537.36
[2021-10-24T22:46:08.429] [INFO] info - path:/captcha/getCode | method:GET | ua:Mozilla/5.0 (Windows NT 10.0; Win64; x64) AppleWebKit/537.36 (KHTML, like Gecko) Chrome/94.0.4606.81 Safari/537.36
[2021-10-24T22:46:33.065] [INFO] info - path:/captcha/getCode | method:GET | ua:Mozilla/5.0 (Windows NT 10.0; Win64; x64) AppleWebKit/537.36 (KHTML, like Gecko) Chrome/94.0.4606.81 Safari/537.36
[2021-10-24T22:50:37.467] [INFO] info - path:/captcha/getCode | method:GET | ua:Mozilla/5.0 (Windows NT 10.0; Win64; x64) AppleWebKit/537.36 (KHTML, like Gecko) Chrome/94.0.4606.81 Safari/537.36
[2021-10-24T22:50:39.044] [INFO] info - path:/captcha/getCode | method:GET | ua:Mozilla/5.0 (Windows NT 10.0; Win64; x64) AppleWebKit/537.36 (KHTML, like Gecko) Chrome/94.0.4606.81 Safari/537.36
[2021-10-24T22:50:39.453] [INFO] info - path:/captcha/getCode | method:GET | ua:Mozilla/5.0 (Windows NT 10.0; Win64; x64) AppleWebKit/537.36 (KHTML, like Gecko) Chrome/94.0.4606.81 Safari/537.36
[2021-10-24T22:50:39.650] [INFO] info - path:/captcha/getCode | method:GET | ua:Mozilla/5.0 (Windows NT 10.0; Win64; x64) AppleWebKit/537.36 (KHTML, like Gecko) Chrome/94.0.4606.81 Safari/537.36
[2021-10-24T22:50:39.901] [INFO] info - path:/captcha/getCode | method:GET | ua:Mozilla/5.0 (Windows NT 10.0; Win64; x64) AppleWebKit/537.36 (KHTML, like Gecko) Chrome/94.0.4606.81 Safari/537.36
[2021-10-24T22:51:57.527] [INFO] info - path:/captcha/getCode | method:GET | ua:Mozilla/5.0 (Windows NT 10.0; Win64; x64) AppleWebKit/537.36 (KHTML, like Gecko) Chrome/94.0.4606.81 Safari/537.36
[2021-10-24T22:51:58.243] [INFO] info - path:/captcha/getCode | method:GET | ua:Mozilla/5.0 (Windows NT 10.0; Win64; x64) AppleWebKit/537.36 (KHTML, like Gecko) Chrome/94.0.4606.81 Safari/537.36
[2021-10-24T22:53:00.522] [INFO] info - path:/captcha/getCode | method:GET | ua:Mozilla/5.0 (Windows NT 10.0; Win64; x64) AppleWebKit/537.36 (KHTML, like Gecko) Chrome/94.0.4606.81 Safari/537.36
[2021-10-24T22:53:18.326] [INFO] info - path:/captcha/getCode | method:GET | ua:Mozilla/5.0 (Windows NT 10.0; Win64; x64) AppleWebKit/537.36 (KHTML, like Gecko) Chrome/94.0.4606.81 Safari/537.36
[2021-10-24T22:53:18.384] [INFO] info - path:/favicon.ico | method:GET | ua:Mozilla/5.0 (Windows NT 10.0; Win64; x64) AppleWebKit/537.36 (KHTML, like Gecko) Chrome/94.0.4606.81 Safari/537.36
[2021-10-24T22:53:28.666] [INFO] info - path:/captcha/getCode | method:GET | ua:Mozilla/5.0 (Windows NT 10.0; Win64; x64) AppleWebKit/537.36 (KHTML, like Gecko) Chrome/94.0.4606.81 Safari/537.36
[2021-10-24T22:55:28.464] [INFO] info - path:/captcha/getCode | method:GET | ua:Mozilla/5.0 (Windows NT 10.0; Win64; x64) AppleWebKit/537.36 (KHTML, like Gecko) Chrome/94.0.4606.81 Safari/537.36
[2021-10-24T22:55:38.873] [INFO] info - path:/captcha/getCode | method:GET | ua:Mozilla/5.0 (Windows NT 10.0; Win64; x64) AppleWebKit/537.36 (KHTML, like Gecko) Chrome/94.0.4606.81 Safari/537.36
[2021-10-24T22:55:39.733] [INFO] info - path:/captcha/getCode | method:GET | ua:Mozilla/5.0 (Windows NT 10.0; Win64; x64) AppleWebKit/537.36 (KHTML, like Gecko) Chrome/94.0.4606.81 Safari/537.36
[2021-10-24T22:55:40.073] [INFO] info - path:/captcha/getCode | method:GET | ua:Mozilla/5.0 (Windows NT 10.0; Win64; x64) AppleWebKit/537.36 (KHTML, like Gecko) Chrome/94.0.4606.81 Safari/537.36
[2021-10-24T22:55:40.286] [INFO] info - path:/captcha/getCode | method:GET | ua:Mozilla/5.0 (Windows NT 10.0; Win64; x64) AppleWebKit/537.36 (KHTML, like Gecko) Chrome/94.0.4606.81 Safari/537.36
[2021-10-24T22:55:40.498] [INFO] info - path:/captcha/getCode | method:GET | ua:Mozilla/5.0 (Windows NT 10.0; Win64; x64) AppleWebKit/537.36 (KHTML, like Gecko) Chrome/94.0.4606.81 Safari/537.36
[2021-10-24T22:56:07.767] [INFO] info - path:/captcha/getCode | method:GET | ua:Mozilla/5.0 (Windows NT 10.0; Win64; x64) AppleWebKit/537.36 (KHTML, like Gecko) Chrome/94.0.4606.81 Safari/537.36
[2021-10-24T22:56:25.580] [INFO] info - path:/captcha/getCode | method:GET | ua:Mozilla/5.0 (Windows NT 10.0; Win64; x64) AppleWebKit/537.36 (KHTML, like Gecko) Chrome/94.0.4606.81 Safari/537.36
[2021-10-24T22:56:26.256] [INFO] info - path:/captcha/getCode | method:GET | ua:Mozilla/5.0 (Windows NT 10.0; Win64; x64) AppleWebKit/537.36 (KHTML, like Gecko) Chrome/94.0.4606.81 Safari/537.36
[2021-10-24T22:56:26.461] [INFO] info - path:/captcha/getCode | method:GET | ua:Mozilla/5.0 (Windows NT 10.0; Win64; x64) AppleWebKit/537.36 (KHTML, like Gecko) Chrome/94.0.4606.81 Safari/537.36
[2021-10-24T22:56:28.505] [INFO] info - path:/captcha/getCode | method:GET | ua:Mozilla/5.0 (Windows NT 10.0; Win64; x64) AppleWebKit/537.36 (KHTML, like Gecko) Chrome/94.0.4606.81 Safari/537.36
[2021-10-24T23:01:49.396] [INFO] info - path:/captcha/getCode | method:GET | ua:Mozilla/5.0 (Windows NT 10.0; Win64; x64) AppleWebKit/537.36 (KHTML, like Gecko) Chrome/94.0.4606.81 Safari/537.36
[2021-10-24T23:01:50.935] [INFO] info - path:/captcha/getCode | method:GET | ua:Mozilla/5.0 (Windows NT 10.0; Win64; x64) AppleWebKit/537.36 (KHTML, like Gecko) Chrome/94.0.4606.81 Safari/537.36
[2021-10-24T23:03:37.792] [INFO] info - path:/captcha/getCode | method:GET | ua:Mozilla/5.0 (Windows NT 10.0; Win64; x64) AppleWebKit/537.36 (KHTML, like Gecko) Chrome/94.0.4606.81 Safari/537.36
[2021-10-24T23:03:41.233] [INFO] info - path:/captcha/getCode | method:GET | ua:Mozilla/5.0 (Windows NT 10.0; Win64; x64) AppleWebKit/537.36 (KHTML, like Gecko) Chrome/94.0.4606.81 Safari/537.36
[2021-10-24T23:04:15.400] [INFO] info - path:/captcha/getCode | method:GET | ua:Mozilla/5.0 (Windows NT 10.0; Win64; x64) AppleWebKit/537.36 (KHTML, like Gecko) Chrome/95.0.4638.54 Safari/537.36 Edg/95.0.1020.30
[2021-10-24T23:04:15.485] [INFO] info - path:/favicon.ico | method:GET | ua:Mozilla/5.0 (Windows NT 10.0; Win64; x64) AppleWebKit/537.36 (KHTML, like Gecko) Chrome/95.0.4638.54 Safari/537.36 Edg/95.0.1020.30
[2021-10-24T23:06:55.839] [INFO] info - path:/captcha/getCode | method:GET | ua:Mozilla/5.0 (Windows NT 10.0; Win64; x64) AppleWebKit/537.36 (KHTML, like Gecko) Chrome/95.0.4638.54 Safari/537.36 Edg/95.0.1020.30
[2021-10-24T23:06:58.634] [INFO] info - path:/captcha/getCode | method:GET | ua:Mozilla/5.0 (Windows NT 10.0; Win64; x64) AppleWebKit/537.36 (KHTML, like Gecko) Chrome/95.0.4638.54 Safari/537.36 Edg/95.0.1020.30
[2021-10-24T23:06:59.248] [INFO] info - path:/captcha/getCode | method:GET | ua:Mozilla/5.0 (Windows NT 10.0; Win64; x64) AppleWebKit/537.36 (KHTML, like Gecko) Chrome/95.0.4638.54 Safari/537.36 Edg/95.0.1020.30
[2021-10-24T23:07:22.404] [INFO] info - path:/captcha/getCode | method:GET | ua:Mozilla/5.0 (Windows NT 10.0; Win64; x64) AppleWebKit/537.36 (KHTML, like Gecko) Chrome/95.0.4638.54 Safari/537.36 Edg/95.0.1020.30
[2021-10-24T23:07:22.912] [INFO] info - path:/captcha/getCode | method:GET | ua:Mozilla/5.0 (Windows NT 10.0; Win64; x64) AppleWebKit/537.36 (KHTML, like Gecko) Chrome/95.0.4638.54 Safari/537.36 Edg/95.0.1020.30
[2021-10-24T23:07:23.117] [INFO] info - path:/captcha/getCode | method:GET | ua:Mozilla/5.0 (Windows NT 10.0; Win64; x64) AppleWebKit/537.36 (KHTML, like Gecko) Chrome/95.0.4638.54 Safari/537.36 Edg/95.0.1020.30
[2021-10-24T23:07:23.298] [INFO] info - path:/captcha/getCode | method:GET | ua:Mozilla/5.0 (Windows NT 10.0; Win64; x64) AppleWebKit/537.36 (KHTML, like Gecko) Chrome/95.0.4638.54 Safari/537.36 Edg/95.0.1020.30
[2021-10-24T23:08:31.236] [INFO] info - path:/captcha/getCode | method:GET | ua:Mozilla/5.0 (Windows NT 10.0; Win64; x64) AppleWebKit/537.36 (KHTML, like Gecko) Chrome/95.0.4638.54 Safari/537.36 Edg/95.0.1020.30
[2021-10-24T23:08:31.714] [INFO] info - path:/captcha/getCode | method:GET | ua:Mozilla/5.0 (Windows NT 10.0; Win64; x64) AppleWebKit/537.36 (KHTML, like Gecko) Chrome/95.0.4638.54 Safari/537.36 Edg/95.0.1020.30
[2021-10-24T23:08:56.202] [INFO] info - path:/captcha/getCode | method:GET | ua:Mozilla/5.0 (Windows NT 10.0; Win64; x64) AppleWebKit/537.36 (KHTML, like Gecko) Chrome/95.0.4638.54 Safari/537.36 Edg/95.0.1020.30
[2021-10-24T23:11:37.809] [INFO] info - path:/captcha/getCode | method:GET | ua:Mozilla/5.0 (Windows NT 10.0; Win64; x64) AppleWebKit/537.36 (KHTML, like Gecko) Chrome/94.0.4606.81 Safari/537.36
[2021-10-24T23:11:38.450] [INFO] info - path:/captcha/getCode | method:GET | ua:Mozilla/5.0 (Windows NT 10.0; Win64; x64) AppleWebKit/537.36 (KHTML, like Gecko) Chrome/94.0.4606.81 Safari/537.36
[2021-10-24T23:11:38.662] [INFO] info - path:/captcha/getCode | method:GET | ua:Mozilla/5.0 (Windows NT 10.0; Win64; x64) AppleWebKit/537.36 (KHTML, like Gecko) Chrome/94.0.4606.81 Safari/537.36
[2021-10-24T23:11:38.846] [INFO] info - path:/captcha/getCode | method:GET | ua:Mozilla/5.0 (Windows NT 10.0; Win64; x64) AppleWebKit/537.36 (KHTML, like Gecko) Chrome/94.0.4606.81 Safari/537.36
[2021-10-24T23:11:39.031] [INFO] info - path:/captcha/getCode | method:GET | ua:Mozilla/5.0 (Windows NT 10.0; Win64; x64) AppleWebKit/537.36 (KHTML, like Gecko) Chrome/94.0.4606.81 Safari/537.36
[2021-10-24T23:11:39.197] [INFO] info - path:/captcha/getCode | method:GET | ua:Mozilla/5.0 (Windows NT 10.0; Win64; x64) AppleWebKit/537.36 (KHTML, like Gecko) Chrome/94.0.4606.81 Safari/537.36
