[2021-10-22T01:39:36.633] [INFO] info - path:/user/login | method:GET | ua:Mozilla/5.0 (Windows NT 10.0; Win64; x64; rv:76.0) Gecko/20100101 Firefox/76.0
[2021-10-22T01:39:36.678] [INFO] info - path:/user/login | method:GET | ua:Mozilla/5.0 (Windows NT 10.0; Win64; x64; rv:76.0) Gecko/20100101 Firefox/76.0
[2021-10-22T01:39:54.394] [INFO] info - path:/ | method:GET | ua:Mozilla/5.0 (Windows NT 10.0; Win64; x64; rv:76.0) Gecko/20100101 Firefox/76.0
[2021-10-22T01:39:54.436] [INFO] info - path:/ | method:GET | ua:Mozilla/5.0 (Windows NT 10.0; Win64; x64; rv:76.0) Gecko/20100101 Firefox/76.0
[2021-10-22T09:38:23.084] [INFO] info - path:/user/register | method:POST | ua:PostmanRuntime/7.28.4
[2021-10-22T09:38:26.209] [INFO] info - path:/user/register | method:POST | ua:PostmanRuntime/7.28.4
[2021-10-22T09:38:32.914] [INFO] info - path:/user/register | method:POST | ua:PostmanRuntime/7.28.4
[2021-10-22T09:38:36.720] [INFO] info - path:/user/register | method:POST | ua:PostmanRuntime/7.28.4
[2021-10-22T09:38:45.999] [INFO] info - path:/user/register | method:POST | ua:PostmanRuntime/7.28.4
[2021-10-22T09:38:52.808] [INFO] info - path:/user/register | method:POST | ua:PostmanRuntime/7.28.4
[2021-10-22T09:38:55.471] [INFO] info - path:/user/register | method:POST | ua:PostmanRuntime/7.28.4
[2021-10-22T09:38:58.558] [INFO] info - path:/user/register | method:POST | ua:PostmanRuntime/7.28.4
[2021-10-22T09:39:00.862] [INFO] info - path:/user/register | method:POST | ua:PostmanRuntime/7.28.4
[2021-10-22T09:51:59.495] [INFO] info - path:/user/register | method:POST | ua:PostmanRuntime/7.28.4
[2021-10-22T09:52:01.563] [INFO] info - path:/user/register | method:POST | ua:PostmanRuntime/7.28.4
[2021-10-22T09:52:13.405] [INFO] info - path:/user/register | method:POST | ua:PostmanRuntime/7.28.4
[2021-10-22T09:52:51.724] [INFO] info - path:/user/register | method:POST | ua:PostmanRuntime/7.28.4
[2021-10-22T09:54:01.722] [INFO] info - path:/user/register | method:POST | ua:PostmanRuntime/7.28.4
[2021-10-22T09:54:04.027] [INFO] info - path:/user/register | method:POST | ua:PostmanRuntime/7.28.4
[2021-10-22T09:54:47.862] [INFO] info - path:/user/register | method:POST | ua:PostmanRuntime/7.28.4
[2021-10-22T09:54:49.409] [INFO] info - path:/user/register | method:POST | ua:PostmanRuntime/7.28.4
[2021-10-22T09:55:25.731] [INFO] info - path:/user/register | method:POST | ua:PostmanRuntime/7.28.4
[2021-10-22T09:55:27.774] [INFO] info - path:/user/register | method:POST | ua:PostmanRuntime/7.28.4
[2021-10-22T09:56:27.651] [INFO] info - path:/user/register | method:POST | ua:PostmanRuntime/7.28.4
[2021-10-22T09:56:28.934] [INFO] info - path:/user/register | method:POST | ua:PostmanRuntime/7.28.4
[2021-10-22T09:57:17.443] [INFO] info - path:/user/register | method:POST | ua:PostmanRuntime/7.28.4
[2021-10-22T09:57:32.628] [INFO] info - path:/user/register | method:POST | ua:PostmanRuntime/7.28.4
[2021-10-22T10:09:45.086] [INFO] info - path:/user/register | method:POST | ua:PostmanRuntime/7.28.4
[2021-10-22T10:09:46.371] [INFO] info - path:/user/register | method:POST | ua:PostmanRuntime/7.28.4
[2021-10-22T10:12:08.832] [INFO] info - path:/user/register | method:POST | ua:PostmanRuntime/7.28.4
[2021-10-22T10:12:10.436] [INFO] info - path:/user/register | method:POST | ua:PostmanRuntime/7.28.4
[2021-10-22T10:17:31.001] [INFO] info - path:/user/register | method:POST | ua:PostmanRuntime/7.28.4
[2021-10-22T10:17:32.413] [INFO] info - path:/user/register | method:POST | ua:PostmanRuntime/7.28.4
[2021-10-22T10:18:00.035] [INFO] info - path:/user/register | method:POST | ua:PostmanRuntime/7.28.4
[2021-10-22T10:18:01.522] [INFO] info - path:/user/register | method:POST | ua:PostmanRuntime/7.28.4
[2021-10-22T10:19:06.838] [INFO] info - path:/user/register | method:POST | ua:PostmanRuntime/7.28.4
[2021-10-22T10:19:08.229] [INFO] info - path:/user/register | method:POST | ua:PostmanRuntime/7.28.4
[2021-10-22T10:19:51.634] [INFO] info - path:/user/register | method:POST | ua:PostmanRuntime/7.28.4
[2021-10-22T10:19:52.730] [INFO] info - path:/user/register | method:POST | ua:PostmanRuntime/7.28.4
[2021-10-22T10:23:48.682] [INFO] info - path:/user/register | method:POST | ua:PostmanRuntime/7.28.4
[2021-10-22T10:23:49.748] [INFO] info - path:/user/register | method:POST | ua:PostmanRuntime/7.28.4
[2021-10-22T10:24:54.696] [INFO] info - path:/user/register | method:POST | ua:PostmanRuntime/7.28.4
[2021-10-22T10:25:45.025] [INFO] info - path:/user/register | method:POST | ua:PostmanRuntime/7.28.4
[2021-10-22T10:26:46.824] [INFO] info - path:/user/register | method:POST | ua:PostmanRuntime/7.28.4
[2021-10-22T10:26:49.276] [INFO] info - path:/user/register | method:POST | ua:PostmanRuntime/7.28.4
[2021-10-22T10:27:40.504] [INFO] info - path:/user/register | method:POST | ua:PostmanRuntime/7.28.4
[2021-10-22T10:27:51.899] [INFO] info - path:/user/register | method:POST | ua:PostmanRuntime/7.28.4
[2021-10-22T10:27:54.413] [INFO] info - path:/user/register | method:POST | ua:PostmanRuntime/7.28.4
[2021-10-22T10:30:37.835] [INFO] info - path:/user/register | method:POST | ua:PostmanRuntime/7.28.4
[2021-10-22T10:30:40.410] [INFO] info - path:/user/register | method:POST | ua:PostmanRuntime/7.28.4
[2021-10-22T10:31:20.707] [INFO] info - path:/user/register | method:POST | ua:PostmanRuntime/7.28.4
[2021-10-22T10:31:21.962] [INFO] info - path:/user/register | method:POST | ua:PostmanRuntime/7.28.4
[2021-10-22T10:31:38.691] [INFO] info - path:/user/register | method:POST | ua:PostmanRuntime/7.28.4
[2021-10-22T10:31:40.002] [INFO] info - path:/user/register | method:POST | ua:PostmanRuntime/7.28.4
[2021-10-22T10:32:03.280] [INFO] info - path:/user/register | method:POST | ua:PostmanRuntime/7.28.4
[2021-10-22T10:32:04.612] [INFO] info - path:/user/register | method:POST | ua:PostmanRuntime/7.28.4
[2021-10-22T10:32:11.700] [INFO] info - path:/user/register | method:POST | ua:PostmanRuntime/7.28.4
[2021-10-22T10:32:15.772] [INFO] info - path:/user/register | method:POST | ua:PostmanRuntime/7.28.4
[2021-10-22T10:32:19.272] [INFO] info - path:/user/register | method:POST | ua:PostmanRuntime/7.28.4
[2021-10-22T10:33:36.844] [INFO] info - path:/user/register | method:POST | ua:PostmanRuntime/7.28.4
[2021-10-22T10:33:39.758] [INFO] info - path:/user/register | method:POST | ua:PostmanRuntime/7.28.4
[2021-10-22T10:33:51.273] [INFO] info - path:/user/register | method:POST | ua:PostmanRuntime/7.28.4
[2021-10-22T10:33:54.821] [INFO] info - path:/user/register | method:POST | ua:PostmanRuntime/7.28.4
[2021-10-22T10:33:58.136] [INFO] info - path:/user/register | method:POST | ua:PostmanRuntime/7.28.4
[2021-10-22T10:34:02.157] [INFO] info - path:/user/register | method:POST | ua:PostmanRuntime/7.28.4
[2021-10-22T10:34:05.224] [INFO] info - path:/user/register | method:POST | ua:PostmanRuntime/7.28.4
[2021-10-22T10:34:12.186] [INFO] info - path:/user/register | method:POST | ua:PostmanRuntime/7.28.4
[2021-10-22T10:35:29.137] [INFO] info - path:/user/register | method:POST | ua:PostmanRuntime/7.28.4
[2021-10-22T10:35:30.765] [INFO] info - path:/user/register | method:POST | ua:PostmanRuntime/7.28.4
[2021-10-22T10:35:33.665] [INFO] info - path:/user/register | method:POST | ua:PostmanRuntime/7.28.4
[2021-10-22T10:35:36.151] [INFO] info - path:/user/register | method:POST | ua:PostmanRuntime/7.28.4
[2021-10-22T10:35:41.806] [INFO] info - path:/user/register | method:POST | ua:PostmanRuntime/7.28.4
[2021-10-22T10:35:43.979] [INFO] info - path:/user/register | method:POST | ua:PostmanRuntime/7.28.4
[2021-10-22T10:35:50.709] [INFO] info - path:/user/register | method:POST | ua:PostmanRuntime/7.28.4
[2021-10-22T10:35:52.946] [INFO] info - path:/user/register | method:POST | ua:PostmanRuntime/7.28.4
[2021-10-22T10:46:26.902] [INFO] info - path:/user/register | method:POST | ua:PostmanRuntime/7.28.4
[2021-10-22T10:47:24.544] [INFO] info - path:/user/register | method:POST | ua:PostmanRuntime/7.28.4
[2021-10-22T10:48:17.709] [INFO] info - path:/user/register | method:POST | ua:PostmanRuntime/7.28.4
[2021-10-22T10:48:20.125] [INFO] info - path:/user/register | method:POST | ua:PostmanRuntime/7.28.4
[2021-10-22T10:49:10.463] [INFO] info - path:/user/register | method:POST | ua:PostmanRuntime/7.28.4
[2021-10-22T10:49:11.356] [INFO] info - path:/user/register | method:POST | ua:PostmanRuntime/7.28.4
[2021-10-22T10:49:25.283] [INFO] info - path:/user/register | method:POST | ua:PostmanRuntime/7.28.4
[2021-10-22T10:52:08.705] [INFO] info - path:/user/register | method:POST | ua:PostmanRuntime/7.28.4
[2021-10-22T10:52:45.618] [INFO] info - path:/user/register | method:POST | ua:PostmanRuntime/7.28.4
[2021-10-22T10:54:31.478] [INFO] info - path:/user/register | method:POST | ua:PostmanRuntime/7.28.4
[2021-10-22T10:54:36.131] [INFO] info - path:/user/register | method:POST | ua:PostmanRuntime/7.28.4
[2021-10-22T10:55:21.170] [INFO] info - path:/user/register | method:POST | ua:PostmanRuntime/7.28.4
[2021-10-22T10:55:22.300] [INFO] info - path:/user/register | method:POST | ua:PostmanRuntime/7.28.4
[2021-10-22T10:56:04.656] [INFO] info - path:/user/register | method:POST | ua:PostmanRuntime/7.28.4
[2021-10-22T10:58:17.110] [INFO] info - path:/user/register | method:POST | ua:PostmanRuntime/7.28.4
[2021-10-22T10:59:38.602] [INFO] info - path:/user/register | method:POST | ua:PostmanRuntime/7.28.4
[2021-10-22T10:59:39.682] [INFO] info - path:/user/register | method:POST | ua:PostmanRuntime/7.28.4
[2021-10-22T11:00:08.987] [INFO] info - path:/user/register | method:POST | ua:PostmanRuntime/7.28.4
[2021-10-22T11:01:19.148] [INFO] info - path:/user/register | method:POST | ua:PostmanRuntime/7.28.4
[2021-10-22T11:01:21.439] [INFO] info - path:/user/register | method:POST | ua:PostmanRuntime/7.28.4
[2021-10-22T11:02:43.105] [INFO] info - path:/user/register | method:POST | ua:PostmanRuntime/7.28.4
[2021-10-22T11:02:44.923] [INFO] info - path:/user/register | method:POST | ua:PostmanRuntime/7.28.4
[2021-10-22T11:03:05.937] [INFO] info - path:/user/register | method:POST | ua:PostmanRuntime/7.28.4
[2021-10-22T11:03:07.504] [INFO] info - path:/user/register | method:POST | ua:PostmanRuntime/7.28.4
[2021-10-22T11:03:22.930] [INFO] info - path:/user/register | method:POST | ua:PostmanRuntime/7.28.4
[2021-10-22T11:03:24.429] [INFO] info - path:/user/register | method:POST | ua:PostmanRuntime/7.28.4
[2021-10-22T11:03:27.229] [INFO] info - path:/user/register | method:POST | ua:PostmanRuntime/7.28.4
[2021-10-22T11:03:39.352] [INFO] info - path:/user/register | method:POST | ua:PostmanRuntime/7.28.4
[2021-10-22T11:03:41.022] [INFO] info - path:/user/register | method:POST | ua:PostmanRuntime/7.28.4
[2021-10-22T11:04:03.828] [INFO] info - path:/user/register | method:POST | ua:PostmanRuntime/7.28.4
[2021-10-22T11:05:09.765] [INFO] info - path:/user/register | method:POST | ua:PostmanRuntime/7.28.4
[2021-10-22T11:06:27.616] [INFO] info - path:/user/register | method:POST | ua:PostmanRuntime/7.28.4
[2021-10-22T11:07:58.774] [INFO] info - path:/user/register | method:POST | ua:PostmanRuntime/7.28.4
[2021-10-22T11:10:09.776] [INFO] info - path:/user/register | method:POST | ua:PostmanRuntime/7.28.4
[2021-10-22T11:11:21.568] [INFO] info - path:/user/register | method:POST | ua:PostmanRuntime/7.28.4
[2021-10-22T11:12:07.076] [INFO] info - path:/user/register | method:POST | ua:PostmanRuntime/7.28.4
[2021-10-22T11:12:33.593] [INFO] info - path:/user/register | method:POST | ua:PostmanRuntime/7.28.4
[2021-10-22T11:14:22.331] [INFO] info - path:/user/register | method:POST | ua:PostmanRuntime/7.28.4
[2021-10-22T11:15:04.711] [INFO] info - path:/user/register | method:POST | ua:PostmanRuntime/7.28.4
[2021-10-22T11:15:18.708] [INFO] info - path:/user/register | method:POST | ua:PostmanRuntime/7.28.4
[2021-10-22T11:16:33.579] [INFO] info - path:/user/register | method:POST | ua:PostmanRuntime/7.28.4
[2021-10-22T11:17:52.352] [INFO] info - path:/user/register | method:POST | ua:PostmanRuntime/7.28.4
[2021-10-22T11:18:00.183] [INFO] info - path:/user/register | method:POST | ua:PostmanRuntime/7.28.4
[2021-10-22T11:24:28.876] [INFO] info - path:/user/register | method:POST | ua:PostmanRuntime/7.28.4
[2021-10-22T11:24:30.913] [INFO] info - path:/user/register | method:POST | ua:PostmanRuntime/7.28.4
[2021-10-22T11:25:09.741] [INFO] info - path:/user/register | method:POST | ua:PostmanRuntime/7.28.4
[2021-10-22T11:25:11.596] [INFO] info - path:/user/register | method:POST | ua:PostmanRuntime/7.28.4
[2021-10-22T11:26:06.740] [INFO] info - path:/user/register | method:POST | ua:PostmanRuntime/7.28.4
[2021-10-22T11:26:07.905] [INFO] info - path:/user/register | method:POST | ua:PostmanRuntime/7.28.4
[2021-10-22T11:26:46.604] [INFO] info - path:/user/register | method:POST | ua:PostmanRuntime/7.28.4
[2021-10-22T11:26:48.774] [INFO] info - path:/user/register | method:POST | ua:PostmanRuntime/7.28.4
[2021-10-22T11:28:17.854] [INFO] info - path:/user/register | method:POST | ua:PostmanRuntime/7.28.4
[2021-10-22T11:28:19.269] [INFO] info - path:/user/register | method:POST | ua:PostmanRuntime/7.28.4
[2021-10-22T11:31:18.149] [INFO] info - path:/user/register | method:POST | ua:PostmanRuntime/7.28.4
[2021-10-22T11:31:20.134] [INFO] info - path:/user/register | method:POST | ua:PostmanRuntime/7.28.4
[2021-10-22T11:32:47.105] [INFO] info - path:/user/register | method:POST | ua:PostmanRuntime/7.28.4
[2021-10-22T11:32:48.733] [INFO] info - path:/user/register | method:POST | ua:PostmanRuntime/7.28.4
[2021-10-22T11:50:30.210] [INFO] info - path:/user/register | method:POST | ua:PostmanRuntime/7.28.4
[2021-10-22T11:52:00.589] [INFO] info - path:/user/register | method:POST | ua:PostmanRuntime/7.28.4
[2021-10-22T11:52:23.006] [INFO] info - path:/user/register | method:POST | ua:PostmanRuntime/7.28.4
[2021-10-22T11:58:16.588] [INFO] info - path:/user/register | method:POST | ua:PostmanRuntime/7.28.4
[2021-10-22T12:00:23.628] [INFO] info - path:/user/login | method:POST | ua:PostmanRuntime/7.28.4
[2021-10-22T12:00:53.355] [INFO] info - path:/user/login | method:POST | ua:PostmanRuntime/7.28.4
[2021-10-22T12:01:27.795] [INFO] info - path:/user/login | method:POST | ua:PostmanRuntime/7.28.4
[2021-10-22T12:01:30.412] [INFO] info - path:/user/register | method:POST | ua:PostmanRuntime/7.28.4
[2021-10-22T14:25:11.769] [INFO] info - path:/user/login | method:POST | ua:PostmanRuntime/7.28.4
[2021-10-22T14:25:34.212] [INFO] info - path:/user/login | method:POST | ua:PostmanRuntime/7.28.4
[2021-10-22T14:25:44.057] [INFO] info - path:/user/register | method:POST | ua:PostmanRuntime/7.28.4
[2021-10-22T14:25:48.901] [INFO] info - path:/user/login | method:POST | ua:PostmanRuntime/7.28.4
[2021-10-22T14:25:54.569] [INFO] info - path:/user/login | method:POST | ua:PostmanRuntime/7.28.4
[2021-10-22T14:25:57.591] [INFO] info - path:/user/login | method:POST | ua:PostmanRuntime/7.28.4
[2021-10-22T14:30:18.796] [INFO] info - path:/user/login | method:POST | ua:PostmanRuntime/7.28.4
[2021-10-22T14:30:42.803] [INFO] info - path:/user/login | method:POST | ua:PostmanRuntime/7.28.4
[2021-10-22T14:30:45.135] [INFO] info - path:/user/login | method:POST | ua:PostmanRuntime/7.28.4
[2021-10-22T14:30:48.153] [INFO] info - path:/user/login | method:POST | ua:PostmanRuntime/7.28.4
[2021-10-22T14:31:02.125] [INFO] info - path:/user/login | method:POST | ua:PostmanRuntime/7.28.4
[2021-10-22T14:31:04.342] [INFO] info - path:/user/login | method:POST | ua:PostmanRuntime/7.28.4
[2021-10-22T14:31:06.835] [INFO] info - path:/user/login | method:POST | ua:PostmanRuntime/7.28.4
[2021-10-22T14:32:13.010] [INFO] info - path:/user/login | method:POST | ua:PostmanRuntime/7.28.4
[2021-10-22T14:32:17.063] [INFO] info - path:/user/login | method:POST | ua:PostmanRuntime/7.28.4
[2021-10-22T14:32:19.507] [INFO] info - path:/user/login | method:POST | ua:PostmanRuntime/7.28.4
[2021-10-22T14:32:22.057] [INFO] info - path:/user/login | method:POST | ua:PostmanRuntime/7.28.4
[2021-10-22T14:32:24.101] [INFO] info - path:/user/login | method:POST | ua:PostmanRuntime/7.28.4
[2021-10-22T15:01:44.196] [INFO] info - path:/user/login | method:POST | ua:PostmanRuntime/7.28.4
[2021-10-22T15:01:48.634] [INFO] info - path:/user/login | method:POST | ua:PostmanRuntime/7.28.4
[2021-10-22T15:01:52.302] [INFO] info - path:/user/login | method:POST | ua:PostmanRuntime/7.28.4
[2021-10-22T15:13:14.386] [INFO] info - path:/user/login | method:POST | ua:PostmanRuntime/7.28.4
[2021-10-22T15:13:19.196] [INFO] info - path:/user/login | method:POST | ua:PostmanRuntime/7.28.4
[2021-10-22T15:13:19.974] [INFO] info - path:/user/login | method:POST | ua:PostmanRuntime/7.28.4
[2021-10-22T15:13:20.853] [INFO] info - path:/user/login | method:POST | ua:PostmanRuntime/7.28.4
[2021-10-22T15:13:21.919] [INFO] info - path:/user/login | method:POST | ua:PostmanRuntime/7.28.4
[2021-10-22T15:13:22.947] [INFO] info - path:/user/login | method:POST | ua:PostmanRuntime/7.28.4
[2021-10-22T15:26:16.486] [INFO] info - path:/user/login | method:POST | ua:PostmanRuntime/7.28.4
[2021-10-22T15:26:19.831] [INFO] info - path:/user/login | method:POST | ua:PostmanRuntime/7.28.4
[2021-10-22T15:26:24.909] [INFO] info - path:/user/login | method:POST | ua:PostmanRuntime/7.28.4
[2021-10-22T15:26:27.469] [INFO] info - path:/user/login | method:POST | ua:PostmanRuntime/7.28.4
[2021-10-22T15:26:30.201] [INFO] info - path:/user/login | method:POST | ua:PostmanRuntime/7.28.4
[2021-10-22T15:44:14.931] [INFO] info - path:/user | method:PATCH | ua:PostmanRuntime/7.28.4
[2021-10-22T15:44:47.083] [INFO] info - path:/user | method:PATCH | ua:PostmanRuntime/7.28.4
[2021-10-22T15:45:07.611] [INFO] info - path:/user | method:PATCH | ua:PostmanRuntime/7.28.4
[2021-10-22T15:45:19.606] [INFO] info - path:/user/login | method:POST | ua:PostmanRuntime/7.28.4
[2021-10-22T15:45:38.541] [INFO] info - path:/user | method:PATCH | ua:PostmanRuntime/7.28.4
[2021-10-22T15:46:09.146] [INFO] info - path:/user | method:PATCH | ua:PostmanRuntime/7.28.4
[2021-10-22T15:46:33.638] [INFO] info - path:/user | method:PATCH | ua:PostmanRuntime/7.28.4
[2021-10-22T15:46:51.421] [INFO] info - path:/user | method:PATCH | ua:PostmanRuntime/7.28.4
[2021-10-22T16:06:28.955] [INFO] info - path:/user | method:PATCH | ua:PostmanRuntime/7.28.4
[2021-10-22T16:06:36.629] [INFO] info - path:/user | method:PATCH | ua:PostmanRuntime/7.28.4
[2021-10-22T16:07:05.182] [INFO] info - path:/user | method:PATCH | ua:PostmanRuntime/7.28.4
[2021-10-22T16:07:09.748] [INFO] info - path:/user | method:PATCH | ua:PostmanRuntime/7.28.4
[2021-10-22T16:07:47.882] [INFO] info - path:/user/login | method:POST | ua:PostmanRuntime/7.28.4
[2021-10-22T16:07:55.355] [INFO] info - path:/user | method:PATCH | ua:PostmanRuntime/7.28.4
[2021-10-22T16:08:03.320] [INFO] info - path:/user | method:PATCH | ua:PostmanRuntime/7.28.4
[2021-10-22T16:08:06.078] [INFO] info - path:/user | method:PATCH | ua:PostmanRuntime/7.28.4
[2021-10-22T16:08:10.074] [INFO] info - path:/user | method:PATCH | ua:PostmanRuntime/7.28.4
[2021-10-22T16:09:47.527] [INFO] info - path:/user | method:PATCH | ua:PostmanRuntime/7.28.4
[2021-10-22T16:09:56.927] [INFO] info - path:/user/login | method:POST | ua:PostmanRuntime/7.28.4
[2021-10-22T16:10:03.777] [INFO] info - path:/user | method:PATCH | ua:PostmanRuntime/7.28.4
[2021-10-22T16:11:10.000] [INFO] info - path:/user | method:PATCH | ua:PostmanRuntime/7.28.4
[2021-10-22T16:11:42.992] [INFO] info - path:/user/login | method:POST | ua:PostmanRuntime/7.28.4
[2021-10-22T16:11:46.916] [INFO] info - path:/user/login | method:POST | ua:PostmanRuntime/7.28.4
[2021-10-22T16:12:00.695] [INFO] info - path:/user/login | method:POST | ua:PostmanRuntime/7.28.4
[2021-10-22T16:12:21.190] [INFO] info - path:/user/login | method:POST | ua:PostmanRuntime/7.28.4
[2021-10-22T16:12:28.846] [INFO] info - path:/user | method:PATCH | ua:PostmanRuntime/7.28.4
[2021-10-22T16:12:37.042] [INFO] info - path:/user | method:PATCH | ua:PostmanRuntime/7.28.4
[2021-10-22T16:13:27.880] [INFO] info - path:/user | method:PATCH | ua:PostmanRuntime/7.28.4
[2021-10-22T16:13:31.776] [INFO] info - path:/user/login | method:POST | ua:PostmanRuntime/7.28.4
[2021-10-22T16:13:39.384] [INFO] info - path:/user | method:PATCH | ua:PostmanRuntime/7.28.4
[2021-10-22T16:13:59.117] [INFO] info - path:/user/login | method:POST | ua:PostmanRuntime/7.28.4
[2021-10-22T16:14:07.928] [INFO] info - path:/user | method:PATCH | ua:PostmanRuntime/7.28.4
[2021-10-22T16:14:22.626] [INFO] info - path:/user | method:PATCH | ua:PostmanRuntime/7.28.4
[2021-10-22T16:14:36.318] [INFO] info - path:/user | method:PATCH | ua:PostmanRuntime/7.28.4
[2021-10-22T16:16:03.926] [INFO] info - path:/user | method:PATCH | ua:PostmanRuntime/7.28.4
[2021-10-22T16:16:30.101] [INFO] info - path:/user/register | method:POST | ua:PostmanRuntime/7.28.4
[2021-10-22T16:16:44.474] [INFO] info - path:/user/register | method:POST | ua:PostmanRuntime/7.28.4
[2021-10-22T16:17:02.976] [INFO] info - path:/user/register | method:POST | ua:PostmanRuntime/7.28.4
[2021-10-22T16:17:14.664] [INFO] info - path:/user/register | method:POST | ua:PostmanRuntime/7.28.4
[2021-10-22T16:24:53.144] [INFO] info - path:/user/login | method:POST | ua:PostmanRuntime/7.28.4
[2021-10-22T16:25:12.067] [INFO] info - path:/user/login | method:POST | ua:PostmanRuntime/7.28.4
[2021-10-22T16:25:48.237] [INFO] info - path:/user/login | method:POST | ua:PostmanRuntime/7.28.4
[2021-10-22T16:25:49.450] [INFO] info - path:/user/login | method:POST | ua:PostmanRuntime/7.28.4
[2021-10-22T16:26:57.825] [INFO] info - path:/user | method:PATCH | ua:PostmanRuntime/7.28.4
[2021-10-22T16:28:01.159] [INFO] info - path:/user/login | method:POST | ua:PostmanRuntime/7.28.4
[2021-10-22T16:28:27.857] [INFO] info - path:/user/login | method:POST | ua:PostmanRuntime/7.28.4
[2021-10-22T16:29:06.298] [INFO] info - path:/user/login | method:POST | ua:PostmanRuntime/7.28.4
[2021-10-22T16:29:46.131] [INFO] info - path:/user/login | method:POST | ua:PostmanRuntime/7.28.4
[2021-10-22T16:29:53.083] [INFO] info - path:/user | method:PATCH | ua:PostmanRuntime/7.28.4
[2021-10-22T16:30:17.136] [INFO] info - path:/user | method:PATCH | ua:PostmanRuntime/7.28.4
[2021-10-22T16:38:00.880] [INFO] info - path:/user/login | method:POST | ua:PostmanRuntime/7.28.4
[2021-10-22T16:38:03.431] [INFO] info - path:/user | method:PATCH | ua:PostmanRuntime/7.28.4
[2021-10-22T16:38:07.368] [INFO] info - path:/user | method:PATCH | ua:PostmanRuntime/7.28.4
[2021-10-22T16:39:02.236] [INFO] info - path:/user/login | method:POST | ua:PostmanRuntime/7.28.4
[2021-10-22T16:39:04.114] [INFO] info - path:/user | method:PATCH | ua:PostmanRuntime/7.28.4
[2021-10-22T16:39:10.284] [INFO] info - path:/user | method:PATCH | ua:PostmanRuntime/7.28.4
[2021-10-22T16:39:12.747] [INFO] info - path:/user/login | method:POST | ua:PostmanRuntime/7.28.4
[2021-10-22T16:39:15.067] [INFO] info - path:/user | method:PATCH | ua:PostmanRuntime/7.28.4
[2021-10-22T16:39:22.682] [INFO] info - path:/user | method:PATCH | ua:PostmanRuntime/7.28.4
[2021-10-22T16:39:24.875] [INFO] info - path:/user/login | method:POST | ua:PostmanRuntime/7.28.4
[2021-10-22T16:39:26.799] [INFO] info - path:/user | method:PATCH | ua:PostmanRuntime/7.28.4
[2021-10-22T16:39:28.616] [INFO] info - path:/user | method:PATCH | ua:PostmanRuntime/7.28.4
[2021-10-22T16:39:29.747] [INFO] info - path:/user | method:PATCH | ua:PostmanRuntime/7.28.4
[2021-10-22T16:39:30.428] [INFO] info - path:/user | method:PATCH | ua:PostmanRuntime/7.28.4
[2021-10-22T16:39:31.062] [INFO] info - path:/user | method:PATCH | ua:PostmanRuntime/7.28.4
[2021-10-22T16:39:32.045] [INFO] info - path:/user | method:PATCH | ua:PostmanRuntime/7.28.4
[2021-10-22T16:40:29.300] [INFO] info - path:/user | method:PATCH | ua:PostmanRuntime/7.28.4
[2021-10-22T16:40:31.521] [INFO] info - path:/user/login | method:POST | ua:PostmanRuntime/7.28.4
[2021-10-22T16:40:33.989] [INFO] info - path:/user | method:PATCH | ua:PostmanRuntime/7.28.4
[2021-10-22T16:44:53.049] [INFO] info - path:/user | method:PATCH | ua:PostmanRuntime/7.28.4
[2021-10-22T16:46:55.484] [INFO] info - path:/user | method:PATCH | ua:PostmanRuntime/7.28.4
[2021-10-22T16:50:17.916] [INFO] info - path:/user | method:PATCH | ua:PostmanRuntime/7.28.4
[2021-10-22T16:50:23.116] [INFO] info - path:/user | method:PATCH | ua:PostmanRuntime/7.28.4
[2021-10-22T16:51:44.271] [INFO] info - path:/user | method:PATCH | ua:PostmanRuntime/7.28.4
[2021-10-22T16:52:02.319] [INFO] info - path:/user | method:PATCH | ua:PostmanRuntime/7.28.4
[2021-10-22T16:53:02.499] [INFO] info - path:/user | method:PATCH | ua:PostmanRuntime/7.28.4
[2021-10-22T16:54:17.196] [INFO] info - path:/user | method:PATCH | ua:PostmanRuntime/7.28.4
[2021-10-22T16:54:23.929] [INFO] info - path:/user | method:PATCH | ua:PostmanRuntime/7.28.4
[2021-10-22T16:54:43.808] [INFO] info - path:/user | method:PATCH | ua:PostmanRuntime/7.28.4
[2021-10-22T16:54:49.279] [INFO] info - path:/user | method:PATCH | ua:PostmanRuntime/7.28.4
[2021-10-22T16:56:20.427] [INFO] info - path:/user/register | method:POST | ua:PostmanRuntime/7.28.4
[2021-10-22T16:56:34.333] [INFO] info - path:/user/register | method:POST | ua:PostmanRuntime/7.28.4
[2021-10-22T16:56:57.324] [INFO] info - path:/user/register | method:POST | ua:PostmanRuntime/7.28.4
[2021-10-22T16:57:07.227] [INFO] info - path:/user/register | method:POST | ua:PostmanRuntime/7.28.4
[2021-10-22T17:03:47.972] [INFO] info - path:/user | method:PATCH | ua:PostmanRuntime/7.28.4
[2021-10-22T17:03:51.194] [INFO] info - path:/user | method:PATCH | ua:PostmanRuntime/7.28.4
[2021-10-22T17:03:57.022] [INFO] info - path:/user | method:PATCH | ua:PostmanRuntime/7.28.4
[2021-10-22T17:04:39.399] [INFO] info - path:/user | method:PATCH | ua:PostmanRuntime/7.28.4
[2021-10-22T17:05:29.907] [INFO] info - path:/user | method:PATCH | ua:PostmanRuntime/7.28.4
[2021-10-22T17:05:34.512] [INFO] info - path:/user | method:PATCH | ua:PostmanRuntime/7.28.4
[2021-10-22T17:15:48.984] [INFO] info - path:/user | method:PATCH | ua:PostmanRuntime/7.28.4
[2021-10-22T17:15:55.829] [INFO] info - path:/user/login | method:POST | ua:PostmanRuntime/7.28.4
[2021-10-22T17:15:58.651] [INFO] info - path:/user/login | method:POST | ua:PostmanRuntime/7.28.4
[2021-10-22T17:16:04.702] [INFO] info - path:/user | method:PATCH | ua:PostmanRuntime/7.28.4
[2021-10-22T17:16:07.058] [INFO] info - path:/user/login | method:POST | ua:PostmanRuntime/7.28.4
[2021-10-22T17:16:09.942] [INFO] info - path:/user/login | method:POST | ua:PostmanRuntime/7.28.4
[2021-10-22T17:17:53.332] [INFO] info - path:/user | method:PATCH | ua:PostmanRuntime/7.28.4
[2021-10-22T17:18:47.507] [INFO] info - path:/user | method:PATCH | ua:PostmanRuntime/7.28.4
[2021-10-22T17:19:32.585] [INFO] info - path:/user | method:PATCH | ua:PostmanRuntime/7.28.4
[2021-10-22T17:19:40.019] [INFO] info - path:/user | method:PATCH | ua:PostmanRuntime/7.28.4
[2021-10-22T17:20:04.082] [INFO] info - path:/user | method:PATCH | ua:PostmanRuntime/7.28.4
[2021-10-22T17:22:56.787] [INFO] info - path:/user | method:PATCH | ua:PostmanRuntime/7.28.4
[2021-10-22T17:24:05.398] [INFO] info - path:/user | method:PATCH | ua:PostmanRuntime/7.28.4
[2021-10-22T17:24:46.933] [INFO] info - path:/user | method:PATCH | ua:PostmanRuntime/7.28.4
[2021-10-22T17:25:29.562] [INFO] info - path:/user | method:PATCH | ua:PostmanRuntime/7.28.4
[2021-10-22T17:26:21.255] [INFO] info - path:/user | method:PATCH | ua:PostmanRuntime/7.28.4
[2021-10-22T17:26:35.596] [INFO] info - path:/user | method:PATCH | ua:PostmanRuntime/7.28.4
[2021-10-22T17:27:15.493] [INFO] info - path:/user | method:PATCH | ua:PostmanRuntime/7.28.4
[2021-10-22T17:27:41.310] [INFO] info - path:/user | method:PATCH | ua:PostmanRuntime/7.28.4
[2021-10-22T17:42:07.225] [INFO] info - path:/user | method:PATCH | ua:PostmanRuntime/7.28.4
[2021-10-22T17:42:19.530] [INFO] info - path:/user | method:PATCH | ua:PostmanRuntime/7.28.4
[2021-10-22T17:55:53.375] [INFO] info - path:/user | method:PATCH | ua:PostmanRuntime/7.28.4
[2021-10-22T17:56:00.567] [INFO] info - path:/user | method:PATCH | ua:PostmanRuntime/7.28.4
[2021-10-22T18:05:04.949] [INFO] info - path:/admin | method:GET | ua:PostmanRuntime/7.28.4
[2021-10-22T18:05:07.827] [INFO] info - path:/user | method:GET | ua:PostmanRuntime/7.28.4
[2021-10-22T18:05:11.694] [INFO] info - path:/user | method:PATCH | ua:PostmanRuntime/7.28.4
[2021-10-22T20:51:32.261] [INFO] info - path:/user/login | method:GET | ua:Mozilla/5.0 (X11; Ubuntu; Linux x86_64; rv:36.0) Gecko/20100101 Firefox/36.0
